<?xml version="1.0" encoding="UTF-8" ?>
<testsuite errors="2" failures="0" hostname="EdwinAvalos-PC" name="com.groupc.junit.ResizeTest" skipped="0" tests="2" time="0.249" timestamp="2015-03-22T05:54:20">
  <properties>
[...]
</properties>
  <testcase classname="com.groupc.junit.ResizeTest" name="locationTest" time="0.015">
    <error message="no lwjgl in java.library.path" type="java.lang.UnsatisfiedLinkError">java.lang.UnsatisfiedLinkError: no lwjgl in java.library.path
	at java.lang.ClassLoader.loadLibrary(ClassLoader.java:1865)
	at java.lang.Runtime.loadLibrary0(Runtime.java:870)
	at java.lang.System.loadLibrary(System.java:1119)
	at org.lwjgl.Sys$1.run(Sys.java:73)
	at java.security.AccessController.doPrivileged(Native Method)
	at org.lwjgl.Sys.doLoadLibrary(Sys.java:66)
	at org.lwjgl.Sys.loadLibrary(Sys.java:95)
	at org.lwjgl.Sys.&lt;clinit&gt;(Sys.java:112)
	at org.lwjgl.opengl.Display.&lt;clinit&gt;(Display.java:135)
	at com.groupc.screens.Game1Screen.&lt;init&gt;(Unknown Source)
	at com.groupc.Runner.&lt;init&gt;(Unknown Source)
	at com.groupc.junit.ResizeTest.&lt;init&gt;(Unknown Source)
	at java.lang.reflect.Constructor.newInstance(Constructor.java:408)
</error>
  </testcase>
  <testcase classname="com.groupc.junit.ResizeTest" name="widthHeightTest" time="0.0">
    <error message="Could not initialize class org.lwjgl.opengl.Display" type="java.lang.NoClassDefFoundError">java.lang.NoClassDefFoundError: Could not initialize class org.lwjgl.opengl.Display
	at com.groupc.screens.Game1Screen.&lt;init&gt;(Unknown Source)
	at com.groupc.Runner.&lt;init&gt;(Unknown Source)
	at com.groupc.junit.ResizeTest.&lt;init&gt;(Unknown Source)
	at java.lang.reflect.Constructor.newInstance(Constructor.java:408)
</error>
  </testcase>
  <system-out><![CDATA[]]></system-out>
  <system-err><![CDATA[]]></system-err>
</testsuite>
