<?xml version="1.0" encoding="UTF-8" ?>
<testsuite errors="1" failures="0" hostname="EdwinAvalos-PC" name="com.groupc.junit.ResizeTest" skipped="0" tests="1" time="0.0" timestamp="2015-03-15T20:44:11">
  <properties>
[...]
</properties>
  <testcase classname="com.groupc.junit.ResizeTest" name="unknown" time="0.0">
    <error message="Forked Java VM exited abnormally. Please note the time in the report does not reflect the time until the VM exit." type="junit.framework.AssertionFailedError">junit.framework.AssertionFailedError: Forked Java VM exited abnormally. Please note the time in the report does not reflect the time until the VM exit.
	at org.jacoco.ant.CoverageTask.execute(CoverageTask.java:102)
	at org.eclipse.ant.internal.core.ant.EclipseDefaultExecutor.executeTargets(EclipseDefaultExecutor.java:36)
	at org.eclipse.ant.internal.core.ant.InternalAntRunner.run(InternalAntRunner.java:703)
	at org.eclipse.ant.internal.core.ant.InternalAntRunner.run(InternalAntRunner.java:525)
	at org.eclipse.ant.core.AntRunner.run(AntRunner.java:371)
	at org.eclipse.ant.internal.launching.launchConfigurations.AntLaunchDelegate$1.run(AntLaunchDelegate.java:244)
	at java.lang.Thread.run(Thread.java:745)
</error>
  </testcase>
</testsuite>
