<?xml version="1.0" encoding="UTF-8" ?>
<testsuite errors="1" failures="0" hostname="EdwinAvalos-PC" name="com.groupc.junit.SoundTest" skipped="0" tests="3" time="0.198" timestamp="2015-04-16T22:46:04">
  <properties>
[...]
</properties>
  <testcase classname="com.groupc.junit.SoundTest" name="LoadMusicTest" time="0.062">
    <error message="Resource not found: badfile.txt" type="java.lang.RuntimeException">java.lang.RuntimeException: Resource not found: badfile.txt
	at org.newdawn.slick.util.ResourceLoader.getResource(ResourceLoader.java:115)
	at com.groupc.AudioPlayer.loadSong(Unknown Source)
	at com.groupc.junit.SoundTest.LoadMusicTest(Unknown Source)
</error>
  </testcase>
  <testcase classname="com.groupc.junit.SoundTest" name="WAVfileTypeTest" time="0.055" />
  <testcase classname="com.groupc.junit.SoundTest" name="OGGfileTypeTest" time="0.074" />
  <system-out><![CDATA[OGG
TXT
WAV
OGG
TXT
WAV
]]></system-out>
  <system-err><![CDATA[]]></system-err>
</testsuite>
