<?xml version="1.0" encoding="UTF-8" standalone="yes"?><!DOCTYPE report PUBLIC "-//JACOCO//DTD Report 1.0//EN" "report.dtd"><report name="JaCoCo Ant Example"><sessioninfo id="EdwinAvalos-PC-e44ee043" start="1426636227921" dump="1426636229093"/><sessioninfo id="EdwinAvalos-PC-f3a5118a" start="1426636664773" dump="1426636665993"/><sessioninfo id="EdwinAvalos-PC-6c52d984" start="1426636891119" dump="1426636892291"/><sessioninfo id="EdwinAvalos-PC-96d9d05f" start="1426637550064" dump="1426637551270"/><sessioninfo id="EdwinAvalos-PC-daf007f3" start="1426637778284" dump="1426637779497"/><sessioninfo id="EdwinAvalos-PC-9f3b233f" start="1426638409819" dump="1426638410999"/><sessioninfo id="EdwinAvalos-PC-6866f51" start="1426638576630" dump="1426638577835"/><sessioninfo id="EdwinAvalos-PC-89b535d3" start="1426638729364" dump="1426638730566"/><sessioninfo id="EdwinAvalos-PC-adb13302" start="1426638914459" dump="1426638915686"/><sessioninfo id="EdwinAvalos-PC-2d253311" start="1426639081677" dump="1426639084443"/><sessioninfo id="EdwinAvalos-PC-307916d8" start="1426639438985" dump="1426639440162"/><sessioninfo id="EdwinAvalos-PC-660e55ed" start="1426639576336" dump="1426639577517"/><sessioninfo id="EdwinAvalos-PC-248ce021" start="1426639665738" dump="1426639666911"/><sessioninfo id="EdwinAvalos-PC-45ca0983" start="1426640109344" dump="1426640110531"/><sessioninfo id="EdwinAvalos-PC-71fd839" start="1426650177328" dump="1426650178527"/><sessioninfo id="EdwinAvalos-PC-37491dc" start="1426650204460" dump="1426650205663"/><sessioninfo id="EdwinAvalos-PC-225a6e56" start="1426650355902" dump="1426650357109"/><sessioninfo id="EdwinAvalos-PC-eac4ff79" start="1426650600484" dump="1426650601653"/><sessioninfo id="EdwinAvalos-PC-b9767880" start="1426650669552" dump="1426650670733"/><sessioninfo id="EdwinAvalos-PC-910f3517" start="1426650788113" dump="1426650789316"/><sessioninfo id="EdwinAvalos-PC-6b304e1b" start="1426651172775" dump="1426651173979"/><sessioninfo id="EdwinAvalos-PC-415d1de5" start="1426651216280" dump="1426651229860"/><sessioninfo id="EdwinAvalos-PC-45abf1cf" start="1426651260599" dump="1426651276486"/><sessioninfo id="EdwinAvalos-PC-46447940" start="1426651839486" dump="1426651843180"/><sessioninfo id="EdwinAvalos-PC-84685d72" start="1426652277705" dump="1426652297213"/><sessioninfo id="EdwinAvalos-PC-e1b5a89f" start="1426652461695" dump="1426652463204"/><sessioninfo id="EdwinAvalos-PC-6b73bbbb" start="1426652617879" dump="1426652623101"/><sessioninfo id="EdwinAvalos-PC-c9ab428a" start="1426671533363" dump="1426671535524"/><sessioninfo id="EdwinAvalos-PC-adc65556" start="1426671605990" dump="1426671608784"/><sessioninfo id="EdwinAvalos-PC-58df2bb8" start="1426671958487" dump="1426671960062"/><sessioninfo id="EdwinAvalos-PC-b70c6d3" start="1426672295456" dump="1426672299684"/><sessioninfo id="EdwinAvalos-PC-a4537226" start="1426672665653" dump="1426672673527"/><sessioninfo id="EdwinAvalos-PC-5be449ab" start="1426672996909" dump="1426672998449"/><sessioninfo id="EdwinAvalos-PC-cda8c9c4" start="1426673068255" dump="1426673070011"/><sessioninfo id="EdwinAvalos-PC-f2872463" start="1426673098361" dump="1426673100527"/><sessioninfo id="EdwinAvalos-PC-d95b6d52" start="1426673133137" dump="1426673134967"/><sessioninfo id="EdwinAvalos-PC-e5463a58" start="1426673628128" dump="1426673629964"/><sessioninfo id="EdwinAvalos-PC-c624e117" start="1426673841679" dump="1426673843440"/><sessioninfo id="EdwinAvalos-PC-7e1662dd" start="1426674017575" dump="1426674036993"/><sessioninfo id="EdwinAvalos-PC-d7c09748" start="1426676055506" dump="1426676056968"/><sessioninfo id="EdwinAvalos-PC-badfc7ad" start="1426709718862" dump="1426709756378"/><sessioninfo id="EdwinAvalos-PC-a83d0e20" start="1426710978483" dump="1426711172671"/><sessioninfo id="EdwinAvalos-PC-ff708988" start="1426719450325" dump="1426719452261"/><sessioninfo id="EdwinAvalos-PC-aabaa9b6" start="1426719539548" dump="1426719542212"/><sessioninfo id="EdwinAvalos-PC-89a88abd" start="1426802754816" dump="1426802991946"/><sessioninfo id="EdwinAvalos-PC-f2391969" start="1426889175670" dump="1426889178114"/><sessioninfo id="EdwinAvalos-PC-316ba151" start="1426889312431" dump="1426889314666"/><sessioninfo id="EdwinAvalos-PC-5e49423b" start="1426889879164" dump="1426889881220"/><sessioninfo id="EdwinAvalos-PC-f724dc34" start="1426890343956" dump="1426890346574"/><sessioninfo id="EdwinAvalos-PC-f432d47c" start="1426890422416" dump="1426890424424"/><sessioninfo id="EdwinAvalos-PC-2d0c1f" start="1426890491232" dump="1426890493246"/><sessioninfo id="EdwinAvalos-PC-273d900" start="1426890538915" dump="1426890540712"/><sessioninfo id="EdwinAvalos-PC-4ff8585c" start="1426890643718" dump="1426890650267"/><sessioninfo id="EdwinAvalos-PC-f53fc73c" start="1426890674366" dump="1426890680573"/><sessioninfo id="EdwinAvalos-PC-e389aac1" start="1426890816858" dump="1426890819183"/><package name="com/groupc/game1"><class name="com/groupc/game1/World"><method name="&lt;init&gt;" desc="()V"><counter type="INSTRUCTION" missed="111" covered="0"/><counter type="COMPLEXITY" missed="1" covered="0"/><counter type="METHOD" missed="1" covered="0"/></method><method name="updateSeeds" desc="()V"><counter type="INSTRUCTION" missed="61" covered="0"/><counter type="BRANCH" missed="4" covered="0"/><counter type="COMPLEXITY" missed="3" covered="0"/><counter type="METHOD" missed="1" covered="0"/></method><method name="updatecow" desc="()V"><counter type="INSTRUCTION" missed="41" covered="0"/><counter type="BRANCH" missed="4" covered="0"/><counter type="COMPLEXITY" missed="3" covered="0"/><counter type="METHOD" missed="1" covered="0"/></method><method name="update" desc="(F)V"><counter type="INSTRUCTION" missed="104" covered="0"/><counter type="BRANCH" missed="6" covered="0"/><counter type="COMPLEXITY" missed="4" covered="0"/><counter type="METHOD" missed="1" covered="0"/></method><method name="inputHandling" desc="()V"><counter type="INSTRUCTION" missed="22" covered="0"/><counter type="BRANCH" missed="8" covered="0"/><counter type="COMPLEXITY" missed="5" covered="0"/><counter type="METHOD" missed="1" covered="0"/></method><method name="updateJoey" desc="(F)V"><counter type="INSTRUCTION" missed="29" covered="0"/><counter type="BRANCH" missed="4" covered="0"/><counter type="COMPLEXITY" missed="3" covered="0"/><counter type="METHOD" missed="1" covered="0"/></method><method name="render" desc="()V"><counter type="INSTRUCTION" missed="118" covered="0"/><counter type="BRANCH" missed="12" covered="0"/><counter type="COMPLEXITY" missed="7" covered="0"/><counter type="METHOD" missed="1" covered="0"/></method><method name="renderJoey" desc="()V"><counter type="INSTRUCTION" missed="50" covered="0"/><counter type="BRANCH" missed="8" covered="0"/><counter type="COMPLEXITY" missed="8" covered="0"/><counter type="METHOD" missed="1" covered="0"/></method><method name="renderRamp" desc="()V"><counter type="INSTRUCTION" missed="28" covered="0"/><counter type="COMPLEXITY" missed="1" covered="0"/><counter type="METHOD" missed="1" covered="0"/></method><method name="renderSeeds" desc="()V"><counter type="INSTRUCTION" missed="35" covered="0"/><counter type="BRANCH" missed="2" covered="0"/><counter type="COMPLEXITY" missed="2" covered="0"/><counter type="METHOD" missed="1" covered="0"/></method><method name="rendercow" desc="()V"><counter type="INSTRUCTION" missed="48" covered="0"/><counter type="BRANCH" missed="3" covered="0"/><counter type="COMPLEXITY" missed="3" covered="0"/><counter type="METHOD" missed="1" covered="0"/></method><method name="collision" desc="()V"><counter type="INSTRUCTION" missed="7" covered="0"/><counter type="COMPLEXITY" missed="1" covered="0"/><counter type="METHOD" missed="1" covered="0"/></method><method name="collisionRamp" desc="()V"><counter type="INSTRUCTION" missed="12" covered="0"/><counter type="BRANCH" missed="2" covered="0"/><counter type="COMPLEXITY" missed="2" covered="0"/><counter type="METHOD" missed="1" covered="0"/></method><method name="collisionCow" desc="()V"><counter type="INSTRUCTION" missed="24" covered="0"/><counter type="BRANCH" missed="2" covered="0"/><counter type="COMPLEXITY" missed="2" covered="0"/><counter type="METHOD" missed="1" covered="0"/></method><method name="collisionSeed" desc="()V"><counter type="INSTRUCTION" missed="59" covered="0"/><counter type="BRANCH" missed="4" covered="0"/><counter type="COMPLEXITY" missed="3" covered="0"/><counter type="METHOD" missed="1" covered="0"/></method><method name="present" desc="(F)V"><counter type="INSTRUCTION" missed="3" covered="0"/><counter type="COMPLEXITY" missed="1" covered="0"/><counter type="METHOD" missed="1" covered="0"/></method><method name="pause" desc="()V"><counter type="INSTRUCTION" missed="1" covered="0"/><counter type="COMPLEXITY" missed="1" covered="0"/><counter type="METHOD" missed="1" covered="0"/></method><method name="resume" desc="()V"><counter type="INSTRUCTION" missed="1" covered="0"/><counter type="COMPLEXITY" missed="1" covered="0"/><counter type="METHOD" missed="1" covered="0"/></method><method name="dispose" desc="()V"><counter type="INSTRUCTION" missed="1" covered="0"/><counter type="COMPLEXITY" missed="1" covered="0"/><counter type="METHOD" missed="1" covered="0"/></method><method name="getNext" desc="()Lcom/groupc/game/GameScreen;"><counter type="INSTRUCTION" missed="2" covered="0"/><counter type="COMPLEXITY" missed="1" covered="0"/><counter type="METHOD" missed="1" covered="0"/></method><counter type="INSTRUCTION" missed="757" covered="0"/><counter type="BRANCH" missed="59" covered="0"/><counter type="COMPLEXITY" missed="53" covered="0"/><counter type="METHOD" missed="20" covered="0"/><counter type="CLASS" missed="1" covered="0"/></class><class name="com/groupc/game1/JoeyRooster"><method name="&lt;init&gt;" desc="(FFFI)V"><counter type="INSTRUCTION" missed="0" covered="27"/><counter type="COMPLEXITY" missed="0" covered="1"/><counter type="METHOD" missed="0" covered="1"/></method><method name="update" desc="(F)V"><counter type="INSTRUCTION" missed="114" covered="133"/><counter type="BRANCH" missed="21" covered="17"/><counter type="COMPLEXITY" missed="15" covered="5"/><counter type="METHOD" missed="0" covered="1"/></method><method name="hitRamp" desc="()V"><counter type="INSTRUCTION" missed="0" covered="18"/><counter type="COMPLEXITY" missed="0" covered="1"/><counter type="METHOD" missed="0" covered="1"/></method><method name="flap" desc="()V"><counter type="INSTRUCTION" missed="25" covered="0"/><counter type="BRANCH" missed="6" covered="0"/><counter type="COMPLEXITY" missed="4" covered="0"/><counter type="METHOD" missed="1" covered="0"/></method><method name="hitCow" desc="()V"><counter type="INSTRUCTION" missed="39" covered="0"/><counter type="BRANCH" missed="4" covered="0"/><counter type="COMPLEXITY" missed="3" covered="0"/><counter type="METHOD" missed="1" covered="0"/></method><method name="getState" desc="()I"><counter type="INSTRUCTION" missed="0" covered="3"/><counter type="COMPLEXITY" missed="0" covered="1"/><counter type="METHOD" missed="0" covered="1"/></method><method name="getStateTime" desc="()F"><counter type="INSTRUCTION" missed="3" covered="0"/><counter type="COMPLEXITY" missed="1" covered="0"/><counter type="METHOD" missed="1" covered="0"/></method><method name="getCurrentStatima" desc="()F"><counter type="INSTRUCTION" missed="3" covered="0"/><counter type="COMPLEXITY" missed="1" covered="0"/><counter type="METHOD" missed="1" covered="0"/></method><method name="setState" desc="(I)V"><counter type="INSTRUCTION" missed="4" covered="0"/><counter type="COMPLEXITY" missed="1" covered="0"/><counter type="METHOD" missed="1" covered="0"/></method><counter type="INSTRUCTION" missed="188" covered="181"/><counter type="BRANCH" missed="31" covered="17"/><counter type="COMPLEXITY" missed="25" covered="8"/><counter type="METHOD" missed="5" covered="4"/><counter type="CLASS" missed="0" covered="1"/></class><class name="com/groupc/game1/Seed"><method name="&lt;init&gt;" desc="(FF)V"><counter type="INSTRUCTION" missed="0" covered="7"/><counter type="COMPLEXITY" missed="0" covered="1"/><counter type="METHOD" missed="0" covered="1"/></method><method name="update" desc="()V"><counter type="INSTRUCTION" missed="0" covered="18"/><counter type="COMPLEXITY" missed="0" covered="1"/><counter type="METHOD" missed="0" covered="1"/></method><counter type="INSTRUCTION" missed="0" covered="25"/><counter type="COMPLEXITY" missed="0" covered="2"/><counter type="METHOD" missed="0" covered="2"/><counter type="CLASS" missed="0" covered="1"/></class><class name="com/groupc/game1/Cow"><method name="&lt;init&gt;" desc="(FF)V"><counter type="INSTRUCTION" missed="0" covered="7"/><counter type="COMPLEXITY" missed="0" covered="1"/><counter type="METHOD" missed="0" covered="1"/></method><method name="update" desc="()V"><counter type="INSTRUCTION" missed="0" covered="21"/><counter type="COMPLEXITY" missed="0" covered="1"/><counter type="METHOD" missed="0" covered="1"/></method><method name="hit" desc="()V"><counter type="INSTRUCTION" missed="0" covered="4"/><counter type="COMPLEXITY" missed="0" covered="1"/><counter type="METHOD" missed="0" covered="1"/></method><counter type="INSTRUCTION" missed="0" covered="32"/><counter type="COMPLEXITY" missed="0" covered="3"/><counter type="METHOD" missed="0" covered="3"/><counter type="CLASS" missed="0" covered="1"/></class><class name="com/groupc/game1/Options"><method name="&lt;init&gt;" desc="(Lcom/groupc/game/Camera;)V"><counter type="INSTRUCTION" missed="44" covered="0"/><counter type="COMPLEXITY" missed="1" covered="0"/><counter type="METHOD" missed="1" covered="0"/></method><method name="update" desc="(F)V"><counter type="INSTRUCTION" missed="49" covered="0"/><counter type="BRANCH" missed="14" covered="0"/><counter type="COMPLEXITY" missed="8" covered="0"/><counter type="METHOD" missed="1" covered="0"/></method><method name="present" desc="(F)V"><counter type="INSTRUCTION" missed="49" covered="0"/><counter type="BRANCH" missed="2" covered="0"/><counter type="COMPLEXITY" missed="2" covered="0"/><counter type="METHOD" missed="1" covered="0"/></method><method name="pause" desc="()V"><counter type="INSTRUCTION" missed="1" covered="0"/><counter type="COMPLEXITY" missed="1" covered="0"/><counter type="METHOD" missed="1" covered="0"/></method><method name="resume" desc="()V"><counter type="INSTRUCTION" missed="1" covered="0"/><counter type="COMPLEXITY" missed="1" covered="0"/><counter type="METHOD" missed="1" covered="0"/></method><method name="dispose" desc="()V"><counter type="INSTRUCTION" missed="4" covered="0"/><counter type="COMPLEXITY" missed="1" covered="0"/><counter type="METHOD" missed="1" covered="0"/></method><method name="getNext" desc="()Lcom/groupc/game/GameScreen;"><counter type="INSTRUCTION" missed="4" covered="0"/><counter type="COMPLEXITY" missed="1" covered="0"/><counter type="METHOD" missed="1" covered="0"/></method><counter type="INSTRUCTION" missed="152" covered="0"/><counter type="BRANCH" missed="16" covered="0"/><counter type="COMPLEXITY" missed="15" covered="0"/><counter type="METHOD" missed="7" covered="0"/><counter type="CLASS" missed="1" covered="0"/></class><class name="com/groupc/game1/Ramp"><method name="&lt;init&gt;" desc="(FFF)V"><counter type="INSTRUCTION" missed="0" covered="7"/><counter type="COMPLEXITY" missed="0" covered="1"/><counter type="METHOD" missed="0" covered="1"/></method><counter type="INSTRUCTION" missed="0" covered="7"/><counter type="COMPLEXITY" missed="0" covered="1"/><counter type="METHOD" missed="0" covered="1"/><counter type="CLASS" missed="0" covered="1"/></class><class name="com/groupc/game1/MainMenu"><method name="&lt;init&gt;" desc="()V"><counter type="INSTRUCTION" missed="0" covered="55"/><counter type="COMPLEXITY" missed="0" covered="1"/><counter type="METHOD" missed="0" covered="1"/></method><method name="update" desc="(F)V"><counter type="INSTRUCTION" missed="11" covered="37"/><counter type="BRANCH" missed="3" covered="5"/><counter type="COMPLEXITY" missed="3" covered="2"/><counter type="METHOD" missed="0" covered="1"/></method><method name="present" desc="(F)V"><counter type="INSTRUCTION" missed="0" covered="22"/><counter type="COMPLEXITY" missed="0" covered="1"/><counter type="METHOD" missed="0" covered="1"/></method><method name="pause" desc="()V"><counter type="INSTRUCTION" missed="1" covered="0"/><counter type="COMPLEXITY" missed="1" covered="0"/><counter type="METHOD" missed="1" covered="0"/></method><method name="resume" desc="()V"><counter type="INSTRUCTION" missed="1" covered="0"/><counter type="COMPLEXITY" missed="1" covered="0"/><counter type="METHOD" missed="1" covered="0"/></method><method name="dispose" desc="()V"><counter type="INSTRUCTION" missed="0" covered="4"/><counter type="COMPLEXITY" missed="0" covered="1"/><counter type="METHOD" missed="0" covered="1"/></method><method name="getNext" desc="()Lcom/groupc/game/GameScreen;"><counter type="INSTRUCTION" missed="12" covered="8"/><counter type="BRANCH" missed="3" covered="1"/><counter type="COMPLEXITY" missed="2" covered="1"/><counter type="METHOD" missed="0" covered="1"/></method><counter type="INSTRUCTION" missed="25" covered="126"/><counter type="BRANCH" missed="6" covered="6"/><counter type="COMPLEXITY" missed="7" covered="6"/><counter type="METHOD" missed="2" covered="5"/><counter type="CLASS" missed="0" covered="1"/></class><class name="com/groupc/game1/Assets"><method name="&lt;init&gt;" desc="()V"><counter type="INSTRUCTION" missed="3" covered="0"/><counter type="COMPLEXITY" missed="1" covered="0"/><counter type="METHOD" missed="1" covered="0"/></method><method name="load" desc="()V"><counter type="INSTRUCTION" missed="37" covered="216"/><counter type="BRANCH" missed="1" covered="1"/><counter type="COMPLEXITY" missed="1" covered="1"/><counter type="METHOD" missed="0" covered="1"/></method><method name="save" desc="()V"><counter type="INSTRUCTION" missed="3" covered="13"/><counter type="COMPLEXITY" missed="0" covered="1"/><counter type="METHOD" missed="0" covered="1"/></method><counter type="INSTRUCTION" missed="43" covered="229"/><counter type="BRANCH" missed="1" covered="1"/><counter type="COMPLEXITY" missed="2" covered="2"/><counter type="METHOD" missed="1" covered="2"/><counter type="CLASS" missed="0" covered="1"/></class><counter type="INSTRUCTION" missed="1165" covered="600"/><counter type="BRANCH" missed="113" covered="24"/><counter type="COMPLEXITY" missed="102" covered="22"/><counter type="METHOD" missed="35" covered="17"/><counter type="CLASS" missed="2" covered="6"/></package><package name="com/groupc/screens"><class name="com/groupc/screens/NavigationBar$4"><method name="&lt;init&gt;" desc="(Lcom/groupc/screens/NavigationBar;)V"><counter type="INSTRUCTION" missed="6" covered="0"/><counter type="COMPLEXITY" missed="1" covered="0"/><counter type="METHOD" missed="1" covered="0"/></method><method name="actionPerformed" desc="(Ljava/awt/event/ActionEvent;)V"><counter type="INSTRUCTION" missed="5" covered="0"/><counter type="COMPLEXITY" missed="1" covered="0"/><counter type="METHOD" missed="1" covered="0"/></method><counter type="INSTRUCTION" missed="11" covered="0"/><counter type="COMPLEXITY" missed="2" covered="0"/><counter type="METHOD" missed="2" covered="0"/><counter type="CLASS" missed="1" covered="0"/></class><class name="com/groupc/screens/RecordingScreen"><method name="&lt;init&gt;" desc="(Lcom/groupc/Runner;)V"><counter type="INSTRUCTION" missed="333" covered="0"/><counter type="COMPLEXITY" missed="1" covered="0"/><counter type="METHOD" missed="1" covered="0"/></method><method name="update" desc="(F)V"><counter type="INSTRUCTION" missed="74" covered="0"/><counter type="BRANCH" missed="12" covered="0"/><counter type="COMPLEXITY" missed="7" covered="0"/><counter type="METHOD" missed="1" covered="0"/></method><method name="present" desc="(F)V"><counter type="INSTRUCTION" missed="1" covered="0"/><counter type="COMPLEXITY" missed="1" covered="0"/><counter type="METHOD" missed="1" covered="0"/></method><method name="pause" desc="()V"><counter type="INSTRUCTION" missed="1" covered="0"/><counter type="COMPLEXITY" missed="1" covered="0"/><counter type="METHOD" missed="1" covered="0"/></method><method name="resume" desc="()V"><counter type="INSTRUCTION" missed="1" covered="0"/><counter type="COMPLEXITY" missed="1" covered="0"/><counter type="METHOD" missed="1" covered="0"/></method><method name="dispose" desc="()V"><counter type="INSTRUCTION" missed="1" covered="0"/><counter type="COMPLEXITY" missed="1" covered="0"/><counter type="METHOD" missed="1" covered="0"/></method><counter type="INSTRUCTION" missed="411" covered="0"/><counter type="BRANCH" missed="12" covered="0"/><counter type="COMPLEXITY" missed="12" covered="0"/><counter type="METHOD" missed="6" covered="0"/><counter type="CLASS" missed="1" covered="0"/></class><class name="com/groupc/screens/NavigationBar$2"><method name="&lt;init&gt;" desc="(Lcom/groupc/screens/NavigationBar;)V"><counter type="INSTRUCTION" missed="6" covered="0"/><counter type="COMPLEXITY" missed="1" covered="0"/><counter type="METHOD" missed="1" covered="0"/></method><method name="actionPerformed" desc="(Ljava/awt/event/ActionEvent;)V"><counter type="INSTRUCTION" missed="6" covered="0"/><counter type="COMPLEXITY" missed="1" covered="0"/><counter type="METHOD" missed="1" covered="0"/></method><counter type="INSTRUCTION" missed="12" covered="0"/><counter type="COMPLEXITY" missed="2" covered="0"/><counter type="METHOD" missed="2" covered="0"/><counter type="CLASS" missed="1" covered="0"/></class><class name="com/groupc/screens/NavigationBar$3"><method name="&lt;init&gt;" desc="(Lcom/groupc/screens/NavigationBar;)V"><counter type="INSTRUCTION" missed="6" covered="0"/><counter type="COMPLEXITY" missed="1" covered="0"/><counter type="METHOD" missed="1" covered="0"/></method><method name="actionPerformed" desc="(Ljava/awt/event/ActionEvent;)V"><counter type="INSTRUCTION" missed="6" covered="0"/><counter type="COMPLEXITY" missed="1" covered="0"/><counter type="METHOD" missed="1" covered="0"/></method><counter type="INSTRUCTION" missed="12" covered="0"/><counter type="COMPLEXITY" missed="2" covered="0"/><counter type="METHOD" missed="2" covered="0"/><counter type="CLASS" missed="1" covered="0"/></class><class name="com/groupc/screens/NavigationBar$1"><method name="&lt;init&gt;" desc="(Lcom/groupc/screens/NavigationBar;)V"><counter type="INSTRUCTION" missed="6" covered="0"/><counter type="COMPLEXITY" missed="1" covered="0"/><counter type="METHOD" missed="1" covered="0"/></method><method name="actionPerformed" desc="(Ljava/awt/event/ActionEvent;)V"><counter type="INSTRUCTION" missed="6" covered="0"/><counter type="COMPLEXITY" missed="1" covered="0"/><counter type="METHOD" missed="1" covered="0"/></method><counter type="INSTRUCTION" missed="12" covered="0"/><counter type="COMPLEXITY" missed="2" covered="0"/><counter type="METHOD" missed="2" covered="0"/><counter type="CLASS" missed="1" covered="0"/></class><class name="com/groupc/screens/LoginScreen$4"><method name="&lt;init&gt;" desc="(Lcom/groupc/screens/LoginScreen;)V"><counter type="INSTRUCTION" missed="0" covered="6"/><counter type="COMPLEXITY" missed="0" covered="1"/><counter type="METHOD" missed="0" covered="1"/></method><method name="actionPerformed" desc="(Ljava/awt/event/ActionEvent;)V"><counter type="INSTRUCTION" missed="8" covered="0"/><counter type="COMPLEXITY" missed="1" covered="0"/><counter type="METHOD" missed="1" covered="0"/></method><counter type="INSTRUCTION" missed="8" covered="6"/><counter type="COMPLEXITY" missed="1" covered="1"/><counter type="METHOD" missed="1" covered="1"/><counter type="CLASS" missed="0" covered="1"/></class><class name="com/groupc/screens/ParentControlsScreen$1"><method name="&lt;init&gt;" desc="(Lcom/groupc/screens/ParentControlsScreen;)V"><counter type="INSTRUCTION" missed="6" covered="0"/><counter type="COMPLEXITY" missed="1" covered="0"/><counter type="METHOD" missed="1" covered="0"/></method><method name="componentResized" desc="(Ljava/awt/event/ComponentEvent;)V"><counter type="INSTRUCTION" missed="5" covered="0"/><counter type="COMPLEXITY" missed="1" covered="0"/><counter type="METHOD" missed="1" covered="0"/></method><counter type="INSTRUCTION" missed="11" covered="0"/><counter type="COMPLEXITY" missed="2" covered="0"/><counter type="METHOD" missed="2" covered="0"/><counter type="CLASS" missed="1" covered="0"/></class><class name="com/groupc/screens/ParentControlsScreen$2"><method name="&lt;init&gt;" desc="(Lcom/groupc/screens/ParentControlsScreen;)V"><counter type="INSTRUCTION" missed="6" covered="0"/><counter type="COMPLEXITY" missed="1" covered="0"/><counter type="METHOD" missed="1" covered="0"/></method><method name="actionPerformed" desc="(Ljava/awt/event/ActionEvent;)V"><counter type="INSTRUCTION" missed="4" covered="0"/><counter type="COMPLEXITY" missed="1" covered="0"/><counter type="METHOD" missed="1" covered="0"/></method><counter type="INSTRUCTION" missed="10" covered="0"/><counter type="COMPLEXITY" missed="2" covered="0"/><counter type="METHOD" missed="2" covered="0"/><counter type="CLASS" missed="1" covered="0"/></class><class name="com/groupc/screens/RewardScreen"><method name="&lt;init&gt;" desc="(Lcom/groupc/Runner;)V"><counter type="INSTRUCTION" missed="126" covered="0"/><counter type="COMPLEXITY" missed="1" covered="0"/><counter type="METHOD" missed="1" covered="0"/></method><method name="update" desc="(F)V"><counter type="INSTRUCTION" missed="154" covered="0"/><counter type="BRANCH" missed="14" covered="0"/><counter type="COMPLEXITY" missed="8" covered="0"/><counter type="METHOD" missed="1" covered="0"/></method><method name="present" desc="(F)V"><counter type="INSTRUCTION" missed="1" covered="0"/><counter type="COMPLEXITY" missed="1" covered="0"/><counter type="METHOD" missed="1" covered="0"/></method><method name="pause" desc="()V"><counter type="INSTRUCTION" missed="1" covered="0"/><counter type="COMPLEXITY" missed="1" covered="0"/><counter type="METHOD" missed="1" covered="0"/></method><method name="resume" desc="()V"><counter type="INSTRUCTION" missed="1" covered="0"/><counter type="COMPLEXITY" missed="1" covered="0"/><counter type="METHOD" missed="1" covered="0"/></method><method name="dispose" desc="()V"><counter type="INSTRUCTION" missed="1" covered="0"/><counter type="COMPLEXITY" missed="1" covered="0"/><counter type="METHOD" missed="1" covered="0"/></method><counter type="INSTRUCTION" missed="284" covered="0"/><counter type="BRANCH" missed="14" covered="0"/><counter type="COMPLEXITY" missed="13" covered="0"/><counter type="METHOD" missed="6" covered="0"/><counter type="CLASS" missed="1" covered="0"/></class><class name="com/groupc/screens/TutorialScreen$2"><method name="&lt;init&gt;" desc="(Lcom/groupc/screens/TutorialScreen;)V"><counter type="INSTRUCTION" missed="6" covered="0"/><counter type="COMPLEXITY" missed="1" covered="0"/><counter type="METHOD" missed="1" covered="0"/></method><method name="actionPerformed" desc="(Ljava/awt/event/ActionEvent;)V"><counter type="INSTRUCTION" missed="5" covered="0"/><counter type="COMPLEXITY" missed="1" covered="0"/><counter type="METHOD" missed="1" covered="0"/></method><counter type="INSTRUCTION" missed="11" covered="0"/><counter type="COMPLEXITY" missed="2" covered="0"/><counter type="METHOD" missed="2" covered="0"/><counter type="CLASS" missed="1" covered="0"/></class><class name="com/groupc/screens/RecordingScreen$1"><method name="&lt;init&gt;" desc="(Lcom/groupc/screens/RecordingScreen;)V"><counter type="INSTRUCTION" missed="6" covered="0"/><counter type="COMPLEXITY" missed="1" covered="0"/><counter type="METHOD" missed="1" covered="0"/></method><method name="actionPerformed" desc="(Ljava/awt/event/ActionEvent;)V"><counter type="INSTRUCTION" missed="5" covered="0"/><counter type="COMPLEXITY" missed="1" covered="0"/><counter type="METHOD" missed="1" covered="0"/></method><counter type="INSTRUCTION" missed="11" covered="0"/><counter type="COMPLEXITY" missed="2" covered="0"/><counter type="METHOD" missed="2" covered="0"/><counter type="CLASS" missed="1" covered="0"/></class><class name="com/groupc/screens/TutorialScreen$1"><method name="&lt;init&gt;" desc="(Lcom/groupc/screens/TutorialScreen;)V"><counter type="INSTRUCTION" missed="6" covered="0"/><counter type="COMPLEXITY" missed="1" covered="0"/><counter type="METHOD" missed="1" covered="0"/></method><method name="componentResized" desc="(Ljava/awt/event/ComponentEvent;)V"><counter type="INSTRUCTION" missed="5" covered="0"/><counter type="COMPLEXITY" missed="1" covered="0"/><counter type="METHOD" missed="1" covered="0"/></method><counter type="INSTRUCTION" missed="11" covered="0"/><counter type="COMPLEXITY" missed="2" covered="0"/><counter type="METHOD" missed="2" covered="0"/><counter type="CLASS" missed="1" covered="0"/></class><class name="com/groupc/screens/ParentControlsScreen$3"><method name="&lt;init&gt;" desc="(Lcom/groupc/screens/ParentControlsScreen;)V"><counter type="INSTRUCTION" missed="6" covered="0"/><counter type="COMPLEXITY" missed="1" covered="0"/><counter type="METHOD" missed="1" covered="0"/></method><method name="actionPerformed" desc="(Ljava/awt/event/ActionEvent;)V"><counter type="INSTRUCTION" missed="5" covered="0"/><counter type="COMPLEXITY" missed="1" covered="0"/><counter type="METHOD" missed="1" covered="0"/></method><counter type="INSTRUCTION" missed="11" covered="0"/><counter type="COMPLEXITY" missed="2" covered="0"/><counter type="METHOD" missed="2" covered="0"/><counter type="CLASS" missed="1" covered="0"/></class><class name="com/groupc/screens/RecordingScreen$2"><method name="&lt;init&gt;" desc="(Lcom/groupc/screens/RecordingScreen;)V"><counter type="INSTRUCTION" missed="6" covered="0"/><counter type="COMPLEXITY" missed="1" covered="0"/><counter type="METHOD" missed="1" covered="0"/></method><method name="actionPerformed" desc="(Ljava/awt/event/ActionEvent;)V"><counter type="INSTRUCTION" missed="5" covered="0"/><counter type="COMPLEXITY" missed="1" covered="0"/><counter type="METHOD" missed="1" covered="0"/></method><counter type="INSTRUCTION" missed="11" covered="0"/><counter type="COMPLEXITY" missed="2" covered="0"/><counter type="METHOD" missed="2" covered="0"/><counter type="CLASS" missed="1" covered="0"/></class><class name="com/groupc/screens/ParentControlsScreen$4"><method name="&lt;init&gt;" desc="(Lcom/groupc/screens/ParentControlsScreen;)V"><counter type="INSTRUCTION" missed="6" covered="0"/><counter type="COMPLEXITY" missed="1" covered="0"/><counter type="METHOD" missed="1" covered="0"/></method><method name="actionPerformed" desc="(Ljava/awt/event/ActionEvent;)V"><counter type="INSTRUCTION" missed="5" covered="0"/><counter type="COMPLEXITY" missed="1" covered="0"/><counter type="METHOD" missed="1" covered="0"/></method><counter type="INSTRUCTION" missed="11" covered="0"/><counter type="COMPLEXITY" missed="2" covered="0"/><counter type="METHOD" missed="2" covered="0"/><counter type="CLASS" missed="1" covered="0"/></class><class name="com/groupc/screens/RecordingScreen$3"><method name="&lt;init&gt;" desc="(Lcom/groupc/screens/RecordingScreen;)V"><counter type="INSTRUCTION" missed="6" covered="0"/><counter type="COMPLEXITY" missed="1" covered="0"/><counter type="METHOD" missed="1" covered="0"/></method><method name="actionPerformed" desc="(Ljava/awt/event/ActionEvent;)V"><counter type="INSTRUCTION" missed="5" covered="0"/><counter type="COMPLEXITY" missed="1" covered="0"/><counter type="METHOD" missed="1" covered="0"/></method><counter type="INSTRUCTION" missed="11" covered="0"/><counter type="COMPLEXITY" missed="2" covered="0"/><counter type="METHOD" missed="2" covered="0"/><counter type="CLASS" missed="1" covered="0"/></class><class name="com/groupc/screens/RecordingScreen$4"><method name="&lt;init&gt;" desc="(Lcom/groupc/screens/RecordingScreen;)V"><counter type="INSTRUCTION" missed="6" covered="0"/><counter type="COMPLEXITY" missed="1" covered="0"/><counter type="METHOD" missed="1" covered="0"/></method><method name="actionPerformed" desc="(Ljava/awt/event/ActionEvent;)V"><counter type="INSTRUCTION" missed="5" covered="0"/><counter type="COMPLEXITY" missed="1" covered="0"/><counter type="METHOD" missed="1" covered="0"/></method><counter type="INSTRUCTION" missed="11" covered="0"/><counter type="COMPLEXITY" missed="2" covered="0"/><counter type="METHOD" missed="2" covered="0"/><counter type="CLASS" missed="1" covered="0"/></class><class name="com/groupc/screens/Game1Screen"><method name="&lt;init&gt;" desc="(Lcom/groupc/Runner;)V"><counter type="INSTRUCTION" missed="5" covered="77"/><counter type="COMPLEXITY" missed="0" covered="1"/><counter type="METHOD" missed="0" covered="1"/></method><method name="update" desc="(F)V"><counter type="INSTRUCTION" missed="1" covered="19"/><counter type="BRANCH" missed="1" covered="3"/><counter type="COMPLEXITY" missed="1" covered="2"/><counter type="METHOD" missed="0" covered="1"/></method><method name="present" desc="(F)V"><counter type="INSTRUCTION" missed="0" covered="7"/><counter type="COMPLEXITY" missed="0" covered="1"/><counter type="METHOD" missed="0" covered="1"/></method><method name="pause" desc="()V"><counter type="INSTRUCTION" missed="1" covered="0"/><counter type="COMPLEXITY" missed="1" covered="0"/><counter type="METHOD" missed="1" covered="0"/></method><method name="resume" desc="()V"><counter type="INSTRUCTION" missed="1" covered="0"/><counter type="COMPLEXITY" missed="1" covered="0"/><counter type="METHOD" missed="1" covered="0"/></method><method name="dispose" desc="()V"><counter type="INSTRUCTION" missed="1" covered="0"/><counter type="COMPLEXITY" missed="1" covered="0"/><counter type="METHOD" missed="1" covered="0"/></method><counter type="INSTRUCTION" missed="9" covered="103"/><counter type="BRANCH" missed="1" covered="3"/><counter type="COMPLEXITY" missed="4" covered="4"/><counter type="METHOD" missed="3" covered="3"/><counter type="CLASS" missed="0" covered="1"/></class><class name="com/groupc/screens/LoginScreen$1"><method name="&lt;init&gt;" desc="(Lcom/groupc/screens/LoginScreen;)V"><counter type="INSTRUCTION" missed="0" covered="6"/><counter type="COMPLEXITY" missed="0" covered="1"/><counter type="METHOD" missed="0" covered="1"/></method><method name="componentResized" desc="(Ljava/awt/event/ComponentEvent;)V"><counter type="INSTRUCTION" missed="0" covered="5"/><counter type="COMPLEXITY" missed="0" covered="1"/><counter type="METHOD" missed="0" covered="1"/></method><counter type="INSTRUCTION" missed="0" covered="11"/><counter type="COMPLEXITY" missed="0" covered="2"/><counter type="METHOD" missed="0" covered="2"/><counter type="CLASS" missed="0" covered="1"/></class><class name="com/groupc/screens/NavigationBar"><method name="&lt;init&gt;" desc="(Lcom/groupc/Runner;ZZLjava/lang/String;)V"><counter type="INSTRUCTION" missed="155" covered="0"/><counter type="BRANCH" missed="4" covered="0"/><counter type="COMPLEXITY" missed="3" covered="0"/><counter type="METHOD" missed="1" covered="0"/></method><method name="redrawUpdate" desc="()V"><counter type="INSTRUCTION" missed="232" covered="0"/><counter type="COMPLEXITY" missed="1" covered="0"/><counter type="METHOD" missed="1" covered="0"/></method><method name="update" desc="()V"><counter type="INSTRUCTION" missed="51" covered="0"/><counter type="BRANCH" missed="8" covered="0"/><counter type="COMPLEXITY" missed="5" covered="0"/><counter type="METHOD" missed="1" covered="0"/></method><counter type="INSTRUCTION" missed="438" covered="0"/><counter type="BRANCH" missed="12" covered="0"/><counter type="COMPLEXITY" missed="9" covered="0"/><counter type="METHOD" missed="3" covered="0"/><counter type="CLASS" missed="1" covered="0"/></class><class name="com/groupc/screens/LoginScreen$3"><method name="&lt;init&gt;" desc="(Lcom/groupc/screens/LoginScreen;)V"><counter type="INSTRUCTION" missed="0" covered="6"/><counter type="COMPLEXITY" missed="0" covered="1"/><counter type="METHOD" missed="0" covered="1"/></method><method name="actionPerformed" desc="(Ljava/awt/event/ActionEvent;)V"><counter type="INSTRUCTION" missed="5" covered="0"/><counter type="COMPLEXITY" missed="1" covered="0"/><counter type="METHOD" missed="1" covered="0"/></method><counter type="INSTRUCTION" missed="5" covered="6"/><counter type="COMPLEXITY" missed="1" covered="1"/><counter type="METHOD" missed="1" covered="1"/><counter type="CLASS" missed="0" covered="1"/></class><class name="com/groupc/screens/LoginScreen$2"><method name="&lt;init&gt;" desc="(Lcom/groupc/screens/LoginScreen;)V"><counter type="INSTRUCTION" missed="0" covered="6"/><counter type="COMPLEXITY" missed="0" covered="1"/><counter type="METHOD" missed="0" covered="1"/></method><method name="actionPerformed" desc="(Ljava/awt/event/ActionEvent;)V"><counter type="INSTRUCTION" missed="8" covered="0"/><counter type="COMPLEXITY" missed="1" covered="0"/><counter type="METHOD" missed="1" covered="0"/></method><counter type="INSTRUCTION" missed="8" covered="6"/><counter type="COMPLEXITY" missed="1" covered="1"/><counter type="METHOD" missed="1" covered="1"/><counter type="CLASS" missed="0" covered="1"/></class><class name="com/groupc/screens/AccountCreationScreen"><method name="&lt;init&gt;" desc="(Lcom/groupc/Runner;)V"><counter type="INSTRUCTION" missed="251" covered="0"/><counter type="COMPLEXITY" missed="1" covered="0"/><counter type="METHOD" missed="1" covered="0"/></method><method name="setPatientDoctor" desc="(Ljava/lang/String;)V"><counter type="INSTRUCTION" missed="40" covered="0"/><counter type="BRANCH" missed="4" covered="0"/><counter type="COMPLEXITY" missed="3" covered="0"/><counter type="METHOD" missed="1" covered="0"/></method><method name="update" desc="(F)V"><counter type="INSTRUCTION" missed="560" covered="0"/><counter type="BRANCH" missed="12" covered="0"/><counter type="COMPLEXITY" missed="7" covered="0"/><counter type="METHOD" missed="1" covered="0"/></method><method name="present" desc="(F)V"><counter type="INSTRUCTION" missed="1" covered="0"/><counter type="COMPLEXITY" missed="1" covered="0"/><counter type="METHOD" missed="1" covered="0"/></method><method name="pause" desc="()V"><counter type="INSTRUCTION" missed="1" covered="0"/><counter type="COMPLEXITY" missed="1" covered="0"/><counter type="METHOD" missed="1" covered="0"/></method><method name="resume" desc="()V"><counter type="INSTRUCTION" missed="1" covered="0"/><counter type="COMPLEXITY" missed="1" covered="0"/><counter type="METHOD" missed="1" covered="0"/></method><method name="dispose" desc="()V"><counter type="INSTRUCTION" missed="1" covered="0"/><counter type="COMPLEXITY" missed="1" covered="0"/><counter type="METHOD" missed="1" covered="0"/></method><method name="addCurrentPatient" desc="()V"><counter type="INSTRUCTION" missed="95" covered="0"/><counter type="BRANCH" missed="6" covered="0"/><counter type="COMPLEXITY" missed="4" covered="0"/><counter type="METHOD" missed="1" covered="0"/></method><counter type="INSTRUCTION" missed="950" covered="0"/><counter type="BRANCH" missed="22" covered="0"/><counter type="COMPLEXITY" missed="19" covered="0"/><counter type="METHOD" missed="8" covered="0"/><counter type="CLASS" missed="1" covered="0"/></class><class name="com/groupc/screens/DoctorScreen$3"><method name="&lt;init&gt;" desc="(Lcom/groupc/screens/DoctorScreen;)V"><counter type="INSTRUCTION" missed="6" covered="0"/><counter type="COMPLEXITY" missed="1" covered="0"/><counter type="METHOD" missed="1" covered="0"/></method><method name="actionPerformed" desc="(Ljava/awt/event/ActionEvent;)V"><counter type="INSTRUCTION" missed="5" covered="0"/><counter type="COMPLEXITY" missed="1" covered="0"/><counter type="METHOD" missed="1" covered="0"/></method><counter type="INSTRUCTION" missed="11" covered="0"/><counter type="COMPLEXITY" missed="2" covered="0"/><counter type="METHOD" missed="2" covered="0"/><counter type="CLASS" missed="1" covered="0"/></class><class name="com/groupc/screens/DoctorScreen$2"><method name="&lt;init&gt;" desc="(Lcom/groupc/screens/DoctorScreen;)V"><counter type="INSTRUCTION" missed="6" covered="0"/><counter type="COMPLEXITY" missed="1" covered="0"/><counter type="METHOD" missed="1" covered="0"/></method><method name="actionPerformed" desc="(Ljava/awt/event/ActionEvent;)V"><counter type="INSTRUCTION" missed="5" covered="0"/><counter type="COMPLEXITY" missed="1" covered="0"/><counter type="METHOD" missed="1" covered="0"/></method><counter type="INSTRUCTION" missed="11" covered="0"/><counter type="COMPLEXITY" missed="2" covered="0"/><counter type="METHOD" missed="2" covered="0"/><counter type="CLASS" missed="1" covered="0"/></class><class name="com/groupc/screens/DoctorScreen$1"><method name="&lt;init&gt;" desc="(Lcom/groupc/screens/DoctorScreen;)V"><counter type="INSTRUCTION" missed="6" covered="0"/><counter type="COMPLEXITY" missed="1" covered="0"/><counter type="METHOD" missed="1" covered="0"/></method><method name="componentResized" desc="(Ljava/awt/event/ComponentEvent;)V"><counter type="INSTRUCTION" missed="5" covered="0"/><counter type="COMPLEXITY" missed="1" covered="0"/><counter type="METHOD" missed="1" covered="0"/></method><counter type="INSTRUCTION" missed="11" covered="0"/><counter type="COMPLEXITY" missed="2" covered="0"/><counter type="METHOD" missed="2" covered="0"/><counter type="CLASS" missed="1" covered="0"/></class><class name="com/groupc/screens/RewardScreen$1"><method name="&lt;init&gt;" desc="(Lcom/groupc/screens/RewardScreen;)V"><counter type="INSTRUCTION" missed="6" covered="0"/><counter type="COMPLEXITY" missed="1" covered="0"/><counter type="METHOD" missed="1" covered="0"/></method><method name="componentResized" desc="(Ljava/awt/event/ComponentEvent;)V"><counter type="INSTRUCTION" missed="5" covered="0"/><counter type="COMPLEXITY" missed="1" covered="0"/><counter type="METHOD" missed="1" covered="0"/></method><counter type="INSTRUCTION" missed="11" covered="0"/><counter type="COMPLEXITY" missed="2" covered="0"/><counter type="METHOD" missed="2" covered="0"/><counter type="CLASS" missed="1" covered="0"/></class><class name="com/groupc/screens/RewardScreen$2"><method name="&lt;init&gt;" desc="(Lcom/groupc/screens/RewardScreen;)V"><counter type="INSTRUCTION" missed="6" covered="0"/><counter type="COMPLEXITY" missed="1" covered="0"/><counter type="METHOD" missed="1" covered="0"/></method><method name="actionPerformed" desc="(Ljava/awt/event/ActionEvent;)V"><counter type="INSTRUCTION" missed="5" covered="0"/><counter type="COMPLEXITY" missed="1" covered="0"/><counter type="METHOD" missed="1" covered="0"/></method><counter type="INSTRUCTION" missed="11" covered="0"/><counter type="COMPLEXITY" missed="2" covered="0"/><counter type="METHOD" missed="2" covered="0"/><counter type="CLASS" missed="1" covered="0"/></class><class name="com/groupc/screens/RewardScreen$3"><method name="&lt;init&gt;" desc="(Lcom/groupc/screens/RewardScreen;)V"><counter type="INSTRUCTION" missed="6" covered="0"/><counter type="COMPLEXITY" missed="1" covered="0"/><counter type="METHOD" missed="1" covered="0"/></method><method name="actionPerformed" desc="(Ljava/awt/event/ActionEvent;)V"><counter type="INSTRUCTION" missed="5" covered="0"/><counter type="COMPLEXITY" missed="1" covered="0"/><counter type="METHOD" missed="1" covered="0"/></method><counter type="INSTRUCTION" missed="11" covered="0"/><counter type="COMPLEXITY" missed="2" covered="0"/><counter type="METHOD" missed="2" covered="0"/><counter type="CLASS" missed="1" covered="0"/></class><class name="com/groupc/screens/TutorialScreen"><method name="&lt;init&gt;" desc="(Lcom/groupc/Runner;)V"><counter type="INSTRUCTION" missed="318" covered="0"/><counter type="COMPLEXITY" missed="1" covered="0"/><counter type="METHOD" missed="1" covered="0"/></method><method name="update" desc="(F)V"><counter type="INSTRUCTION" missed="391" covered="0"/><counter type="BRANCH" missed="10" covered="0"/><counter type="COMPLEXITY" missed="6" covered="0"/><counter type="METHOD" missed="1" covered="0"/></method><method name="present" desc="(F)V"><counter type="INSTRUCTION" missed="1" covered="0"/><counter type="COMPLEXITY" missed="1" covered="0"/><counter type="METHOD" missed="1" covered="0"/></method><method name="pause" desc="()V"><counter type="INSTRUCTION" missed="1" covered="0"/><counter type="COMPLEXITY" missed="1" covered="0"/><counter type="METHOD" missed="1" covered="0"/></method><method name="resume" desc="()V"><counter type="INSTRUCTION" missed="1" covered="0"/><counter type="COMPLEXITY" missed="1" covered="0"/><counter type="METHOD" missed="1" covered="0"/></method><method name="dispose" desc="()V"><counter type="INSTRUCTION" missed="1" covered="0"/><counter type="COMPLEXITY" missed="1" covered="0"/><counter type="METHOD" missed="1" covered="0"/></method><counter type="INSTRUCTION" missed="713" covered="0"/><counter type="BRANCH" missed="10" covered="0"/><counter type="COMPLEXITY" missed="11" covered="0"/><counter type="METHOD" missed="6" covered="0"/><counter type="CLASS" missed="1" covered="0"/></class><class name="com/groupc/screens/AccountCreationScreen$1"><method name="&lt;init&gt;" desc="(Lcom/groupc/screens/AccountCreationScreen;)V"><counter type="INSTRUCTION" missed="6" covered="0"/><counter type="COMPLEXITY" missed="1" covered="0"/><counter type="METHOD" missed="1" covered="0"/></method><method name="componentResized" desc="(Ljava/awt/event/ComponentEvent;)V"><counter type="INSTRUCTION" missed="5" covered="0"/><counter type="COMPLEXITY" missed="1" covered="0"/><counter type="METHOD" missed="1" covered="0"/></method><counter type="INSTRUCTION" missed="11" covered="0"/><counter type="COMPLEXITY" missed="2" covered="0"/><counter type="METHOD" missed="2" covered="0"/><counter type="CLASS" missed="1" covered="0"/></class><class name="com/groupc/screens/DoctorScreen"><method name="&lt;init&gt;" desc="(Lcom/groupc/Runner;)V"><counter type="INSTRUCTION" missed="149" covered="0"/><counter type="COMPLEXITY" missed="1" covered="0"/><counter type="METHOD" missed="1" covered="0"/></method><method name="setDoctor" desc="(Ljava/lang/String;)V"><counter type="INSTRUCTION" missed="30" covered="0"/><counter type="BRANCH" missed="2" covered="0"/><counter type="COMPLEXITY" missed="2" covered="0"/><counter type="METHOD" missed="1" covered="0"/></method><method name="getPatients" desc="()V"><counter type="INSTRUCTION" missed="59" covered="0"/><counter type="BRANCH" missed="2" covered="0"/><counter type="COMPLEXITY" missed="2" covered="0"/><counter type="METHOD" missed="1" covered="0"/></method><method name="tableDisplay" desc="()V"><counter type="INSTRUCTION" missed="97" covered="0"/><counter type="BRANCH" missed="4" covered="0"/><counter type="COMPLEXITY" missed="3" covered="0"/><counter type="METHOD" missed="1" covered="0"/></method><method name="update" desc="(F)V"><counter type="INSTRUCTION" missed="122" covered="0"/><counter type="BRANCH" missed="12" covered="0"/><counter type="COMPLEXITY" missed="7" covered="0"/><counter type="METHOD" missed="1" covered="0"/></method><method name="present" desc="(F)V"><counter type="INSTRUCTION" missed="1" covered="0"/><counter type="COMPLEXITY" missed="1" covered="0"/><counter type="METHOD" missed="1" covered="0"/></method><method name="pause" desc="()V"><counter type="INSTRUCTION" missed="1" covered="0"/><counter type="COMPLEXITY" missed="1" covered="0"/><counter type="METHOD" missed="1" covered="0"/></method><method name="resume" desc="()V"><counter type="INSTRUCTION" missed="1" covered="0"/><counter type="COMPLEXITY" missed="1" covered="0"/><counter type="METHOD" missed="1" covered="0"/></method><method name="dispose" desc="()V"><counter type="INSTRUCTION" missed="1" covered="0"/><counter type="COMPLEXITY" missed="1" covered="0"/><counter type="METHOD" missed="1" covered="0"/></method><counter type="INSTRUCTION" missed="461" covered="0"/><counter type="BRANCH" missed="20" covered="0"/><counter type="COMPLEXITY" missed="19" covered="0"/><counter type="METHOD" missed="9" covered="0"/><counter type="CLASS" missed="1" covered="0"/></class><class name="com/groupc/screens/AccountCreationScreen$2"><method name="&lt;init&gt;" desc="(Lcom/groupc/screens/AccountCreationScreen;)V"><counter type="INSTRUCTION" missed="6" covered="0"/><counter type="COMPLEXITY" missed="1" covered="0"/><counter type="METHOD" missed="1" covered="0"/></method><method name="actionPerformed" desc="(Ljava/awt/event/ActionEvent;)V"><counter type="INSTRUCTION" missed="4" covered="0"/><counter type="COMPLEXITY" missed="1" covered="0"/><counter type="METHOD" missed="1" covered="0"/></method><counter type="INSTRUCTION" missed="10" covered="0"/><counter type="COMPLEXITY" missed="2" covered="0"/><counter type="METHOD" missed="2" covered="0"/><counter type="CLASS" missed="1" covered="0"/></class><class name="com/groupc/screens/AccountCreationScreen$3"><method name="&lt;init&gt;" desc="(Lcom/groupc/screens/AccountCreationScreen;)V"><counter type="INSTRUCTION" missed="6" covered="0"/><counter type="COMPLEXITY" missed="1" covered="0"/><counter type="METHOD" missed="1" covered="0"/></method><method name="actionPerformed" desc="(Ljava/awt/event/ActionEvent;)V"><counter type="INSTRUCTION" missed="5" covered="0"/><counter type="COMPLEXITY" missed="1" covered="0"/><counter type="METHOD" missed="1" covered="0"/></method><counter type="INSTRUCTION" missed="11" covered="0"/><counter type="COMPLEXITY" missed="2" covered="0"/><counter type="METHOD" missed="2" covered="0"/><counter type="CLASS" missed="1" covered="0"/></class><class name="com/groupc/screens/ParentControlsScreen"><method name="&lt;init&gt;" desc="(Lcom/groupc/Runner;)V"><counter type="INSTRUCTION" missed="423" covered="0"/><counter type="COMPLEXITY" missed="1" covered="0"/><counter type="METHOD" missed="1" covered="0"/></method><method name="update" desc="(F)V"><counter type="INSTRUCTION" missed="974" covered="0"/><counter type="BRANCH" missed="8" covered="0"/><counter type="COMPLEXITY" missed="5" covered="0"/><counter type="METHOD" missed="1" covered="0"/></method><method name="present" desc="(F)V"><counter type="INSTRUCTION" missed="1" covered="0"/><counter type="COMPLEXITY" missed="1" covered="0"/><counter type="METHOD" missed="1" covered="0"/></method><method name="pause" desc="()V"><counter type="INSTRUCTION" missed="1" covered="0"/><counter type="COMPLEXITY" missed="1" covered="0"/><counter type="METHOD" missed="1" covered="0"/></method><method name="resume" desc="()V"><counter type="INSTRUCTION" missed="1" covered="0"/><counter type="COMPLEXITY" missed="1" covered="0"/><counter type="METHOD" missed="1" covered="0"/></method><method name="dispose" desc="()V"><counter type="INSTRUCTION" missed="1" covered="0"/><counter type="COMPLEXITY" missed="1" covered="0"/><counter type="METHOD" missed="1" covered="0"/></method><method name="saveInfo" desc="()V"><counter type="INSTRUCTION" missed="1" covered="0"/><counter type="COMPLEXITY" missed="1" covered="0"/><counter type="METHOD" missed="1" covered="0"/></method><method name="checkPin" desc="()V"><counter type="INSTRUCTION" missed="7" covered="0"/><counter type="COMPLEXITY" missed="1" covered="0"/><counter type="METHOD" missed="1" covered="0"/></method><method name="enableControls" desc="(Z)V"><counter type="INSTRUCTION" missed="85" covered="0"/><counter type="COMPLEXITY" missed="1" covered="0"/><counter type="METHOD" missed="1" covered="0"/></method><method name="enablePin" desc="(Z)V"><counter type="INSTRUCTION" missed="21" covered="0"/><counter type="COMPLEXITY" missed="1" covered="0"/><counter type="METHOD" missed="1" covered="0"/></method><counter type="INSTRUCTION" missed="1515" covered="0"/><counter type="BRANCH" missed="8" covered="0"/><counter type="COMPLEXITY" missed="14" covered="0"/><counter type="METHOD" missed="10" covered="0"/><counter type="CLASS" missed="1" covered="0"/></class><class name="com/groupc/screens/LoginScreen"><method name="&lt;init&gt;" desc="(Lcom/groupc/Runner;)V"><counter type="INSTRUCTION" missed="0" covered="238"/><counter type="COMPLEXITY" missed="0" covered="1"/><counter type="METHOD" missed="0" covered="1"/></method><method name="update" desc="(F)V"><counter type="INSTRUCTION" missed="0" covered="408"/><counter type="BRANCH" missed="0" covered="2"/><counter type="COMPLEXITY" missed="0" covered="2"/><counter type="METHOD" missed="0" covered="1"/></method><method name="present" desc="(F)V"><counter type="INSTRUCTION" missed="0" covered="1"/><counter type="COMPLEXITY" missed="0" covered="1"/><counter type="METHOD" missed="0" covered="1"/></method><method name="pause" desc="()V"><counter type="INSTRUCTION" missed="1" covered="0"/><counter type="COMPLEXITY" missed="1" covered="0"/><counter type="METHOD" missed="1" covered="0"/></method><method name="resume" desc="()V"><counter type="INSTRUCTION" missed="1" covered="0"/><counter type="COMPLEXITY" missed="1" covered="0"/><counter type="METHOD" missed="1" covered="0"/></method><method name="dispose" desc="()V"><counter type="INSTRUCTION" missed="1" covered="0"/><counter type="COMPLEXITY" missed="1" covered="0"/><counter type="METHOD" missed="1" covered="0"/></method><method name="checkLogin" desc="()V"><counter type="INSTRUCTION" missed="200" covered="0"/><counter type="BRANCH" missed="20" covered="0"/><counter type="COMPLEXITY" missed="11" covered="0"/><counter type="METHOD" missed="1" covered="0"/></method><counter type="INSTRUCTION" missed="203" covered="647"/><counter type="BRANCH" missed="20" covered="2"/><counter type="COMPLEXITY" missed="14" covered="4"/><counter type="METHOD" missed="4" covered="3"/><counter type="CLASS" missed="0" covered="1"/></class><class name="com/groupc/screens/Screen"><method name="&lt;init&gt;" desc="(Lcom/groupc/Runner;)V"><counter type="INSTRUCTION" missed="0" covered="12"/><counter type="COMPLEXITY" missed="0" covered="1"/><counter type="METHOD" missed="0" covered="1"/></method><counter type="INSTRUCTION" missed="0" covered="12"/><counter type="COMPLEXITY" missed="0" covered="1"/><counter type="METHOD" missed="0" covered="1"/><counter type="CLASS" missed="0" covered="1"/></class><counter type="INSTRUCTION" missed="5259" covered="791"/><counter type="BRANCH" missed="119" covered="5"/><counter type="COMPLEXITY" missed="164" covered="14"/><counter type="METHOD" missed="104" covered="12"/><counter type="CLASS" missed="30" covered="7"/></package><package name="com/groupc/junit"><class name="com/groupc/junit/AccTest"><method name="&lt;init&gt;" desc="()V"><counter type="INSTRUCTION" missed="51" covered="0"/><counter type="COMPLEXITY" missed="1" covered="0"/><counter type="METHOD" missed="1" covered="0"/></method><method name="setUp" desc="()V"><counter type="INSTRUCTION" missed="101" covered="0"/><counter type="BRANCH" missed="2" covered="0"/><counter type="COMPLEXITY" missed="2" covered="0"/><counter type="METHOD" missed="1" covered="0"/></method><method name="setPatientDoctorTest" desc="()V"><counter type="INSTRUCTION" missed="101" covered="0"/><counter type="BRANCH" missed="10" covered="0"/><counter type="COMPLEXITY" missed="6" covered="0"/><counter type="METHOD" missed="1" covered="0"/></method><method name="addCurrentPatientTest" desc="()V"><counter type="INSTRUCTION" missed="41" covered="0"/><counter type="COMPLEXITY" missed="1" covered="0"/><counter type="METHOD" missed="1" covered="0"/></method><counter type="INSTRUCTION" missed="294" covered="0"/><counter type="BRANCH" missed="12" covered="0"/><counter type="COMPLEXITY" missed="10" covered="0"/><counter type="METHOD" missed="4" covered="0"/><counter type="CLASS" missed="1" covered="0"/></class><class name="com/groupc/junit/SoundTest"><method name="&lt;init&gt;" desc="()V"><counter type="INSTRUCTION" missed="19" covered="0"/><counter type="COMPLEXITY" missed="1" covered="0"/><counter type="METHOD" missed="1" covered="0"/></method><method name="setUp" desc="()V"><counter type="INSTRUCTION" missed="6" covered="0"/><counter type="COMPLEXITY" missed="1" covered="0"/><counter type="METHOD" missed="1" covered="0"/></method><method name="OGGfileTypeTest" desc="()V"><counter type="INSTRUCTION" missed="75" covered="0"/><counter type="BRANCH" missed="12" covered="0"/><counter type="COMPLEXITY" missed="7" covered="0"/><counter type="METHOD" missed="1" covered="0"/></method><method name="WAVfileTypeTest" desc="()V"><counter type="INSTRUCTION" missed="75" covered="0"/><counter type="BRANCH" missed="12" covered="0"/><counter type="COMPLEXITY" missed="7" covered="0"/><counter type="METHOD" missed="1" covered="0"/></method><method name="LoadMusicTest" desc="()V"><counter type="INSTRUCTION" missed="33" covered="0"/><counter type="BRANCH" missed="4" covered="0"/><counter type="COMPLEXITY" missed="3" covered="0"/><counter type="METHOD" missed="1" covered="0"/></method><method name="cleanUp" desc="()V"><counter type="INSTRUCTION" missed="1" covered="0"/><counter type="COMPLEXITY" missed="1" covered="0"/><counter type="METHOD" missed="1" covered="0"/></method><method name="&lt;clinit&gt;" desc="()V"><counter type="INSTRUCTION" missed="8" covered="0"/><counter type="BRANCH" missed="2" covered="0"/><counter type="COMPLEXITY" missed="2" covered="0"/><counter type="METHOD" missed="1" covered="0"/></method><counter type="INSTRUCTION" missed="217" covered="0"/><counter type="BRANCH" missed="30" covered="0"/><counter type="COMPLEXITY" missed="22" covered="0"/><counter type="METHOD" missed="7" covered="0"/><counter type="CLASS" missed="1" covered="0"/></class><class name="com/groupc/junit/ResizeTest"><method name="&lt;init&gt;" desc="()V"><counter type="INSTRUCTION" missed="15" covered="0"/><counter type="COMPLEXITY" missed="1" covered="0"/><counter type="METHOD" missed="1" covered="0"/></method><method name="locationTest" desc="()V"><counter type="INSTRUCTION" missed="43" covered="0"/><counter type="COMPLEXITY" missed="1" covered="0"/><counter type="METHOD" missed="1" covered="0"/></method><method name="widthHeightTest" desc="()V"><counter type="INSTRUCTION" missed="57" covered="0"/><counter type="COMPLEXITY" missed="1" covered="0"/><counter type="METHOD" missed="1" covered="0"/></method><method name="cleanUp" desc="()V"><counter type="INSTRUCTION" missed="4" covered="0"/><counter type="COMPLEXITY" missed="1" covered="0"/><counter type="METHOD" missed="1" covered="0"/></method><counter type="INSTRUCTION" missed="119" covered="0"/><counter type="COMPLEXITY" missed="4" covered="0"/><counter type="METHOD" missed="4" covered="0"/><counter type="CLASS" missed="1" covered="0"/></class><class name="com/groupc/junit/Game1Test"><method name="&lt;init&gt;" desc="()V"><counter type="INSTRUCTION" missed="8" covered="0"/><counter type="COMPLEXITY" missed="1" covered="0"/><counter type="METHOD" missed="1" covered="0"/></method><method name="setUp" desc="()V"><counter type="INSTRUCTION" missed="18" covered="0"/><counter type="COMPLEXITY" missed="1" covered="0"/><counter type="METHOD" missed="1" covered="0"/></method><method name="creationTest" desc="()V"><counter type="INSTRUCTION" missed="22" covered="0"/><counter type="BRANCH" missed="8" covered="0"/><counter type="COMPLEXITY" missed="5" covered="0"/><counter type="METHOD" missed="1" covered="0"/></method><method name="updateTest" desc="()V"><counter type="INSTRUCTION" missed="43" covered="0"/><counter type="BRANCH" missed="8" covered="0"/><counter type="COMPLEXITY" missed="5" covered="0"/><counter type="METHOD" missed="1" covered="0"/></method><method name="renderTest" desc="()V"><counter type="INSTRUCTION" missed="4" covered="0"/><counter type="COMPLEXITY" missed="1" covered="0"/><counter type="METHOD" missed="1" covered="0"/></method><method name="cleanUp" desc="()V"><counter type="INSTRUCTION" missed="2" covered="0"/><counter type="COMPLEXITY" missed="1" covered="0"/><counter type="METHOD" missed="1" covered="0"/></method><method name="&lt;clinit&gt;" desc="()V"><counter type="INSTRUCTION" missed="8" covered="0"/><counter type="BRANCH" missed="2" covered="0"/><counter type="COMPLEXITY" missed="2" covered="0"/><counter type="METHOD" missed="1" covered="0"/></method><counter type="INSTRUCTION" missed="105" covered="0"/><counter type="BRANCH" missed="18" covered="0"/><counter type="COMPLEXITY" missed="16" covered="0"/><counter type="METHOD" missed="7" covered="0"/><counter type="CLASS" missed="1" covered="0"/></class><class name="com/groupc/junit/DatabaseTest"><method name="&lt;init&gt;" desc="()V"><counter type="INSTRUCTION" missed="3" covered="0"/><counter type="COMPLEXITY" missed="1" covered="0"/><counter type="METHOD" missed="1" covered="0"/></method><method name="setUp" desc="()V"><counter type="INSTRUCTION" missed="6" covered="0"/><counter type="COMPLEXITY" missed="1" covered="0"/><counter type="METHOD" missed="1" covered="0"/></method><method name="testget_doctor" desc="()V"><counter type="INSTRUCTION" missed="41" covered="0"/><counter type="BRANCH" missed="8" covered="0"/><counter type="COMPLEXITY" missed="5" covered="0"/><counter type="METHOD" missed="1" covered="0"/></method><method name="cleanUp" desc="()V"><counter type="INSTRUCTION" missed="4" covered="0"/><counter type="COMPLEXITY" missed="1" covered="0"/><counter type="METHOD" missed="1" covered="0"/></method><counter type="INSTRUCTION" missed="54" covered="0"/><counter type="BRANCH" missed="8" covered="0"/><counter type="COMPLEXITY" missed="8" covered="0"/><counter type="METHOD" missed="4" covered="0"/><counter type="CLASS" missed="1" covered="0"/></class><counter type="INSTRUCTION" missed="789" covered="0"/><counter type="BRANCH" missed="68" covered="0"/><counter type="COMPLEXITY" missed="60" covered="0"/><counter type="METHOD" missed="26" covered="0"/><counter type="CLASS" missed="5" covered="0"/></package><package name="com/groupc/game"><class name="com/groupc/game/TextureRegion"><method name="&lt;init&gt;" desc="(Lorg/newdawn/slick/opengl/Texture;FFFF)V"><counter type="INSTRUCTION" missed="0" covered="94"/><counter type="COMPLEXITY" missed="0" covered="1"/><counter type="METHOD" missed="0" covered="1"/></method><method name="draw" desc="(Lcom/groupc/math/Rectangle;)V"><counter type="INSTRUCTION" missed="0" covered="87"/><counter type="COMPLEXITY" missed="0" covered="1"/><counter type="METHOD" missed="0" covered="1"/></method><counter type="INSTRUCTION" missed="0" covered="181"/><counter type="COMPLEXITY" missed="0" covered="2"/><counter type="METHOD" missed="0" covered="2"/><counter type="CLASS" missed="0" covered="1"/></class><class name="com/groupc/game/MovingGameObject"><method name="&lt;init&gt;" desc="(FFFF)V"><counter type="INSTRUCTION" missed="0" covered="21"/><counter type="COMPLEXITY" missed="0" covered="1"/><counter type="METHOD" missed="0" covered="1"/></method><method name="&lt;init&gt;" desc="(FFFFFFFF)V"><counter type="INSTRUCTION" missed="21" covered="0"/><counter type="COMPLEXITY" missed="1" covered="0"/><counter type="METHOD" missed="1" covered="0"/></method><counter type="INSTRUCTION" missed="21" covered="21"/><counter type="COMPLEXITY" missed="1" covered="1"/><counter type="METHOD" missed="1" covered="1"/><counter type="CLASS" missed="0" covered="1"/></class><class name="com/groupc/game/GameScreen"><method name="&lt;init&gt;" desc="()V"><counter type="INSTRUCTION" missed="0" covered="6"/><counter type="COMPLEXITY" missed="0" covered="1"/><counter type="METHOD" missed="0" covered="1"/></method><counter type="INSTRUCTION" missed="0" covered="6"/><counter type="COMPLEXITY" missed="0" covered="1"/><counter type="METHOD" missed="0" covered="1"/><counter type="CLASS" missed="0" covered="1"/></class><class name="com/groupc/game/GameObject"><method name="&lt;init&gt;" desc="(FFFF)V"><counter type="INSTRUCTION" missed="0" covered="27"/><counter type="COMPLEXITY" missed="0" covered="1"/><counter type="METHOD" missed="0" covered="1"/></method><counter type="INSTRUCTION" missed="0" covered="27"/><counter type="COMPLEXITY" missed="0" covered="1"/><counter type="METHOD" missed="0" covered="1"/><counter type="CLASS" missed="0" covered="1"/></class><class name="com/groupc/game/Camera"><method name="&lt;init&gt;" desc="(FF)V"><counter type="INSTRUCTION" missed="0" covered="23"/><counter type="COMPLEXITY" missed="0" covered="1"/><counter type="METHOD" missed="0" covered="1"/></method><method name="setCamera" desc="()V"><counter type="INSTRUCTION" missed="0" covered="75"/><counter type="COMPLEXITY" missed="0" covered="1"/><counter type="METHOD" missed="0" covered="1"/></method><counter type="INSTRUCTION" missed="0" covered="98"/><counter type="COMPLEXITY" missed="0" covered="2"/><counter type="METHOD" missed="0" covered="2"/><counter type="CLASS" missed="0" covered="1"/></class><counter type="INSTRUCTION" missed="21" covered="333"/><counter type="COMPLEXITY" missed="1" covered="7"/><counter type="METHOD" missed="1" covered="7"/><counter type="CLASS" missed="0" covered="5"/></package><package name="com/groupc"><class name="com/groupc/Runner"><method name="&lt;init&gt;" desc="()V"><counter type="INSTRUCTION" missed="0" covered="29"/><counter type="COMPLEXITY" missed="0" covered="1"/><counter type="METHOD" missed="0" covered="1"/></method><method name="run" desc="()V"><counter type="INSTRUCTION" missed="5" covered="27"/><counter type="BRANCH" missed="1" covered="1"/><counter type="COMPLEXITY" missed="1" covered="1"/><counter type="METHOD" missed="0" covered="1"/></method><method name="setScreen" desc="(Lcom/groupc/screens/Screen;)V"><counter type="INSTRUCTION" missed="22" covered="0"/><counter type="BRANCH" missed="2" covered="0"/><counter type="COMPLEXITY" missed="2" covered="0"/><counter type="METHOD" missed="1" covered="0"/></method><method name="close" desc="()V"><counter type="INSTRUCTION" missed="6" covered="0"/><counter type="COMPLEXITY" missed="1" covered="0"/><counter type="METHOD" missed="1" covered="0"/></method><counter type="INSTRUCTION" missed="33" covered="56"/><counter type="BRANCH" missed="3" covered="1"/><counter type="COMPLEXITY" missed="4" covered="2"/><counter type="METHOD" missed="2" covered="2"/><counter type="CLASS" missed="0" covered="1"/></class><class name="com/groupc/AudioPlayer"><method name="&lt;init&gt;" desc="()V"><counter type="INSTRUCTION" missed="0" covered="8"/><counter type="COMPLEXITY" missed="0" covered="1"/><counter type="METHOD" missed="0" covered="1"/></method><method name="playMusic" desc="(Z)Z"><counter type="INSTRUCTION" missed="0" covered="11"/><counter type="COMPLEXITY" missed="0" covered="1"/><counter type="METHOD" missed="0" covered="1"/></method><method name="pauseMusic" desc="()Z"><counter type="INSTRUCTION" missed="5" covered="0"/><counter type="COMPLEXITY" missed="1" covered="0"/><counter type="METHOD" missed="1" covered="0"/></method><method name="resume" desc="()Z"><counter type="INSTRUCTION" missed="5" covered="0"/><counter type="COMPLEXITY" missed="1" covered="0"/><counter type="METHOD" missed="1" covered="0"/></method><method name="loadSong" desc="(Ljava/lang/String;)Z"><counter type="INSTRUCTION" missed="5" covered="10"/><counter type="COMPLEXITY" missed="0" covered="1"/><counter type="METHOD" missed="0" covered="1"/></method><method name="playSound" desc="(I)Z"><counter type="INSTRUCTION" missed="19" covered="0"/><counter type="BRANCH" missed="2" covered="0"/><counter type="COMPLEXITY" missed="2" covered="0"/><counter type="METHOD" missed="1" covered="0"/></method><method name="getFileType" desc="(Ljava/lang/String;)Ljava/lang/String;"><counter type="INSTRUCTION" missed="0" covered="15"/><counter type="COMPLEXITY" missed="0" covered="1"/><counter type="METHOD" missed="0" covered="1"/></method><counter type="INSTRUCTION" missed="34" covered="44"/><counter type="BRANCH" missed="2" covered="0"/><counter type="COMPLEXITY" missed="4" covered="4"/><counter type="METHOD" missed="3" covered="4"/><counter type="CLASS" missed="0" covered="1"/></class><class name="com/groupc/Database"><method name="&lt;init&gt;" desc="()V"><counter type="INSTRUCTION" missed="3" covered="0"/><counter type="COMPLEXITY" missed="1" covered="0"/><counter type="METHOD" missed="1" covered="0"/></method><method name="getDoctor" desc="(Ljava/lang/String;Ljava/lang/String;)Z"><counter type="INSTRUCTION" missed="158" covered="0"/><counter type="BRANCH" missed="22" covered="0"/><counter type="COMPLEXITY" missed="12" covered="0"/><counter type="METHOD" missed="1" covered="0"/></method><method name="getPatient" desc="(Ljava/lang/String;Ljava/lang/String;)Z"><counter type="INSTRUCTION" missed="161" covered="0"/><counter type="BRANCH" missed="22" covered="0"/><counter type="COMPLEXITY" missed="12" covered="0"/><counter type="METHOD" missed="1" covered="0"/></method><method name="addPatient" desc="(Ljava/lang/String;Ljava/lang/String;Ljava/lang/String;Ljava/lang/String;)Z"><counter type="INSTRUCTION" missed="130" covered="0"/><counter type="BRANCH" missed="16" covered="0"/><counter type="COMPLEXITY" missed="9" covered="0"/><counter type="METHOD" missed="1" covered="0"/></method><counter type="INSTRUCTION" missed="452" covered="0"/><counter type="BRANCH" missed="60" covered="0"/><counter type="COMPLEXITY" missed="34" covered="0"/><counter type="METHOD" missed="4" covered="0"/><counter type="CLASS" missed="1" covered="0"/></class><class name="com/groupc/Patient"><method name="&lt;init&gt;" desc="()V"><counter type="INSTRUCTION" missed="3" covered="0"/><counter type="COMPLEXITY" missed="1" covered="0"/><counter type="METHOD" missed="1" covered="0"/></method><counter type="INSTRUCTION" missed="3" covered="0"/><counter type="COMPLEXITY" missed="1" covered="0"/><counter type="METHOD" missed="1" covered="0"/><counter type="CLASS" missed="1" covered="0"/></class><class name="com/groupc/Tester"><method name="&lt;init&gt;" desc="()V"><counter type="INSTRUCTION" missed="3" covered="0"/><counter type="COMPLEXITY" missed="1" covered="0"/><counter type="METHOD" missed="1" covered="0"/></method><method name="main" desc="([Ljava/lang/String;)V"><counter type="INSTRUCTION" missed="1" covered="18"/><counter type="BRANCH" missed="1" covered="1"/><counter type="COMPLEXITY" missed="1" covered="1"/><counter type="METHOD" missed="0" covered="1"/></method><counter type="INSTRUCTION" missed="4" covered="18"/><counter type="BRANCH" missed="1" covered="1"/><counter type="COMPLEXITY" missed="2" covered="1"/><counter type="METHOD" missed="1" covered="1"/><counter type="CLASS" missed="0" covered="1"/></class><counter type="INSTRUCTION" missed="526" covered="118"/><counter type="BRANCH" missed="66" covered="2"/><counter type="COMPLEXITY" missed="45" covered="7"/><counter type="METHOD" missed="11" covered="7"/><counter type="CLASS" missed="2" covered="3"/></package><package name="com/groupc/math"><class name="com/groupc/math/Vector"><method name="&lt;init&gt;" desc="()V"><counter type="INSTRUCTION" missed="0" covered="3"/><counter type="COMPLEXITY" missed="0" covered="1"/><counter type="METHOD" missed="0" covered="1"/></method><method name="&lt;init&gt;" desc="(FF)V"><counter type="INSTRUCTION" missed="0" covered="9"/><counter type="COMPLEXITY" missed="0" covered="1"/><counter type="METHOD" missed="0" covered="1"/></method><method name="set" desc="(FF)V"><counter type="INSTRUCTION" missed="0" covered="7"/><counter type="COMPLEXITY" missed="0" covered="1"/><counter type="METHOD" missed="0" covered="1"/></method><method name="set" desc="(Lcom/groupc/math/Vector;)V"><counter type="INSTRUCTION" missed="0" covered="9"/><counter type="COMPLEXITY" missed="0" covered="1"/><counter type="METHOD" missed="0" covered="1"/></method><method name="copy" desc="()Lcom/groupc/math/Vector;"><counter type="INSTRUCTION" missed="8" covered="0"/><counter type="COMPLEXITY" missed="1" covered="0"/><counter type="METHOD" missed="1" covered="0"/></method><method name="add" desc="(Lcom/groupc/math/Vector;)V"><counter type="INSTRUCTION" missed="0" covered="15"/><counter type="COMPLEXITY" missed="0" covered="1"/><counter type="METHOD" missed="0" covered="1"/></method><method name="add" desc="(FF)V"><counter type="INSTRUCTION" missed="0" covered="13"/><counter type="COMPLEXITY" missed="0" covered="1"/><counter type="METHOD" missed="0" covered="1"/></method><method name="sub" desc="(Lcom/groupc/math/Vector;)V"><counter type="INSTRUCTION" missed="15" covered="0"/><counter type="COMPLEXITY" missed="1" covered="0"/><counter type="METHOD" missed="1" covered="0"/></method><method name="sub" desc="(FF)Lcom/groupc/math/Vector;"><counter type="INSTRUCTION" missed="0" covered="12"/><counter type="COMPLEXITY" missed="0" covered="1"/><counter type="METHOD" missed="0" covered="1"/></method><method name="limit" desc="(Lcom/groupc/math/Vector;)Z"><counter type="INSTRUCTION" missed="40" covered="0"/><counter type="BRANCH" missed="8" covered="0"/><counter type="COMPLEXITY" missed="5" covered="0"/><counter type="METHOD" missed="1" covered="0"/></method><method name="mult" desc="(F)Lcom/groupc/math/Vector;"><counter type="INSTRUCTION" missed="0" covered="12"/><counter type="COMPLEXITY" missed="0" covered="1"/><counter type="METHOD" missed="0" covered="1"/></method><counter type="INSTRUCTION" missed="63" covered="80"/><counter type="BRANCH" missed="8" covered="0"/><counter type="COMPLEXITY" missed="7" covered="8"/><counter type="METHOD" missed="3" covered="8"/><counter type="CLASS" missed="0" covered="1"/></class><class name="com/groupc/math/Resize"><method name="&lt;init&gt;" desc="(Lcom/groupc/Runner;)V"><counter type="INSTRUCTION" missed="0" covered="6"/><counter type="COMPLEXITY" missed="0" covered="1"/><counter type="METHOD" missed="0" covered="1"/></method><method name="locationX" desc="(I)I"><counter type="INSTRUCTION" missed="6" covered="54"/><counter type="BRANCH" missed="1" covered="1"/><counter type="COMPLEXITY" missed="1" covered="1"/><counter type="METHOD" missed="0" covered="1"/></method><method name="locationY" desc="(I)I"><counter type="INSTRUCTION" missed="25" covered="34"/><counter type="BRANCH" missed="1" covered="1"/><counter type="COMPLEXITY" missed="1" covered="1"/><counter type="METHOD" missed="0" covered="1"/></method><method name="width" desc="(I)I"><counter type="INSTRUCTION" missed="6" covered="34"/><counter type="BRANCH" missed="1" covered="1"/><counter type="COMPLEXITY" missed="1" covered="1"/><counter type="METHOD" missed="0" covered="1"/></method><method name="height" desc="(I)I"><counter type="INSTRUCTION" missed="6" covered="34"/><counter type="BRANCH" missed="1" covered="1"/><counter type="COMPLEXITY" missed="1" covered="1"/><counter type="METHOD" missed="0" covered="1"/></method><method name="font" desc="(I)I"><counter type="INSTRUCTION" missed="6" covered="34"/><counter type="BRANCH" missed="1" covered="1"/><counter type="COMPLEXITY" missed="1" covered="1"/><counter type="METHOD" missed="0" covered="1"/></method><counter type="INSTRUCTION" missed="49" covered="196"/><counter type="BRANCH" missed="5" covered="5"/><counter type="COMPLEXITY" missed="5" covered="6"/><counter type="METHOD" missed="0" covered="6"/><counter type="CLASS" missed="0" covered="1"/></class><class name="com/groupc/math/CollisionChecker"><method name="&lt;init&gt;" desc="()V"><counter type="INSTRUCTION" missed="3" covered="0"/><counter type="COMPLEXITY" missed="1" covered="0"/><counter type="METHOD" missed="1" covered="0"/></method><method name="RectToRect" desc="(Lcom/groupc/math/Rectangle;Lcom/groupc/math/Rectangle;)Z"><counter type="INSTRUCTION" missed="0" covered="48"/><counter type="BRANCH" missed="0" covered="8"/><counter type="COMPLEXITY" missed="0" covered="5"/><counter type="METHOD" missed="0" covered="1"/></method><method name="PointToRect" desc="(Lcom/groupc/math/Vector;Lcom/groupc/math/Rectangle;)Z"><counter type="INSTRUCTION" missed="0" covered="38"/><counter type="BRANCH" missed="2" covered="6"/><counter type="COMPLEXITY" missed="2" covered="3"/><counter type="METHOD" missed="0" covered="1"/></method><method name="RectInside" desc="(Lcom/groupc/math/Rectangle;II)Z"><counter type="INSTRUCTION" missed="36" covered="0"/><counter type="BRANCH" missed="8" covered="0"/><counter type="COMPLEXITY" missed="5" covered="0"/><counter type="METHOD" missed="1" covered="0"/></method><counter type="INSTRUCTION" missed="39" covered="86"/><counter type="BRANCH" missed="10" covered="14"/><counter type="COMPLEXITY" missed="8" covered="8"/><counter type="METHOD" missed="2" covered="2"/><counter type="CLASS" missed="0" covered="1"/></class><class name="com/groupc/math/Rectangle"><method name="&lt;init&gt;" desc="(FFFF)V"><counter type="INSTRUCTION" missed="0" covered="16"/><counter type="COMPLEXITY" missed="0" covered="1"/><counter type="METHOD" missed="0" covered="1"/></method><counter type="INSTRUCTION" missed="0" covered="16"/><counter type="COMPLEXITY" missed="0" covered="1"/><counter type="METHOD" missed="0" covered="1"/><counter type="CLASS" missed="0" covered="1"/></class><counter type="INSTRUCTION" missed="151" covered="378"/><counter type="BRANCH" missed="23" covered="19"/><counter type="COMPLEXITY" missed="20" covered="23"/><counter type="METHOD" missed="5" covered="17"/><counter type="CLASS" missed="0" covered="4"/></package><counter type="INSTRUCTION" missed="7911" covered="2220"/><counter type="BRANCH" missed="389" covered="50"/><counter type="COMPLEXITY" missed="392" covered="73"/><counter type="METHOD" missed="182" covered="60"/><counter type="CLASS" missed="39" covered="25"/></report>