<?xml version="1.0" encoding="UTF-8" standalone="yes"?><!DOCTYPE report PUBLIC "-//JACOCO//DTD Report 1.0//EN" "report.dtd"><report name="JaCoCo Ant Example"><sessioninfo id="EdwinAvalos-PC-e44ee043" start="1426636227921" dump="1426636229093"/><sessioninfo id="EdwinAvalos-PC-f3a5118a" start="1426636664773" dump="1426636665993"/><sessioninfo id="EdwinAvalos-PC-6c52d984" start="1426636891119" dump="1426636892291"/><sessioninfo id="EdwinAvalos-PC-96d9d05f" start="1426637550064" dump="1426637551270"/><sessioninfo id="EdwinAvalos-PC-daf007f3" start="1426637778284" dump="1426637779497"/><sessioninfo id="EdwinAvalos-PC-9f3b233f" start="1426638409819" dump="1426638410999"/><sessioninfo id="EdwinAvalos-PC-6866f51" start="1426638576630" dump="1426638577835"/><sessioninfo id="EdwinAvalos-PC-89b535d3" start="1426638729364" dump="1426638730566"/><sessioninfo id="EdwinAvalos-PC-adb13302" start="1426638914459" dump="1426638915686"/><sessioninfo id="EdwinAvalos-PC-2d253311" start="1426639081677" dump="1426639084443"/><sessioninfo id="EdwinAvalos-PC-307916d8" start="1426639438985" dump="1426639440162"/><sessioninfo id="EdwinAvalos-PC-660e55ed" start="1426639576336" dump="1426639577517"/><sessioninfo id="EdwinAvalos-PC-248ce021" start="1426639665738" dump="1426639666911"/><sessioninfo id="EdwinAvalos-PC-45ca0983" start="1426640109344" dump="1426640110531"/><sessioninfo id="EdwinAvalos-PC-71fd839" start="1426650177328" dump="1426650178527"/><sessioninfo id="EdwinAvalos-PC-37491dc" start="1426650204460" dump="1426650205663"/><sessioninfo id="EdwinAvalos-PC-225a6e56" start="1426650355902" dump="1426650357109"/><sessioninfo id="EdwinAvalos-PC-eac4ff79" start="1426650600484" dump="1426650601653"/><sessioninfo id="EdwinAvalos-PC-b9767880" start="1426650669552" dump="1426650670733"/><sessioninfo id="EdwinAvalos-PC-910f3517" start="1426650788113" dump="1426650789316"/><sessioninfo id="EdwinAvalos-PC-6b304e1b" start="1426651172775" dump="1426651173979"/><sessioninfo id="EdwinAvalos-PC-415d1de5" start="1426651216280" dump="1426651229860"/><sessioninfo id="EdwinAvalos-PC-45abf1cf" start="1426651260599" dump="1426651276486"/><sessioninfo id="EdwinAvalos-PC-46447940" start="1426651839486" dump="1426651843180"/><sessioninfo id="EdwinAvalos-PC-84685d72" start="1426652277705" dump="1426652297213"/><sessioninfo id="EdwinAvalos-PC-e1b5a89f" start="1426652461695" dump="1426652463204"/><sessioninfo id="EdwinAvalos-PC-6b73bbbb" start="1426652617879" dump="1426652623101"/><sessioninfo id="EdwinAvalos-PC-c9ab428a" start="1426671533363" dump="1426671535524"/><sessioninfo id="EdwinAvalos-PC-adc65556" start="1426671605990" dump="1426671608784"/><sessioninfo id="EdwinAvalos-PC-58df2bb8" start="1426671958487" dump="1426671960062"/><sessioninfo id="EdwinAvalos-PC-b70c6d3" start="1426672295456" dump="1426672299684"/><sessioninfo id="EdwinAvalos-PC-a4537226" start="1426672665653" dump="1426672673527"/><sessioninfo id="EdwinAvalos-PC-5be449ab" start="1426672996909" dump="1426672998449"/><sessioninfo id="EdwinAvalos-PC-cda8c9c4" start="1426673068255" dump="1426673070011"/><sessioninfo id="EdwinAvalos-PC-f2872463" start="1426673098361" dump="1426673100527"/><sessioninfo id="EdwinAvalos-PC-d95b6d52" start="1426673133137" dump="1426673134967"/><sessioninfo id="EdwinAvalos-PC-e5463a58" start="1426673628128" dump="1426673629964"/><sessioninfo id="EdwinAvalos-PC-c624e117" start="1426673841679" dump="1426673843440"/><sessioninfo id="EdwinAvalos-PC-7e1662dd" start="1426674017575" dump="1426674036993"/><sessioninfo id="EdwinAvalos-PC-d7c09748" start="1426676055506" dump="1426676056968"/><sessioninfo id="EdwinAvalos-PC-badfc7ad" start="1426709718862" dump="1426709756378"/><sessioninfo id="EdwinAvalos-PC-a83d0e20" start="1426710978483" dump="1426711172671"/><sessioninfo id="EdwinAvalos-PC-ff708988" start="1426719450325" dump="1426719452261"/><sessioninfo id="EdwinAvalos-PC-aabaa9b6" start="1426719539548" dump="1426719542212"/><sessioninfo id="EdwinAvalos-PC-89a88abd" start="1426802754816" dump="1426802991946"/><sessioninfo id="EdwinAvalos-PC-f2391969" start="1426889175670" dump="1426889178114"/><sessioninfo id="EdwinAvalos-PC-316ba151" start="1426889312431" dump="1426889314666"/><sessioninfo id="EdwinAvalos-PC-5e49423b" start="1426889879164" dump="1426889881220"/><sessioninfo id="EdwinAvalos-PC-f724dc34" start="1426890343956" dump="1426890346574"/><sessioninfo id="EdwinAvalos-PC-f432d47c" start="1426890422416" dump="1426890424424"/><sessioninfo id="EdwinAvalos-PC-2d0c1f" start="1426890491232" dump="1426890493246"/><sessioninfo id="EdwinAvalos-PC-273d900" start="1426890538915" dump="1426890540712"/><sessioninfo id="EdwinAvalos-PC-4ff8585c" start="1426890643718" dump="1426890650267"/><sessioninfo id="EdwinAvalos-PC-f53fc73c" start="1426890674366" dump="1426890680573"/><sessioninfo id="EdwinAvalos-PC-e389aac1" start="1426890816858" dump="1426890819183"/><sessioninfo id="EdwinAvalos-PC-aeebe7b9" start="1426893453556" dump="1426893460625"/><sessioninfo id="EdwinAvalos-PC-ce77fc56" start="1426904130525" dump="1426904242277"/><sessioninfo id="EdwinAvalos-PC-9decef93" start="1426904868366" dump="1426904869933"/><sessioninfo id="EdwinAvalos-PC-93ac4ace" start="1426905025670" dump="1426905027290"/><sessioninfo id="EdwinAvalos-PC-9d6f361e" start="1426905685659" dump="1426905742701"/><sessioninfo id="EdwinAvalos-PC-69765c05" start="1426907069421" dump="1426907122336"/><sessioninfo id="EdwinAvalos-PC-e3bd2eec" start="1426907679978" dump="1426907686908"/><sessioninfo id="EdwinAvalos-PC-c9b8b3ee" start="1426908709677" dump="1426908728073"/><sessioninfo id="EdwinAvalos-PC-47e0133d" start="1426910300834" dump="1426910307863"/><sessioninfo id="EdwinAvalos-PC-5a51f88a" start="1426921034970" dump="1426921036851"/><sessioninfo id="EdwinAvalos-PC-fc360d" start="1426923697159" dump="1426923698853"/><sessioninfo id="EdwinAvalos-PC-395a79c8" start="1426923747693" dump="1426923749726"/><sessioninfo id="EdwinAvalos-PC-c39e5c1c" start="1426923789812" dump="1426923791587"/><sessioninfo id="EdwinAvalos-PC-24dfb80b" start="1426924510440" dump="1426924512116"/><sessioninfo id="EdwinAvalos-PC-f6f38aa5" start="1426924579887" dump="1426924582005"/><sessioninfo id="EdwinAvalos-PC-d3e1c9b9" start="1426924644913" dump="1426924647873"/><sessioninfo id="EdwinAvalos-PC-1b752097" start="1427003524566" dump="1427003526539"/><sessioninfo id="EdwinAvalos-PC-297bb47" start="1427003582585" dump="1427003584639"/><sessioninfo id="EdwinAvalos-PC-b69664dc" start="1427003662816" dump="1427003666432"/><sessioninfo id="EdwinAvalos-PC-b03a58be" start="1427050447872" dump="1427050449844"/><sessioninfo id="EdwinAvalos-PC-315f59b7" start="1427050503665" dump="1427050508180"/><sessioninfo id="EdwinAvalos-PC-732b9b09" start="1427050565733" dump="1427050567892"/><sessioninfo id="EdwinAvalos-PC-5946cff9" start="1427050838173" dump="1427050840066"/><sessioninfo id="EdwinAvalos-PC-27a4d74e" start="1427050883123" dump="1427050884744"/><sessioninfo id="EdwinAvalos-PC-1777215b" start="1427050908587" dump="1427050917652"/><sessioninfo id="EdwinAvalos-PC-19922278" start="1427050963769" dump="1427050965648"/><sessioninfo id="EdwinAvalos-PC-9a0e7afe" start="1427051046609" dump="1427051048537"/><sessioninfo id="EdwinAvalos-PC-b06add8c" start="1427051102964" dump="1427051105521"/><sessioninfo id="EdwinAvalos-PC-a802119b" start="1427051303770" dump="1427051331222"/><sessioninfo id="EdwinAvalos-PC-4dc4c047" start="1429143138865" dump="1429143140921"/><sessioninfo id="EdwinAvalos-PC-47821cb6" start="1429143334118" dump="1429143338485"/><sessioninfo id="EdwinAvalos-PC-83486efc" start="1429143519793" dump="1429143523200"/><sessioninfo id="EdwinAvalos-PC-bf44c0f3" start="1429143593213" dump="1429143596870"/><sessioninfo id="EdwinAvalos-PC-481abf14" start="1429144117402" dump="1429144119830"/><sessioninfo id="EdwinAvalos-PC-cab08469" start="1429144468015" dump="1429144470331"/><sessioninfo id="EdwinAvalos-PC-e243270c" start="1429144567163" dump="1429144588398"/><sessioninfo id="EdwinAvalos-PC-8fb79443" start="1429144779488" dump="1429144785003"/><sessioninfo id="EdwinAvalos-PC-7e80991c" start="1429145539037" dump="1429145541280"/><sessioninfo id="EdwinAvalos-PC-f10e205c" start="1429164743335" dump="1429164747881"/><sessioninfo id="EdwinAvalos-PC-6f324fef" start="1429164851726" dump="1429164853808"/><sessioninfo id="EdwinAvalos-PC-e6ad3f05" start="1429166324868" dump="1429166326853"/><sessioninfo id="EdwinAvalos-PC-52bbb03d" start="1429166692796" dump="1429166695182"/><sessioninfo id="EdwinAvalos-PC-d5ef293f" start="1429166776104" dump="1429166778430"/><sessioninfo id="EdwinAvalos-PC-6f3ab202" start="1429166929492" dump="1429166931833"/><sessioninfo id="EdwinAvalos-PC-9db310dc" start="1429167094424" dump="1429167097673"/><sessioninfo id="EdwinAvalos-PC-ebadcc9d" start="1429167778065" dump="1429167781494"/><sessioninfo id="EdwinAvalos-PC-8dd0458c" start="1429221452214" dump="1429221456474"/><sessioninfo id="EdwinAvalos-PC-4064883f" start="1429221626322" dump="1429221630011"/><sessioninfo id="EdwinAvalos-PC-cb9d204b" start="1429221631265" dump="1429221638048"/><sessioninfo id="EdwinAvalos-PC-4ae82666" start="1429221782770" dump="1429221786366"/><sessioninfo id="EdwinAvalos-PC-6c3b714e" start="1429221787486" dump="1429221791371"/><sessioninfo id="EdwinAvalos-PC-7e185e20" start="1429221874237" dump="1429221878128"/><sessioninfo id="EdwinAvalos-PC-9437364b" start="1429221879313" dump="1429221881564"/><sessioninfo id="EdwinAvalos-PC-dd6eb75e" start="1429222057124" dump="1429222060927"/><sessioninfo id="EdwinAvalos-PC-4af16eb3" start="1429222062436" dump="1429222065233"/><sessioninfo id="EdwinAvalos-PC-3778be0f" start="1429222217958" dump="1429222222945"/><sessioninfo id="EdwinAvalos-PC-57a18809" start="1429222224179" dump="1429222226527"/><sessioninfo id="EdwinAvalos-PC-f6444a0f" start="1429223304211" dump="1429223307758"/><sessioninfo id="EdwinAvalos-PC-3a2eaedf" start="1429223309213" dump="1429223311644"/><sessioninfo id="EdwinAvalos-PC-1bdf0920" start="1429223483501" dump="1429223487931"/><sessioninfo id="EdwinAvalos-PC-2f24a761" start="1429223489228" dump="1429223492102"/><sessioninfo id="EdwinAvalos-PC-96694053" start="1429223670332" dump="1429223674665"/><sessioninfo id="EdwinAvalos-PC-3478a75d" start="1429223675885" dump="1429223678230"/><sessioninfo id="EdwinAvalos-PC-8c4237b0" start="1429224034511" dump="1429224036262"/><sessioninfo id="EdwinAvalos-PC-40f151d9" start="1429224037459" dump="1429224064439"/><sessioninfo id="EdwinAvalos-PC-fa2a15f" start="1429224224130" dump="1429224228570"/><sessioninfo id="EdwinAvalos-PC-d0d68d9a" start="1429224229716" dump="1429224232154"/><sessioninfo id="EdwinAvalos-PC-c4ce1148" start="1429224359884" dump="1429224364612"/><sessioninfo id="EdwinAvalos-PC-a7f2ac1" start="1429224365787" dump="1429224385821"/><sessioninfo id="EdwinAvalos-PC-5c066434" start="1429225213969" dump="1429225218714"/><sessioninfo id="EdwinAvalos-PC-f8cfe3b6" start="1429225219936" dump="1429225222228"/><sessioninfo id="EdwinAvalos-PC-9b8f894c" start="1429226363411" dump="1429226367902"/><sessioninfo id="EdwinAvalos-PC-e1432f40" start="1429226979829" dump="1429226982301"/><sessioninfo id="EdwinAvalos-PC-8f1ea012" start="1429226984414" dump="1429226986313"/><sessioninfo id="EdwinAvalos-PC-25aceb89" start="1429227103679" dump="1429227108269"/><sessioninfo id="EdwinAvalos-PC-2edfe956" start="1429227109502" dump="1429227112718"/><sessioninfo id="EdwinAvalos-PC-8c5c199f" start="1429227218315" dump="1429227222915"/><sessioninfo id="EdwinAvalos-PC-8ff70566" start="1429227224181" dump="1429227243727"/><sessioninfo id="EdwinAvalos-PC-4520e2e3" start="1429227965424" dump="1429227967965"/><sessioninfo id="EdwinAvalos-PC-afbed35c" start="1429227969929" dump="1429227972225"/><sessioninfo id="EdwinAvalos-PC-66e8ec1f" start="1429228191145" dump="1429228195650"/><sessioninfo id="EdwinAvalos-PC-6e8f1b4d" start="1429228196936" dump="1429228201003"/><sessioninfo id="EdwinAvalos-PC-9bd73ec1" start="1429250961092" dump="1429250965787"/><sessioninfo id="EdwinAvalos-PC-b753f524" start="1429250967103" dump="1429250969997"/><sessioninfo id="EdwinAvalos-PC-5f4cbbc7" start="1429306535414" dump="1429306539945"/><sessioninfo id="EdwinAvalos-PC-b813a6e1" start="1429306541301" dump="1429306582101"/><sessioninfo id="EdwinAvalos-PC-f32ae3e5" start="1429390192763" dump="1429390195802"/><sessioninfo id="EdwinAvalos-PC-119310e4" start="1429390197457" dump="1429390200149"/><sessioninfo id="EdwinAvalos-PC-2568110" start="1429508250697" dump="1429508255466"/><sessioninfo id="EdwinAvalos-PC-8376345d" start="1429508256709" dump="1429508258931"/><sessioninfo id="EdwinAvalos-PC-22e45421" start="1429508358956" dump="1429508364137"/><sessioninfo id="EdwinAvalos-PC-c1655004" start="1429508365323" dump="1429508369612"/><sessioninfo id="EdwinAvalos-PC-2b4030b5" start="1429508655184" dump="1429508660240"/><sessioninfo id="EdwinAvalos-PC-4352e6bf" start="1429508661458" dump="1429508663352"/><sessioninfo id="EdwinAvalos-PC-3993715d" start="1429508789110" dump="1429508793962"/><sessioninfo id="EdwinAvalos-PC-6580ba48" start="1429508795198" dump="1429508797738"/><sessioninfo id="EdwinAvalos-PC-9a71cf92" start="1429509227954" dump="1429509232807"/><sessioninfo id="EdwinAvalos-PC-7c96ec95" start="1429509234009" dump="1429509381371"/><sessioninfo id="EdwinAvalos-PC-e5da7756" start="1429509452583" dump="1429509457560"/><sessioninfo id="EdwinAvalos-PC-9f8b6d42" start="1429509458778" dump="1429509616121"/><sessioninfo id="EdwinAvalos-PC-fa6d4a10" start="1429510213794" dump="1429510218893"/><sessioninfo id="EdwinAvalos-PC-a1198bf" start="1429510220016" dump="1429510222153"/><package name="com/groupc/game1"><class name="com/groupc/game1/Game1Assets"><method name="&lt;init&gt;" desc="()V"><counter type="INSTRUCTION" missed="3" covered="20"/><counter type="COMPLEXITY" missed="0" covered="1"/><counter type="METHOD" missed="0" covered="1"/></method><method name="load" desc="()V"><counter type="INSTRUCTION" missed="0" covered="291"/><counter type="COMPLEXITY" missed="0" covered="1"/><counter type="METHOD" missed="0" covered="1"/></method><method name="reload" desc="()V"><counter type="INSTRUCTION" missed="41" covered="21"/><counter type="BRANCH" missed="1" covered="1"/><counter type="COMPLEXITY" missed="1" covered="1"/><counter type="METHOD" missed="0" covered="1"/></method><counter type="INSTRUCTION" missed="44" covered="332"/><counter type="BRANCH" missed="1" covered="1"/><counter type="COMPLEXITY" missed="1" covered="3"/><counter type="METHOD" missed="0" covered="3"/><counter type="CLASS" missed="0" covered="1"/></class><class name="com/groupc/game1/World"><method name="&lt;init&gt;" desc="(Lcom/groupc/game/Asset;)V"><counter type="INSTRUCTION" missed="0" covered="123"/><counter type="COMPLEXITY" missed="0" covered="1"/><counter type="METHOD" missed="0" covered="1"/></method><method name="updateSeeds" desc="()V"><counter type="INSTRUCTION" missed="37" covered="24"/><counter type="BRANCH" missed="1" covered="3"/><counter type="COMPLEXITY" missed="1" covered="2"/><counter type="METHOD" missed="0" covered="1"/></method><method name="updateCow" desc="(F)V"><counter type="INSTRUCTION" missed="29" covered="17"/><counter type="BRANCH" missed="3" covered="1"/><counter type="COMPLEXITY" missed="2" covered="1"/><counter type="METHOD" missed="0" covered="1"/></method><method name="updateHayStack" desc="()V"><counter type="INSTRUCTION" missed="60" covered="13"/><counter type="BRANCH" missed="5" covered="1"/><counter type="COMPLEXITY" missed="3" covered="1"/><counter type="METHOD" missed="0" covered="1"/></method><method name="update" desc="(F)V"><counter type="INSTRUCTION" missed="28" covered="23"/><counter type="BRANCH" missed="2" covered="2"/><counter type="COMPLEXITY" missed="2" covered="1"/><counter type="METHOD" missed="0" covered="1"/></method><method name="save" desc="()V"><counter type="INSTRUCTION" missed="60" covered="0"/><counter type="BRANCH" missed="2" covered="0"/><counter type="COMPLEXITY" missed="2" covered="0"/><counter type="METHOD" missed="1" covered="0"/></method><method name="inputHandling" desc="()V"><counter type="INSTRUCTION" missed="74" covered="11"/><counter type="BRANCH" missed="35" covered="5"/><counter type="COMPLEXITY" missed="19" covered="2"/><counter type="METHOD" missed="0" covered="1"/></method><method name="updateJoey" desc="(F)V"><counter type="INSTRUCTION" missed="19" covered="10"/><counter type="BRANCH" missed="3" covered="1"/><counter type="COMPLEXITY" missed="2" covered="1"/><counter type="METHOD" missed="0" covered="1"/></method><method name="renderPlaying" desc="()V"><counter type="INSTRUCTION" missed="57" covered="54"/><counter type="BRANCH" missed="11" covered="1"/><counter type="COMPLEXITY" missed="6" covered="1"/><counter type="METHOD" missed="0" covered="1"/></method><method name="renderHay" desc="()V"><counter type="INSTRUCTION" missed="25" covered="29"/><counter type="BRANCH" missed="1" covered="1"/><counter type="COMPLEXITY" missed="1" covered="1"/><counter type="METHOD" missed="0" covered="1"/></method><method name="renderHud" desc="()V"><counter type="INSTRUCTION" missed="0" covered="110"/><counter type="COMPLEXITY" missed="0" covered="1"/><counter type="METHOD" missed="0" covered="1"/></method><method name="renderJoey" desc="()V"><counter type="INSTRUCTION" missed="48" covered="30"/><counter type="BRANCH" missed="8" covered="1"/><counter type="COMPLEXITY" missed="8" covered="1"/><counter type="METHOD" missed="0" covered="1"/></method><method name="renderRamp" desc="()V"><counter type="INSTRUCTION" missed="0" covered="31"/><counter type="COMPLEXITY" missed="0" covered="1"/><counter type="METHOD" missed="0" covered="1"/></method><method name="renderSeeds" desc="()V"><counter type="INSTRUCTION" missed="0" covered="38"/><counter type="BRANCH" missed="0" covered="2"/><counter type="COMPLEXITY" missed="0" covered="2"/><counter type="METHOD" missed="0" covered="1"/></method><method name="renderCow" desc="()V"><counter type="INSTRUCTION" missed="24" covered="30"/><counter type="BRANCH" missed="2" covered="1"/><counter type="COMPLEXITY" missed="2" covered="1"/><counter type="METHOD" missed="0" covered="1"/></method><method name="renderOver" desc="()V"><counter type="INSTRUCTION" missed="52" covered="0"/><counter type="COMPLEXITY" missed="1" covered="0"/><counter type="METHOD" missed="1" covered="0"/></method><method name="renderPaused" desc="()V"><counter type="INSTRUCTION" missed="33" covered="0"/><counter type="COMPLEXITY" missed="1" covered="0"/><counter type="METHOD" missed="1" covered="0"/></method><method name="collision" desc="()V"><counter type="INSTRUCTION" missed="0" covered="9"/><counter type="COMPLEXITY" missed="0" covered="1"/><counter type="METHOD" missed="0" covered="1"/></method><method name="collisionHay" desc="()V"><counter type="INSTRUCTION" missed="13" covered="9"/><counter type="BRANCH" missed="3" covered="1"/><counter type="COMPLEXITY" missed="2" covered="1"/><counter type="METHOD" missed="0" covered="1"/></method><method name="collisionRamp" desc="()V"><counter type="INSTRUCTION" missed="0" covered="12"/><counter type="BRANCH" missed="0" covered="2"/><counter type="COMPLEXITY" missed="0" covered="2"/><counter type="METHOD" missed="0" covered="1"/></method><method name="collisionCow" desc="()V"><counter type="INSTRUCTION" missed="22" covered="9"/><counter type="BRANCH" missed="3" covered="1"/><counter type="COMPLEXITY" missed="2" covered="1"/><counter type="METHOD" missed="0" covered="1"/></method><method name="collisionSeed" desc="()V"><counter type="INSTRUCTION" missed="45" covered="20"/><counter type="BRANCH" missed="1" covered="3"/><counter type="COMPLEXITY" missed="1" covered="2"/><counter type="METHOD" missed="0" covered="1"/></method><method name="present" desc="(F)V"><counter type="INSTRUCTION" missed="5" covered="7"/><counter type="BRANCH" missed="3" covered="1"/><counter type="COMPLEXITY" missed="3" covered="1"/><counter type="METHOD" missed="0" covered="1"/></method><method name="pause" desc="()V"><counter type="INSTRUCTION" missed="6" covered="0"/><counter type="COMPLEXITY" missed="1" covered="0"/><counter type="METHOD" missed="1" covered="0"/></method><method name="resume" desc="()V"><counter type="INSTRUCTION" missed="1" covered="0"/><counter type="COMPLEXITY" missed="1" covered="0"/><counter type="METHOD" missed="1" covered="0"/></method><method name="dispose" desc="()V"><counter type="INSTRUCTION" missed="6" covered="0"/><counter type="COMPLEXITY" missed="1" covered="0"/><counter type="METHOD" missed="1" covered="0"/></method><method name="getNext" desc="()Lcom/groupc/game/GameScreen;"><counter type="INSTRUCTION" missed="6" covered="0"/><counter type="COMPLEXITY" missed="1" covered="0"/><counter type="METHOD" missed="1" covered="0"/></method><counter type="INSTRUCTION" missed="650" covered="609"/><counter type="BRANCH" missed="83" covered="27"/><counter type="COMPLEXITY" missed="62" covered="25"/><counter type="METHOD" missed="7" covered="20"/><counter type="CLASS" missed="0" covered="1"/></class><class name="com/groupc/game1/UpgradeScreen"><method name="&lt;init&gt;" desc="(Lcom/groupc/game/Asset;)V"><counter type="INSTRUCTION" missed="113" covered="0"/><counter type="COMPLEXITY" missed="1" covered="0"/><counter type="METHOD" missed="1" covered="0"/></method><method name="update" desc="(F)V"><counter type="INSTRUCTION" missed="142" covered="0"/><counter type="BRANCH" missed="18" covered="0"/><counter type="COMPLEXITY" missed="10" covered="0"/><counter type="METHOD" missed="1" covered="0"/></method><method name="present" desc="(F)V"><counter type="INSTRUCTION" missed="93" covered="0"/><counter type="COMPLEXITY" missed="1" covered="0"/><counter type="METHOD" missed="1" covered="0"/></method><method name="pause" desc="()V"><counter type="INSTRUCTION" missed="1" covered="0"/><counter type="COMPLEXITY" missed="1" covered="0"/><counter type="METHOD" missed="1" covered="0"/></method><method name="resume" desc="()V"><counter type="INSTRUCTION" missed="1" covered="0"/><counter type="COMPLEXITY" missed="1" covered="0"/><counter type="METHOD" missed="1" covered="0"/></method><method name="dispose" desc="()V"><counter type="INSTRUCTION" missed="8" covered="0"/><counter type="COMPLEXITY" missed="1" covered="0"/><counter type="METHOD" missed="1" covered="0"/></method><method name="getNext" desc="()Lcom/groupc/game/GameScreen;"><counter type="INSTRUCTION" missed="6" covered="0"/><counter type="COMPLEXITY" missed="1" covered="0"/><counter type="METHOD" missed="1" covered="0"/></method><counter type="INSTRUCTION" missed="364" covered="0"/><counter type="BRANCH" missed="18" covered="0"/><counter type="COMPLEXITY" missed="16" covered="0"/><counter type="METHOD" missed="7" covered="0"/><counter type="CLASS" missed="1" covered="0"/></class><class name="com/groupc/game1/Seed"><method name="&lt;init&gt;" desc="(FF)V"><counter type="INSTRUCTION" missed="0" covered="7"/><counter type="COMPLEXITY" missed="0" covered="1"/><counter type="METHOD" missed="0" covered="1"/></method><method name="update" desc="()V"><counter type="INSTRUCTION" missed="18" covered="0"/><counter type="COMPLEXITY" missed="1" covered="0"/><counter type="METHOD" missed="1" covered="0"/></method><counter type="INSTRUCTION" missed="18" covered="7"/><counter type="COMPLEXITY" missed="1" covered="1"/><counter type="METHOD" missed="1" covered="1"/><counter type="CLASS" missed="0" covered="1"/></class><class name="com/groupc/game1/Options"><method name="&lt;init&gt;" desc="(Lcom/groupc/game/Asset;Lcom/groupc/game/Camera;)V"><counter type="INSTRUCTION" missed="47" covered="0"/><counter type="COMPLEXITY" missed="1" covered="0"/><counter type="METHOD" missed="1" covered="0"/></method><method name="update" desc="(F)V"><counter type="INSTRUCTION" missed="58" covered="0"/><counter type="BRANCH" missed="14" covered="0"/><counter type="COMPLEXITY" missed="8" covered="0"/><counter type="METHOD" missed="1" covered="0"/></method><method name="present" desc="(F)V"><counter type="INSTRUCTION" missed="58" covered="0"/><counter type="BRANCH" missed="2" covered="0"/><counter type="COMPLEXITY" missed="2" covered="0"/><counter type="METHOD" missed="1" covered="0"/></method><method name="pause" desc="()V"><counter type="INSTRUCTION" missed="1" covered="0"/><counter type="COMPLEXITY" missed="1" covered="0"/><counter type="METHOD" missed="1" covered="0"/></method><method name="resume" desc="()V"><counter type="INSTRUCTION" missed="1" covered="0"/><counter type="COMPLEXITY" missed="1" covered="0"/><counter type="METHOD" missed="1" covered="0"/></method><method name="dispose" desc="()V"><counter type="INSTRUCTION" missed="14" covered="0"/><counter type="COMPLEXITY" missed="1" covered="0"/><counter type="METHOD" missed="1" covered="0"/></method><method name="getNext" desc="()Lcom/groupc/game/GameScreen;"><counter type="INSTRUCTION" missed="6" covered="0"/><counter type="COMPLEXITY" missed="1" covered="0"/><counter type="METHOD" missed="1" covered="0"/></method><counter type="INSTRUCTION" missed="185" covered="0"/><counter type="BRANCH" missed="16" covered="0"/><counter type="COMPLEXITY" missed="15" covered="0"/><counter type="METHOD" missed="7" covered="0"/><counter type="CLASS" missed="1" covered="0"/></class><class name="com/groupc/game1/HayStack"><method name="&lt;init&gt;" desc="(FF)V"><counter type="INSTRUCTION" missed="0" covered="10"/><counter type="COMPLEXITY" missed="0" covered="1"/><counter type="METHOD" missed="0" covered="1"/></method><method name="update" desc="()V"><counter type="INSTRUCTION" missed="18" covered="0"/><counter type="COMPLEXITY" missed="1" covered="0"/><counter type="METHOD" missed="1" covered="0"/></method><method name="getHit" desc="()Z"><counter type="INSTRUCTION" missed="0" covered="3"/><counter type="COMPLEXITY" missed="0" covered="1"/><counter type="METHOD" missed="0" covered="1"/></method><method name="setHit" desc="(Z)V"><counter type="INSTRUCTION" missed="4" covered="0"/><counter type="COMPLEXITY" missed="1" covered="0"/><counter type="METHOD" missed="1" covered="0"/></method><counter type="INSTRUCTION" missed="22" covered="13"/><counter type="COMPLEXITY" missed="2" covered="2"/><counter type="METHOD" missed="2" covered="2"/><counter type="CLASS" missed="0" covered="1"/></class><class name="com/groupc/game1/JoeyRooster"><method name="&lt;init&gt;" desc="(FFFI)V"><counter type="INSTRUCTION" missed="0" covered="28"/><counter type="COMPLEXITY" missed="0" covered="1"/><counter type="METHOD" missed="0" covered="1"/></method><method name="update" desc="(F)V"><counter type="INSTRUCTION" missed="128" covered="80"/><counter type="BRANCH" missed="22" covered="10"/><counter type="COMPLEXITY" missed="15" covered="2"/><counter type="METHOD" missed="0" covered="1"/></method><method name="hitRamp" desc="()V"><counter type="INSTRUCTION" missed="0" covered="18"/><counter type="COMPLEXITY" missed="0" covered="1"/><counter type="METHOD" missed="0" covered="1"/></method><method name="flap" desc="()V"><counter type="INSTRUCTION" missed="32" covered="0"/><counter type="BRANCH" missed="6" covered="0"/><counter type="COMPLEXITY" missed="4" covered="0"/><counter type="METHOD" missed="1" covered="0"/></method><method name="hitCow" desc="(Lcom/groupc/game1/Cow;)V"><counter type="INSTRUCTION" missed="50" covered="0"/><counter type="BRANCH" missed="4" covered="0"/><counter type="COMPLEXITY" missed="3" covered="0"/><counter type="METHOD" missed="1" covered="0"/></method><method name="hitHay" desc="(Lcom/groupc/game1/HayStack;)V"><counter type="INSTRUCTION" missed="24" covered="0"/><counter type="BRANCH" missed="4" covered="0"/><counter type="COMPLEXITY" missed="3" covered="0"/><counter type="METHOD" missed="1" covered="0"/></method><method name="toggleGlide" desc="()V"><counter type="INSTRUCTION" missed="36" covered="0"/><counter type="BRANCH" missed="6" covered="0"/><counter type="COMPLEXITY" missed="4" covered="0"/><counter type="METHOD" missed="1" covered="0"/></method><method name="getState" desc="()I"><counter type="INSTRUCTION" missed="0" covered="3"/><counter type="COMPLEXITY" missed="0" covered="1"/><counter type="METHOD" missed="0" covered="1"/></method><method name="getStateTime" desc="()F"><counter type="INSTRUCTION" missed="3" covered="0"/><counter type="COMPLEXITY" missed="1" covered="0"/><counter type="METHOD" missed="1" covered="0"/></method><method name="getCurrentStatima" desc="()F"><counter type="INSTRUCTION" missed="3" covered="0"/><counter type="COMPLEXITY" missed="1" covered="0"/><counter type="METHOD" missed="1" covered="0"/></method><method name="setState" desc="(I)V"><counter type="INSTRUCTION" missed="4" covered="0"/><counter type="COMPLEXITY" missed="1" covered="0"/><counter type="METHOD" missed="1" covered="0"/></method><counter type="INSTRUCTION" missed="280" covered="129"/><counter type="BRANCH" missed="42" covered="10"/><counter type="COMPLEXITY" missed="32" covered="5"/><counter type="METHOD" missed="7" covered="4"/><counter type="CLASS" missed="0" covered="1"/></class><class name="com/groupc/game1/Cow"><method name="&lt;init&gt;" desc="(FF)V"><counter type="INSTRUCTION" missed="0" covered="7"/><counter type="COMPLEXITY" missed="0" covered="1"/><counter type="METHOD" missed="0" covered="1"/></method><method name="update" desc="(F)V"><counter type="INSTRUCTION" missed="14" covered="29"/><counter type="BRANCH" missed="3" covered="1"/><counter type="COMPLEXITY" missed="2" covered="1"/><counter type="METHOD" missed="0" covered="1"/></method><method name="hit" desc="()V"><counter type="INSTRUCTION" missed="7" covered="0"/><counter type="COMPLEXITY" missed="1" covered="0"/><counter type="METHOD" missed="1" covered="0"/></method><counter type="INSTRUCTION" missed="21" covered="36"/><counter type="BRANCH" missed="3" covered="1"/><counter type="COMPLEXITY" missed="3" covered="2"/><counter type="METHOD" missed="1" covered="2"/><counter type="CLASS" missed="0" covered="1"/></class><class name="com/groupc/game1/Instructions"><method name="&lt;init&gt;" desc="(Lcom/groupc/game/Asset;)V"><counter type="INSTRUCTION" missed="28" covered="0"/><counter type="COMPLEXITY" missed="1" covered="0"/><counter type="METHOD" missed="1" covered="0"/></method><method name="update" desc="(F)V"><counter type="INSTRUCTION" missed="24" covered="0"/><counter type="BRANCH" missed="4" covered="0"/><counter type="COMPLEXITY" missed="3" covered="0"/><counter type="METHOD" missed="1" covered="0"/></method><method name="present" desc="(F)V"><counter type="INSTRUCTION" missed="45" covered="0"/><counter type="COMPLEXITY" missed="1" covered="0"/><counter type="METHOD" missed="1" covered="0"/></method><method name="pause" desc="()V"><counter type="INSTRUCTION" missed="1" covered="0"/><counter type="COMPLEXITY" missed="1" covered="0"/><counter type="METHOD" missed="1" covered="0"/></method><method name="resume" desc="()V"><counter type="INSTRUCTION" missed="1" covered="0"/><counter type="COMPLEXITY" missed="1" covered="0"/><counter type="METHOD" missed="1" covered="0"/></method><method name="dispose" desc="()V"><counter type="INSTRUCTION" missed="4" covered="0"/><counter type="COMPLEXITY" missed="1" covered="0"/><counter type="METHOD" missed="1" covered="0"/></method><method name="getNext" desc="()Lcom/groupc/game/GameScreen;"><counter type="INSTRUCTION" missed="6" covered="0"/><counter type="COMPLEXITY" missed="1" covered="0"/><counter type="METHOD" missed="1" covered="0"/></method><counter type="INSTRUCTION" missed="109" covered="0"/><counter type="BRANCH" missed="4" covered="0"/><counter type="COMPLEXITY" missed="9" covered="0"/><counter type="METHOD" missed="7" covered="0"/><counter type="CLASS" missed="1" covered="0"/></class><class name="com/groupc/game1/Ramp"><method name="&lt;init&gt;" desc="(FFF)V"><counter type="INSTRUCTION" missed="0" covered="7"/><counter type="COMPLEXITY" missed="0" covered="1"/><counter type="METHOD" missed="0" covered="1"/></method><counter type="INSTRUCTION" missed="0" covered="7"/><counter type="COMPLEXITY" missed="0" covered="1"/><counter type="METHOD" missed="0" covered="1"/><counter type="CLASS" missed="0" covered="1"/></class><class name="com/groupc/game1/MainMenu"><method name="&lt;init&gt;" desc="(Lcom/groupc/game/Asset;)V"><counter type="INSTRUCTION" missed="64" covered="0"/><counter type="COMPLEXITY" missed="1" covered="0"/><counter type="METHOD" missed="1" covered="0"/></method><method name="update" desc="(F)V"><counter type="INSTRUCTION" missed="60" covered="0"/><counter type="BRANCH" missed="10" covered="0"/><counter type="COMPLEXITY" missed="6" covered="0"/><counter type="METHOD" missed="1" covered="0"/></method><method name="present" desc="(F)V"><counter type="INSTRUCTION" missed="55" covered="0"/><counter type="COMPLEXITY" missed="1" covered="0"/><counter type="METHOD" missed="1" covered="0"/></method><method name="pause" desc="()V"><counter type="INSTRUCTION" missed="1" covered="0"/><counter type="COMPLEXITY" missed="1" covered="0"/><counter type="METHOD" missed="1" covered="0"/></method><method name="resume" desc="()V"><counter type="INSTRUCTION" missed="1" covered="0"/><counter type="COMPLEXITY" missed="1" covered="0"/><counter type="METHOD" missed="1" covered="0"/></method><method name="dispose" desc="()V"><counter type="INSTRUCTION" missed="4" covered="0"/><counter type="COMPLEXITY" missed="1" covered="0"/><counter type="METHOD" missed="1" covered="0"/></method><method name="getNext" desc="()Lcom/groupc/game/GameScreen;"><counter type="INSTRUCTION" missed="44" covered="0"/><counter type="BRANCH" missed="8" covered="0"/><counter type="COMPLEXITY" missed="5" covered="0"/><counter type="METHOD" missed="1" covered="0"/></method><counter type="INSTRUCTION" missed="229" covered="0"/><counter type="BRANCH" missed="18" covered="0"/><counter type="COMPLEXITY" missed="16" covered="0"/><counter type="METHOD" missed="7" covered="0"/><counter type="CLASS" missed="1" covered="0"/></class><counter type="INSTRUCTION" missed="1922" covered="1133"/><counter type="BRANCH" missed="185" covered="39"/><counter type="COMPLEXITY" missed="157" covered="39"/><counter type="METHOD" missed="46" covered="33"/><counter type="CLASS" missed="4" covered="7"/></package><package name="com/groupc/game2"><class name="com/groupc/game2/MainMenu"><method name="&lt;init&gt;" desc="(Lcom/groupc/game/Asset;)V"><counter type="INSTRUCTION" missed="64" covered="0"/><counter type="COMPLEXITY" missed="1" covered="0"/><counter type="METHOD" missed="1" covered="0"/></method><method name="update" desc="(F)V"><counter type="INSTRUCTION" missed="48" covered="0"/><counter type="BRANCH" missed="10" covered="0"/><counter type="COMPLEXITY" missed="6" covered="0"/><counter type="METHOD" missed="1" covered="0"/></method><method name="present" desc="(F)V"><counter type="INSTRUCTION" missed="36" covered="0"/><counter type="COMPLEXITY" missed="1" covered="0"/><counter type="METHOD" missed="1" covered="0"/></method><method name="pause" desc="()V"><counter type="INSTRUCTION" missed="1" covered="0"/><counter type="COMPLEXITY" missed="1" covered="0"/><counter type="METHOD" missed="1" covered="0"/></method><method name="resume" desc="()V"><counter type="INSTRUCTION" missed="1" covered="0"/><counter type="COMPLEXITY" missed="1" covered="0"/><counter type="METHOD" missed="1" covered="0"/></method><method name="dispose" desc="()V"><counter type="INSTRUCTION" missed="4" covered="0"/><counter type="COMPLEXITY" missed="1" covered="0"/><counter type="METHOD" missed="1" covered="0"/></method><method name="getNext" desc="()Lcom/groupc/game/GameScreen;"><counter type="INSTRUCTION" missed="6" covered="0"/><counter type="COMPLEXITY" missed="1" covered="0"/><counter type="METHOD" missed="1" covered="0"/></method><counter type="INSTRUCTION" missed="160" covered="0"/><counter type="BRANCH" missed="10" covered="0"/><counter type="COMPLEXITY" missed="12" covered="0"/><counter type="METHOD" missed="7" covered="0"/><counter type="CLASS" missed="1" covered="0"/></class><class name="com/groupc/game2/LREnemy"><method name="&lt;init&gt;" desc="(FF)V"><counter type="INSTRUCTION" missed="0" covered="10"/><counter type="COMPLEXITY" missed="0" covered="1"/><counter type="METHOD" missed="0" covered="1"/></method><method name="collision" desc="(Lcom/groupc/game/GameObject;)V"><counter type="INSTRUCTION" missed="33" covered="0"/><counter type="BRANCH" missed="2" covered="0"/><counter type="COMPLEXITY" missed="2" covered="0"/><counter type="METHOD" missed="1" covered="0"/></method><counter type="INSTRUCTION" missed="33" covered="10"/><counter type="BRANCH" missed="2" covered="0"/><counter type="COMPLEXITY" missed="2" covered="1"/><counter type="METHOD" missed="1" covered="1"/><counter type="CLASS" missed="0" covered="1"/></class><class name="com/groupc/game2/Spike"><method name="&lt;init&gt;" desc="(FF)V"><counter type="INSTRUCTION" missed="0" covered="13"/><counter type="COMPLEXITY" missed="0" covered="1"/><counter type="METHOD" missed="0" covered="1"/></method><method name="update" desc="(F)V"><counter type="INSTRUCTION" missed="10" covered="17"/><counter type="BRANCH" missed="2" covered="2"/><counter type="COMPLEXITY" missed="2" covered="1"/><counter type="METHOD" missed="0" covered="1"/></method><method name="getState" desc="()I"><counter type="INSTRUCTION" missed="0" covered="3"/><counter type="COMPLEXITY" missed="0" covered="1"/><counter type="METHOD" missed="0" covered="1"/></method><method name="setState" desc="(I)V"><counter type="INSTRUCTION" missed="0" covered="4"/><counter type="COMPLEXITY" missed="0" covered="1"/><counter type="METHOD" missed="0" covered="1"/></method><counter type="INSTRUCTION" missed="10" covered="37"/><counter type="BRANCH" missed="2" covered="2"/><counter type="COMPLEXITY" missed="2" covered="4"/><counter type="METHOD" missed="0" covered="4"/><counter type="CLASS" missed="0" covered="1"/></class><class name="com/groupc/game2/Pit"><method name="&lt;init&gt;" desc="(FF)V"><counter type="INSTRUCTION" missed="7" covered="0"/><counter type="COMPLEXITY" missed="1" covered="0"/><counter type="METHOD" missed="1" covered="0"/></method><counter type="INSTRUCTION" missed="7" covered="0"/><counter type="COMPLEXITY" missed="1" covered="0"/><counter type="METHOD" missed="1" covered="0"/><counter type="CLASS" missed="1" covered="0"/></class><class name="com/groupc/game2/Dirt"><method name="&lt;init&gt;" desc="(FF)V"><counter type="INSTRUCTION" missed="0" covered="18"/><counter type="COMPLEXITY" missed="0" covered="1"/><counter type="METHOD" missed="0" covered="1"/></method><method name="getHasGem" desc="()Z"><counter type="INSTRUCTION" missed="3" covered="0"/><counter type="COMPLEXITY" missed="1" covered="0"/><counter type="METHOD" missed="1" covered="0"/></method><method name="isActive" desc="()Z"><counter type="INSTRUCTION" missed="0" covered="3"/><counter type="COMPLEXITY" missed="0" covered="1"/><counter type="METHOD" missed="0" covered="1"/></method><method name="setActive" desc="(Z)V"><counter type="INSTRUCTION" missed="0" covered="4"/><counter type="COMPLEXITY" missed="0" covered="1"/><counter type="METHOD" missed="0" covered="1"/></method><counter type="INSTRUCTION" missed="3" covered="25"/><counter type="COMPLEXITY" missed="1" covered="3"/><counter type="METHOD" missed="1" covered="3"/><counter type="CLASS" missed="0" covered="1"/></class><class name="com/groupc/game2/MazeWorld"><method name="&lt;init&gt;" desc="(Lcom/groupc/game/Asset;)V"><counter type="INSTRUCTION" missed="0" covered="88"/><counter type="COMPLEXITY" missed="0" covered="1"/><counter type="METHOD" missed="0" covered="1"/></method><method name="generateLevel" desc="(I)V"><counter type="INSTRUCTION" missed="110" covered="220"/><counter type="BRANCH" missed="4" covered="22"/><counter type="COMPLEXITY" missed="4" covered="10"/><counter type="METHOD" missed="0" covered="1"/></method><method name="update" desc="(F)V"><counter type="INSTRUCTION" missed="0" covered="23"/><counter type="BRANCH" missed="1" covered="1"/><counter type="COMPLEXITY" missed="1" covered="1"/><counter type="METHOD" missed="0" covered="1"/></method><method name="updateSpikes" desc="(F)V"><counter type="INSTRUCTION" missed="9" covered="8"/><counter type="BRANCH" missed="1" covered="1"/><counter type="COMPLEXITY" missed="1" covered="1"/><counter type="METHOD" missed="0" covered="1"/></method><method name="updateEnemies" desc="(F)V"><counter type="INSTRUCTION" missed="9" covered="8"/><counter type="BRANCH" missed="1" covered="1"/><counter type="COMPLEXITY" missed="1" covered="1"/><counter type="METHOD" missed="0" covered="1"/></method><method name="collisionChecker" desc="()V"><counter type="INSTRUCTION" missed="0" covered="15"/><counter type="COMPLEXITY" missed="0" covered="1"/><counter type="METHOD" missed="0" covered="1"/></method><method name="collisionDirt" desc="()V"><counter type="INSTRUCTION" missed="47" covered="39"/><counter type="BRANCH" missed="5" covered="5"/><counter type="COMPLEXITY" missed="4" covered="2"/><counter type="METHOD" missed="0" covered="1"/></method><method name="collisionSpike" desc="()V"><counter type="INSTRUCTION" missed="24" covered="8"/><counter type="BRANCH" missed="5" covered="1"/><counter type="COMPLEXITY" missed="3" covered="1"/><counter type="METHOD" missed="0" covered="1"/></method><method name="collisionGem" desc="()V"><counter type="INSTRUCTION" missed="33" covered="8"/><counter type="BRANCH" missed="5" covered="1"/><counter type="COMPLEXITY" missed="3" covered="1"/><counter type="METHOD" missed="0" covered="1"/></method><method name="collisionEnemy" desc="()V"><counter type="INSTRUCTION" missed="118" covered="8"/><counter type="BRANCH" missed="15" covered="1"/><counter type="COMPLEXITY" missed="8" covered="1"/><counter type="METHOD" missed="0" covered="1"/></method><method name="collisionGoal" desc="()V"><counter type="INSTRUCTION" missed="2" covered="9"/><counter type="BRANCH" missed="1" covered="1"/><counter type="COMPLEXITY" missed="1" covered="1"/><counter type="METHOD" missed="0" covered="1"/></method><method name="collisionWall" desc="()V"><counter type="INSTRUCTION" missed="8" covered="21"/><counter type="BRANCH" missed="1" covered="3"/><counter type="COMPLEXITY" missed="1" covered="2"/><counter type="METHOD" missed="0" covered="1"/></method><method name="collisionPit" desc="()V"><counter type="INSTRUCTION" missed="21" covered="8"/><counter type="BRANCH" missed="3" covered="1"/><counter type="COMPLEXITY" missed="2" covered="1"/><counter type="METHOD" missed="0" covered="1"/></method><method name="inputHandling" desc="()V"><counter type="INSTRUCTION" missed="163" covered="3"/><counter type="BRANCH" missed="43" covered="1"/><counter type="COMPLEXITY" missed="22" covered="1"/><counter type="METHOD" missed="0" covered="1"/></method><method name="levelDone" desc="()V"><counter type="INSTRUCTION" missed="0" covered="63"/><counter type="COMPLEXITY" missed="0" covered="1"/><counter type="METHOD" missed="0" covered="1"/></method><method name="present" desc="(F)V"><counter type="INSTRUCTION" missed="0" covered="24"/><counter type="COMPLEXITY" missed="0" covered="1"/><counter type="METHOD" missed="0" covered="1"/></method><method name="renderDirt" desc="()V"><counter type="INSTRUCTION" missed="0" covered="45"/><counter type="BRANCH" missed="1" covered="3"/><counter type="COMPLEXITY" missed="1" covered="2"/><counter type="METHOD" missed="0" covered="1"/></method><method name="renderSpikes" desc="()V"><counter type="INSTRUCTION" missed="67" covered="8"/><counter type="BRANCH" missed="3" covered="1"/><counter type="COMPLEXITY" missed="2" covered="1"/><counter type="METHOD" missed="0" covered="1"/></method><method name="renderGem" desc="()V"><counter type="INSTRUCTION" missed="37" covered="8"/><counter type="BRANCH" missed="3" covered="1"/><counter type="COMPLEXITY" missed="2" covered="1"/><counter type="METHOD" missed="0" covered="1"/></method><method name="renderEnemy" desc="()V"><counter type="INSTRUCTION" missed="51" covered="8"/><counter type="BRANCH" missed="5" covered="1"/><counter type="COMPLEXITY" missed="3" covered="1"/><counter type="METHOD" missed="0" covered="1"/></method><method name="renderHint" desc="()V"><counter type="INSTRUCTION" missed="47" covered="17"/><counter type="BRANCH" missed="7" covered="1"/><counter type="COMPLEXITY" missed="4" covered="1"/><counter type="METHOD" missed="0" covered="1"/></method><method name="renderGoal" desc="()V"><counter type="INSTRUCTION" missed="0" covered="23"/><counter type="COMPLEXITY" missed="0" covered="1"/><counter type="METHOD" missed="0" covered="1"/></method><method name="renderWalls" desc="()V"><counter type="INSTRUCTION" missed="0" covered="21"/><counter type="BRANCH" missed="0" covered="2"/><counter type="COMPLEXITY" missed="0" covered="2"/><counter type="METHOD" missed="0" covered="1"/></method><method name="renderPits" desc="()V"><counter type="INSTRUCTION" missed="30" covered="8"/><counter type="BRANCH" missed="1" covered="1"/><counter type="COMPLEXITY" missed="1" covered="1"/><counter type="METHOD" missed="0" covered="1"/></method><method name="renderBackground" desc="()V"><counter type="INSTRUCTION" missed="0" covered="13"/><counter type="COMPLEXITY" missed="0" covered="1"/><counter type="METHOD" missed="0" covered="1"/></method><method name="renderPlayer" desc="()V"><counter type="INSTRUCTION" missed="54" covered="38"/><counter type="BRANCH" missed="5" covered="1"/><counter type="COMPLEXITY" missed="3" covered="1"/><counter type="METHOD" missed="0" covered="1"/></method><method name="pause" desc="()V"><counter type="INSTRUCTION" missed="1" covered="0"/><counter type="COMPLEXITY" missed="1" covered="0"/><counter type="METHOD" missed="1" covered="0"/></method><method name="resume" desc="()V"><counter type="INSTRUCTION" missed="1" covered="0"/><counter type="COMPLEXITY" missed="1" covered="0"/><counter type="METHOD" missed="1" covered="0"/></method><method name="dispose" desc="()V"><counter type="INSTRUCTION" missed="4" covered="0"/><counter type="COMPLEXITY" missed="1" covered="0"/><counter type="METHOD" missed="1" covered="0"/></method><method name="getNext" desc="()Lcom/groupc/game/GameScreen;"><counter type="INSTRUCTION" missed="6" covered="0"/><counter type="COMPLEXITY" missed="1" covered="0"/><counter type="METHOD" missed="1" covered="0"/></method><method name="getState" desc="()I"><counter type="INSTRUCTION" missed="3" covered="0"/><counter type="COMPLEXITY" missed="1" covered="0"/><counter type="METHOD" missed="1" covered="0"/></method><method name="getLevel" desc="()I"><counter type="INSTRUCTION" missed="0" covered="3"/><counter type="COMPLEXITY" missed="0" covered="1"/><counter type="METHOD" missed="0" covered="1"/></method><method name="setLevel" desc="(I)V"><counter type="INSTRUCTION" missed="0" covered="4"/><counter type="COMPLEXITY" missed="0" covered="1"/><counter type="METHOD" missed="0" covered="1"/></method><counter type="INSTRUCTION" missed="845" covered="749"/><counter type="BRANCH" missed="110" covered="50"/><counter type="COMPLEXITY" missed="72" covered="41"/><counter type="METHOD" missed="5" covered="28"/><counter type="CLASS" missed="0" covered="1"/></class><class name="com/groupc/game2/Wall"><method name="&lt;init&gt;" desc="(FF)V"><counter type="INSTRUCTION" missed="0" covered="7"/><counter type="COMPLEXITY" missed="0" covered="1"/><counter type="METHOD" missed="0" covered="1"/></method><counter type="INSTRUCTION" missed="0" covered="7"/><counter type="COMPLEXITY" missed="0" covered="1"/><counter type="METHOD" missed="0" covered="1"/><counter type="CLASS" missed="0" covered="1"/></class><class name="com/groupc/game2/Gem"><method name="&lt;init&gt;" desc="(FF)V"><counter type="INSTRUCTION" missed="0" covered="10"/><counter type="COMPLEXITY" missed="0" covered="1"/><counter type="METHOD" missed="0" covered="1"/></method><method name="isActive" desc="()Z"><counter type="INSTRUCTION" missed="0" covered="3"/><counter type="COMPLEXITY" missed="0" covered="1"/><counter type="METHOD" missed="0" covered="1"/></method><method name="setActive" desc="(Z)V"><counter type="INSTRUCTION" missed="0" covered="4"/><counter type="COMPLEXITY" missed="0" covered="1"/><counter type="METHOD" missed="0" covered="1"/></method><counter type="INSTRUCTION" missed="0" covered="17"/><counter type="COMPLEXITY" missed="0" covered="3"/><counter type="METHOD" missed="0" covered="3"/><counter type="CLASS" missed="0" covered="1"/></class><class name="com/groupc/game2/UDEnemy"><method name="&lt;init&gt;" desc="(FF)V"><counter type="INSTRUCTION" missed="10" covered="0"/><counter type="COMPLEXITY" missed="1" covered="0"/><counter type="METHOD" missed="1" covered="0"/></method><method name="collision" desc="(Lcom/groupc/game/GameObject;)V"><counter type="INSTRUCTION" missed="33" covered="0"/><counter type="BRANCH" missed="2" covered="0"/><counter type="COMPLEXITY" missed="2" covered="0"/><counter type="METHOD" missed="1" covered="0"/></method><counter type="INSTRUCTION" missed="43" covered="0"/><counter type="BRANCH" missed="2" covered="0"/><counter type="COMPLEXITY" missed="3" covered="0"/><counter type="METHOD" missed="2" covered="0"/><counter type="CLASS" missed="1" covered="0"/></class><class name="com/groupc/game2/Player"><method name="&lt;init&gt;" desc="(FF)V"><counter type="INSTRUCTION" missed="0" covered="13"/><counter type="COMPLEXITY" missed="0" covered="1"/><counter type="METHOD" missed="0" covered="1"/></method><method name="align" desc="()V"><counter type="INSTRUCTION" missed="25" covered="0"/><counter type="COMPLEXITY" missed="1" covered="0"/><counter type="METHOD" missed="1" covered="0"/></method><method name="update" desc="(F)V"><counter type="INSTRUCTION" missed="24" covered="5"/><counter type="BRANCH" missed="1" covered="1"/><counter type="COMPLEXITY" missed="1" covered="1"/><counter type="METHOD" missed="0" covered="1"/></method><method name="dig" desc="()Lcom/groupc/game2/PlayerDig;"><counter type="INSTRUCTION" missed="70" covered="0"/><counter type="BRANCH" missed="8" covered="0"/><counter type="COMPLEXITY" missed="5" covered="0"/><counter type="METHOD" missed="1" covered="0"/></method><method name="setDirection" desc="(Lcom/groupc/math/Vector;)V"><counter type="INSTRUCTION" missed="0" covered="43"/><counter type="BRANCH" missed="1" covered="7"/><counter type="COMPLEXITY" missed="1" covered="4"/><counter type="METHOD" missed="0" covered="1"/></method><method name="hitWall" desc="(Lcom/groupc/game/GameObject;)V"><counter type="INSTRUCTION" missed="68" covered="0"/><counter type="BRANCH" missed="8" covered="0"/><counter type="COMPLEXITY" missed="5" covered="0"/><counter type="METHOD" missed="1" covered="0"/></method><method name="hitPit" desc="(Lcom/groupc/game2/Pit;)V"><counter type="INSTRUCTION" missed="71" covered="0"/><counter type="BRANCH" missed="8" covered="0"/><counter type="COMPLEXITY" missed="5" covered="0"/><counter type="METHOD" missed="1" covered="0"/></method><method name="getState" desc="()I"><counter type="INSTRUCTION" missed="3" covered="0"/><counter type="COMPLEXITY" missed="1" covered="0"/><counter type="METHOD" missed="1" covered="0"/></method><method name="setState" desc="(I)V"><counter type="INSTRUCTION" missed="4" covered="0"/><counter type="COMPLEXITY" missed="1" covered="0"/><counter type="METHOD" missed="1" covered="0"/></method><method name="getLastDirection" desc="()I"><counter type="INSTRUCTION" missed="0" covered="3"/><counter type="COMPLEXITY" missed="0" covered="1"/><counter type="METHOD" missed="0" covered="1"/></method><counter type="INSTRUCTION" missed="265" covered="64"/><counter type="BRANCH" missed="26" covered="8"/><counter type="COMPLEXITY" missed="20" covered="7"/><counter type="METHOD" missed="6" covered="4"/><counter type="CLASS" missed="0" covered="1"/></class><class name="com/groupc/game2/PlayerDig"><method name="&lt;init&gt;" desc="(FF)V"><counter type="INSTRUCTION" missed="0" covered="10"/><counter type="COMPLEXITY" missed="0" covered="1"/><counter type="METHOD" missed="0" covered="1"/></method><method name="update" desc="(F)V"><counter type="INSTRUCTION" missed="4" covered="29"/><counter type="BRANCH" missed="1" covered="1"/><counter type="COMPLEXITY" missed="1" covered="1"/><counter type="METHOD" missed="0" covered="1"/></method><method name="reset" desc="()V"><counter type="INSTRUCTION" missed="4" covered="0"/><counter type="COMPLEXITY" missed="1" covered="0"/><counter type="METHOD" missed="1" covered="0"/></method><counter type="INSTRUCTION" missed="8" covered="39"/><counter type="BRANCH" missed="1" covered="1"/><counter type="COMPLEXITY" missed="2" covered="2"/><counter type="METHOD" missed="1" covered="2"/><counter type="CLASS" missed="0" covered="1"/></class><class name="com/groupc/game2/Goal"><method name="&lt;init&gt;" desc="(FF)V"><counter type="INSTRUCTION" missed="0" covered="7"/><counter type="COMPLEXITY" missed="0" covered="1"/><counter type="METHOD" missed="0" covered="1"/></method><counter type="INSTRUCTION" missed="0" covered="7"/><counter type="COMPLEXITY" missed="0" covered="1"/><counter type="METHOD" missed="0" covered="1"/><counter type="CLASS" missed="0" covered="1"/></class><class name="com/groupc/game2/Game2Assets"><method name="&lt;init&gt;" desc="()V"><counter type="INSTRUCTION" missed="0" covered="3"/><counter type="COMPLEXITY" missed="0" covered="1"/><counter type="METHOD" missed="0" covered="1"/></method><method name="load" desc="()V"><counter type="INSTRUCTION" missed="3" covered="242"/><counter type="COMPLEXITY" missed="0" covered="1"/><counter type="METHOD" missed="0" covered="1"/></method><method name="reload" desc="()V"><counter type="INSTRUCTION" missed="41" covered="23"/><counter type="BRANCH" missed="1" covered="1"/><counter type="COMPLEXITY" missed="1" covered="1"/><counter type="METHOD" missed="0" covered="1"/></method><counter type="INSTRUCTION" missed="44" covered="268"/><counter type="BRANCH" missed="1" covered="1"/><counter type="COMPLEXITY" missed="1" covered="3"/><counter type="METHOD" missed="0" covered="3"/><counter type="CLASS" missed="0" covered="1"/></class><class name="com/groupc/game2/Enemy"><method name="&lt;init&gt;" desc="(FF)V"><counter type="INSTRUCTION" missed="0" covered="7"/><counter type="COMPLEXITY" missed="0" covered="1"/><counter type="METHOD" missed="0" covered="1"/></method><method name="update" desc="(F)V"><counter type="INSTRUCTION" missed="0" covered="25"/><counter type="COMPLEXITY" missed="0" covered="1"/><counter type="METHOD" missed="0" covered="1"/></method><counter type="INSTRUCTION" missed="0" covered="32"/><counter type="COMPLEXITY" missed="0" covered="2"/><counter type="METHOD" missed="0" covered="2"/><counter type="CLASS" missed="0" covered="1"/></class><counter type="INSTRUCTION" missed="1418" covered="1255"/><counter type="BRANCH" missed="154" covered="62"/><counter type="COMPLEXITY" missed="116" covered="68"/><counter type="METHOD" missed="24" covered="52"/><counter type="CLASS" missed="3" covered="11"/></package><package name="com/groupc/screens"><class name="com/groupc/screens/NavigationBar$4"><method name="&lt;init&gt;" desc="(Lcom/groupc/screens/NavigationBar;)V"><counter type="INSTRUCTION" missed="0" covered="6"/><counter type="COMPLEXITY" missed="0" covered="1"/><counter type="METHOD" missed="0" covered="1"/></method><method name="actionPerformed" desc="(Ljava/awt/event/ActionEvent;)V"><counter type="INSTRUCTION" missed="5" covered="0"/><counter type="COMPLEXITY" missed="1" covered="0"/><counter type="METHOD" missed="1" covered="0"/></method><counter type="INSTRUCTION" missed="5" covered="6"/><counter type="COMPLEXITY" missed="1" covered="1"/><counter type="METHOD" missed="1" covered="1"/><counter type="CLASS" missed="0" covered="1"/></class><class name="com/groupc/screens/NavigationBar$2"><method name="&lt;init&gt;" desc="(Lcom/groupc/screens/NavigationBar;)V"><counter type="INSTRUCTION" missed="0" covered="6"/><counter type="COMPLEXITY" missed="0" covered="1"/><counter type="METHOD" missed="0" covered="1"/></method><method name="actionPerformed" desc="(Ljava/awt/event/ActionEvent;)V"><counter type="INSTRUCTION" missed="6" covered="0"/><counter type="COMPLEXITY" missed="1" covered="0"/><counter type="METHOD" missed="1" covered="0"/></method><counter type="INSTRUCTION" missed="6" covered="6"/><counter type="COMPLEXITY" missed="1" covered="1"/><counter type="METHOD" missed="1" covered="1"/><counter type="CLASS" missed="0" covered="1"/></class><class name="com/groupc/screens/NavigationBar$3"><method name="&lt;init&gt;" desc="(Lcom/groupc/screens/NavigationBar;)V"><counter type="INSTRUCTION" missed="0" covered="6"/><counter type="COMPLEXITY" missed="0" covered="1"/><counter type="METHOD" missed="0" covered="1"/></method><method name="actionPerformed" desc="(Ljava/awt/event/ActionEvent;)V"><counter type="INSTRUCTION" missed="6" covered="0"/><counter type="COMPLEXITY" missed="1" covered="0"/><counter type="METHOD" missed="1" covered="0"/></method><counter type="INSTRUCTION" missed="6" covered="6"/><counter type="COMPLEXITY" missed="1" covered="1"/><counter type="METHOD" missed="1" covered="1"/><counter type="CLASS" missed="0" covered="1"/></class><class name="com/groupc/screens/NavigationBar$1"><method name="&lt;init&gt;" desc="(Lcom/groupc/screens/NavigationBar;)V"><counter type="INSTRUCTION" missed="0" covered="6"/><counter type="COMPLEXITY" missed="0" covered="1"/><counter type="METHOD" missed="0" covered="1"/></method><method name="actionPerformed" desc="(Ljava/awt/event/ActionEvent;)V"><counter type="INSTRUCTION" missed="0" covered="6"/><counter type="COMPLEXITY" missed="0" covered="1"/><counter type="METHOD" missed="0" covered="1"/></method><counter type="INSTRUCTION" missed="0" covered="12"/><counter type="COMPLEXITY" missed="0" covered="2"/><counter type="METHOD" missed="0" covered="2"/><counter type="CLASS" missed="0" covered="1"/></class><class name="com/groupc/screens/Game4Screen$1"><method name="&lt;init&gt;" desc="(Lcom/groupc/screens/Game4Screen;)V"><counter type="INSTRUCTION" missed="6" covered="0"/><counter type="COMPLEXITY" missed="1" covered="0"/><counter type="METHOD" missed="1" covered="0"/></method><method name="componentResized" desc="(Ljava/awt/event/ComponentEvent;)V"><counter type="INSTRUCTION" missed="5" covered="0"/><counter type="COMPLEXITY" missed="1" covered="0"/><counter type="METHOD" missed="1" covered="0"/></method><counter type="INSTRUCTION" missed="11" covered="0"/><counter type="COMPLEXITY" missed="2" covered="0"/><counter type="METHOD" missed="2" covered="0"/><counter type="CLASS" missed="1" covered="0"/></class><class name="com/groupc/screens/GameHubScreen$1"><method name="&lt;init&gt;" desc="(Lcom/groupc/screens/GameHubScreen;)V"><counter type="INSTRUCTION" missed="0" covered="6"/><counter type="COMPLEXITY" missed="0" covered="1"/><counter type="METHOD" missed="0" covered="1"/></method><method name="componentResized" desc="(Ljava/awt/event/ComponentEvent;)V"><counter type="INSTRUCTION" missed="6" covered="0"/><counter type="COMPLEXITY" missed="1" covered="0"/><counter type="METHOD" missed="1" covered="0"/></method><counter type="INSTRUCTION" missed="6" covered="6"/><counter type="COMPLEXITY" missed="1" covered="1"/><counter type="METHOD" missed="1" covered="1"/><counter type="CLASS" missed="0" covered="1"/></class><class name="com/groupc/screens/Game2Screen"><method name="&lt;init&gt;" desc="(Lcom/groupc/Runner;)V"><counter type="INSTRUCTION" missed="113" covered="0"/><counter type="COMPLEXITY" missed="1" covered="0"/><counter type="METHOD" missed="1" covered="0"/></method><method name="update" desc="(F)V"><counter type="INSTRUCTION" missed="67" covered="0"/><counter type="BRANCH" missed="8" covered="0"/><counter type="COMPLEXITY" missed="5" covered="0"/><counter type="METHOD" missed="1" covered="0"/></method><method name="present" desc="(F)V"><counter type="INSTRUCTION" missed="7" covered="0"/><counter type="COMPLEXITY" missed="1" covered="0"/><counter type="METHOD" missed="1" covered="0"/></method><method name="pause" desc="()V"><counter type="INSTRUCTION" missed="1" covered="0"/><counter type="COMPLEXITY" missed="1" covered="0"/><counter type="METHOD" missed="1" covered="0"/></method><method name="resume" desc="()V"><counter type="INSTRUCTION" missed="1" covered="0"/><counter type="COMPLEXITY" missed="1" covered="0"/><counter type="METHOD" missed="1" covered="0"/></method><method name="dispose" desc="()V"><counter type="INSTRUCTION" missed="1" covered="0"/><counter type="COMPLEXITY" missed="1" covered="0"/><counter type="METHOD" missed="1" covered="0"/></method><counter type="INSTRUCTION" missed="190" covered="0"/><counter type="BRANCH" missed="8" covered="0"/><counter type="COMPLEXITY" missed="10" covered="0"/><counter type="METHOD" missed="6" covered="0"/><counter type="CLASS" missed="1" covered="0"/></class><class name="com/groupc/screens/GameHubScreen$3"><method name="&lt;init&gt;" desc="(Lcom/groupc/screens/GameHubScreen;)V"><counter type="INSTRUCTION" missed="0" covered="6"/><counter type="COMPLEXITY" missed="0" covered="1"/><counter type="METHOD" missed="0" covered="1"/></method><method name="actionPerformed" desc="(Ljava/awt/event/ActionEvent;)V"><counter type="INSTRUCTION" missed="6" covered="0"/><counter type="COMPLEXITY" missed="1" covered="0"/><counter type="METHOD" missed="1" covered="0"/></method><counter type="INSTRUCTION" missed="6" covered="6"/><counter type="COMPLEXITY" missed="1" covered="1"/><counter type="METHOD" missed="1" covered="1"/><counter type="CLASS" missed="0" covered="1"/></class><class name="com/groupc/screens/GameHubScreen$2"><method name="&lt;init&gt;" desc="(Lcom/groupc/screens/GameHubScreen;)V"><counter type="INSTRUCTION" missed="0" covered="6"/><counter type="COMPLEXITY" missed="0" covered="1"/><counter type="METHOD" missed="0" covered="1"/></method><method name="actionPerformed" desc="(Ljava/awt/event/ActionEvent;)V"><counter type="INSTRUCTION" missed="6" covered="0"/><counter type="COMPLEXITY" missed="1" covered="0"/><counter type="METHOD" missed="1" covered="0"/></method><counter type="INSTRUCTION" missed="6" covered="6"/><counter type="COMPLEXITY" missed="1" covered="1"/><counter type="METHOD" missed="1" covered="1"/><counter type="CLASS" missed="0" covered="1"/></class><class name="com/groupc/screens/GameHubScreen$5"><method name="&lt;init&gt;" desc="(Lcom/groupc/screens/GameHubScreen;)V"><counter type="INSTRUCTION" missed="0" covered="6"/><counter type="COMPLEXITY" missed="0" covered="1"/><counter type="METHOD" missed="0" covered="1"/></method><method name="actionPerformed" desc="(Ljava/awt/event/ActionEvent;)V"><counter type="INSTRUCTION" missed="6" covered="0"/><counter type="COMPLEXITY" missed="1" covered="0"/><counter type="METHOD" missed="1" covered="0"/></method><counter type="INSTRUCTION" missed="6" covered="6"/><counter type="COMPLEXITY" missed="1" covered="1"/><counter type="METHOD" missed="1" covered="1"/><counter type="CLASS" missed="0" covered="1"/></class><class name="com/groupc/screens/GameHubScreen$4"><method name="&lt;init&gt;" desc="(Lcom/groupc/screens/GameHubScreen;)V"><counter type="INSTRUCTION" missed="0" covered="6"/><counter type="COMPLEXITY" missed="0" covered="1"/><counter type="METHOD" missed="0" covered="1"/></method><method name="actionPerformed" desc="(Ljava/awt/event/ActionEvent;)V"><counter type="INSTRUCTION" missed="6" covered="0"/><counter type="COMPLEXITY" missed="1" covered="0"/><counter type="METHOD" missed="1" covered="0"/></method><counter type="INSTRUCTION" missed="6" covered="6"/><counter type="COMPLEXITY" missed="1" covered="1"/><counter type="METHOD" missed="1" covered="1"/><counter type="CLASS" missed="0" covered="1"/></class><class name="com/groupc/screens/GameHubScreen$6"><method name="&lt;init&gt;" desc="(Lcom/groupc/screens/GameHubScreen;)V"><counter type="INSTRUCTION" missed="0" covered="6"/><counter type="COMPLEXITY" missed="0" covered="1"/><counter type="METHOD" missed="0" covered="1"/></method><method name="actionPerformed" desc="(Ljava/awt/event/ActionEvent;)V"><counter type="INSTRUCTION" missed="6" covered="0"/><counter type="COMPLEXITY" missed="1" covered="0"/><counter type="METHOD" missed="1" covered="0"/></method><counter type="INSTRUCTION" missed="6" covered="6"/><counter type="COMPLEXITY" missed="1" covered="1"/><counter type="METHOD" missed="1" covered="1"/><counter type="CLASS" missed="0" covered="1"/></class><class name="com/groupc/screens/TutorialScreen$2"><method name="&lt;init&gt;" desc="(Lcom/groupc/screens/TutorialScreen;)V"><counter type="INSTRUCTION" missed="6" covered="0"/><counter type="COMPLEXITY" missed="1" covered="0"/><counter type="METHOD" missed="1" covered="0"/></method><method name="actionPerformed" desc="(Ljava/awt/event/ActionEvent;)V"><counter type="INSTRUCTION" missed="5" covered="0"/><counter type="COMPLEXITY" missed="1" covered="0"/><counter type="METHOD" missed="1" covered="0"/></method><counter type="INSTRUCTION" missed="11" covered="0"/><counter type="COMPLEXITY" missed="2" covered="0"/><counter type="METHOD" missed="2" covered="0"/><counter type="CLASS" missed="1" covered="0"/></class><class name="com/groupc/screens/TutorialScreen$1"><method name="&lt;init&gt;" desc="(Lcom/groupc/screens/TutorialScreen;)V"><counter type="INSTRUCTION" missed="6" covered="0"/><counter type="COMPLEXITY" missed="1" covered="0"/><counter type="METHOD" missed="1" covered="0"/></method><method name="componentResized" desc="(Ljava/awt/event/ComponentEvent;)V"><counter type="INSTRUCTION" missed="5" covered="0"/><counter type="COMPLEXITY" missed="1" covered="0"/><counter type="METHOD" missed="1" covered="0"/></method><counter type="INSTRUCTION" missed="11" covered="0"/><counter type="COMPLEXITY" missed="2" covered="0"/><counter type="METHOD" missed="2" covered="0"/><counter type="CLASS" missed="1" covered="0"/></class><class name="com/groupc/screens/TutorialScreen$4"><method name="&lt;init&gt;" desc="(Lcom/groupc/screens/TutorialScreen;)V"><counter type="INSTRUCTION" missed="6" covered="0"/><counter type="COMPLEXITY" missed="1" covered="0"/><counter type="METHOD" missed="1" covered="0"/></method><method name="actionPerformed" desc="(Ljava/awt/event/ActionEvent;)V"><counter type="INSTRUCTION" missed="5" covered="0"/><counter type="COMPLEXITY" missed="1" covered="0"/><counter type="METHOD" missed="1" covered="0"/></method><counter type="INSTRUCTION" missed="11" covered="0"/><counter type="COMPLEXITY" missed="2" covered="0"/><counter type="METHOD" missed="2" covered="0"/><counter type="CLASS" missed="1" covered="0"/></class><class name="com/groupc/screens/TutorialScreen$3"><method name="&lt;init&gt;" desc="(Lcom/groupc/screens/TutorialScreen;)V"><counter type="INSTRUCTION" missed="6" covered="0"/><counter type="COMPLEXITY" missed="1" covered="0"/><counter type="METHOD" missed="1" covered="0"/></method><method name="actionPerformed" desc="(Ljava/awt/event/ActionEvent;)V"><counter type="INSTRUCTION" missed="5" covered="0"/><counter type="COMPLEXITY" missed="1" covered="0"/><counter type="METHOD" missed="1" covered="0"/></method><counter type="INSTRUCTION" missed="11" covered="0"/><counter type="COMPLEXITY" missed="2" covered="0"/><counter type="METHOD" missed="2" covered="0"/><counter type="CLASS" missed="1" covered="0"/></class><class name="com/groupc/screens/AccountCreationScreen"><method name="&lt;init&gt;" desc="(Lcom/groupc/Runner;)V"><counter type="INSTRUCTION" missed="0" covered="279"/><counter type="COMPLEXITY" missed="0" covered="1"/><counter type="METHOD" missed="0" covered="1"/></method><method name="setPatientDoctor" desc="(Ljava/lang/String;)V"><counter type="INSTRUCTION" missed="16" covered="10"/><counter type="BRANCH" missed="1" covered="1"/><counter type="COMPLEXITY" missed="1" covered="1"/><counter type="METHOD" missed="0" covered="1"/></method><method name="update" desc="(F)V"><counter type="INSTRUCTION" missed="710" covered="0"/><counter type="BRANCH" missed="6" covered="0"/><counter type="COMPLEXITY" missed="4" covered="0"/><counter type="METHOD" missed="1" covered="0"/></method><method name="present" desc="(F)V"><counter type="INSTRUCTION" missed="1" covered="0"/><counter type="COMPLEXITY" missed="1" covered="0"/><counter type="METHOD" missed="1" covered="0"/></method><method name="pause" desc="()V"><counter type="INSTRUCTION" missed="1" covered="0"/><counter type="COMPLEXITY" missed="1" covered="0"/><counter type="METHOD" missed="1" covered="0"/></method><method name="resume" desc="()V"><counter type="INSTRUCTION" missed="1" covered="0"/><counter type="COMPLEXITY" missed="1" covered="0"/><counter type="METHOD" missed="1" covered="0"/></method><method name="dispose" desc="()V"><counter type="INSTRUCTION" missed="1" covered="0"/><counter type="COMPLEXITY" missed="1" covered="0"/><counter type="METHOD" missed="1" covered="0"/></method><method name="addCurrentPatient" desc="()V"><counter type="INSTRUCTION" missed="125" covered="0"/><counter type="BRANCH" missed="2" covered="0"/><counter type="COMPLEXITY" missed="2" covered="0"/><counter type="METHOD" missed="1" covered="0"/></method><method name="checkContents" desc="()Z"><counter type="INSTRUCTION" missed="101" covered="0"/><counter type="BRANCH" missed="16" covered="0"/><counter type="COMPLEXITY" missed="9" covered="0"/><counter type="METHOD" missed="1" covered="0"/></method><counter type="INSTRUCTION" missed="956" covered="289"/><counter type="BRANCH" missed="25" covered="1"/><counter type="COMPLEXITY" missed="20" covered="2"/><counter type="METHOD" missed="7" covered="2"/><counter type="CLASS" missed="0" covered="1"/></class><class name="com/groupc/screens/DoctorScreen$2"><method name="&lt;init&gt;" desc="(Lcom/groupc/screens/DoctorScreen;)V"><counter type="INSTRUCTION" missed="0" covered="6"/><counter type="COMPLEXITY" missed="0" covered="1"/><counter type="METHOD" missed="0" covered="1"/></method><method name="actionPerformed" desc="(Ljava/awt/event/ActionEvent;)V"><counter type="INSTRUCTION" missed="5" covered="0"/><counter type="COMPLEXITY" missed="1" covered="0"/><counter type="METHOD" missed="1" covered="0"/></method><counter type="INSTRUCTION" missed="5" covered="6"/><counter type="COMPLEXITY" missed="1" covered="1"/><counter type="METHOD" missed="1" covered="1"/><counter type="CLASS" missed="0" covered="1"/></class><class name="com/groupc/screens/DoctorScreen$1"><method name="&lt;init&gt;" desc="(Lcom/groupc/screens/DoctorScreen;)V"><counter type="INSTRUCTION" missed="0" covered="6"/><counter type="COMPLEXITY" missed="0" covered="1"/><counter type="METHOD" missed="0" covered="1"/></method><method name="componentResized" desc="(Ljava/awt/event/ComponentEvent;)V"><counter type="INSTRUCTION" missed="5" covered="0"/><counter type="COMPLEXITY" missed="1" covered="0"/><counter type="METHOD" missed="1" covered="0"/></method><counter type="INSTRUCTION" missed="5" covered="6"/><counter type="COMPLEXITY" missed="1" covered="1"/><counter type="METHOD" missed="1" covered="1"/><counter type="CLASS" missed="0" covered="1"/></class><class name="com/groupc/screens/AccountCreationScreen$1"><method name="&lt;init&gt;" desc="(Lcom/groupc/screens/AccountCreationScreen;)V"><counter type="INSTRUCTION" missed="0" covered="6"/><counter type="COMPLEXITY" missed="0" covered="1"/><counter type="METHOD" missed="0" covered="1"/></method><method name="componentResized" desc="(Ljava/awt/event/ComponentEvent;)V"><counter type="INSTRUCTION" missed="5" covered="0"/><counter type="COMPLEXITY" missed="1" covered="0"/><counter type="METHOD" missed="1" covered="0"/></method><counter type="INSTRUCTION" missed="5" covered="6"/><counter type="COMPLEXITY" missed="1" covered="1"/><counter type="METHOD" missed="1" covered="1"/><counter type="CLASS" missed="0" covered="1"/></class><class name="com/groupc/screens/AccountCreationScreen$2"><method name="&lt;init&gt;" desc="(Lcom/groupc/screens/AccountCreationScreen;)V"><counter type="INSTRUCTION" missed="0" covered="6"/><counter type="COMPLEXITY" missed="0" covered="1"/><counter type="METHOD" missed="0" covered="1"/></method><method name="actionPerformed" desc="(Ljava/awt/event/ActionEvent;)V"><counter type="INSTRUCTION" missed="4" covered="0"/><counter type="COMPLEXITY" missed="1" covered="0"/><counter type="METHOD" missed="1" covered="0"/></method><counter type="INSTRUCTION" missed="4" covered="6"/><counter type="COMPLEXITY" missed="1" covered="1"/><counter type="METHOD" missed="1" covered="1"/><counter type="CLASS" missed="0" covered="1"/></class><class name="com/groupc/screens/ParentControlsScreen"><method name="&lt;init&gt;" desc="(Lcom/groupc/Runner;)V"><counter type="INSTRUCTION" missed="423" covered="0"/><counter type="COMPLEXITY" missed="1" covered="0"/><counter type="METHOD" missed="1" covered="0"/></method><method name="update" desc="(F)V"><counter type="INSTRUCTION" missed="968" covered="0"/><counter type="BRANCH" missed="8" covered="0"/><counter type="COMPLEXITY" missed="5" covered="0"/><counter type="METHOD" missed="1" covered="0"/></method><method name="present" desc="(F)V"><counter type="INSTRUCTION" missed="1" covered="0"/><counter type="COMPLEXITY" missed="1" covered="0"/><counter type="METHOD" missed="1" covered="0"/></method><method name="pause" desc="()V"><counter type="INSTRUCTION" missed="1" covered="0"/><counter type="COMPLEXITY" missed="1" covered="0"/><counter type="METHOD" missed="1" covered="0"/></method><method name="resume" desc="()V"><counter type="INSTRUCTION" missed="1" covered="0"/><counter type="COMPLEXITY" missed="1" covered="0"/><counter type="METHOD" missed="1" covered="0"/></method><method name="dispose" desc="()V"><counter type="INSTRUCTION" missed="1" covered="0"/><counter type="COMPLEXITY" missed="1" covered="0"/><counter type="METHOD" missed="1" covered="0"/></method><method name="saveInfo" desc="()V"><counter type="INSTRUCTION" missed="1" covered="0"/><counter type="COMPLEXITY" missed="1" covered="0"/><counter type="METHOD" missed="1" covered="0"/></method><method name="checkPin" desc="()V"><counter type="INSTRUCTION" missed="7" covered="0"/><counter type="COMPLEXITY" missed="1" covered="0"/><counter type="METHOD" missed="1" covered="0"/></method><method name="enableControls" desc="(Z)V"><counter type="INSTRUCTION" missed="85" covered="0"/><counter type="COMPLEXITY" missed="1" covered="0"/><counter type="METHOD" missed="1" covered="0"/></method><method name="enablePin" desc="(Z)V"><counter type="INSTRUCTION" missed="21" covered="0"/><counter type="COMPLEXITY" missed="1" covered="0"/><counter type="METHOD" missed="1" covered="0"/></method><counter type="INSTRUCTION" missed="1509" covered="0"/><counter type="BRANCH" missed="8" covered="0"/><counter type="COMPLEXITY" missed="14" covered="0"/><counter type="METHOD" missed="10" covered="0"/><counter type="CLASS" missed="1" covered="0"/></class><class name="com/groupc/screens/AccountScreen"><method name="&lt;init&gt;" desc="(Lcom/groupc/Runner;)V"><counter type="INSTRUCTION" missed="40" covered="0"/><counter type="COMPLEXITY" missed="1" covered="0"/><counter type="METHOD" missed="1" covered="0"/></method><method name="update" desc="(F)V"><counter type="INSTRUCTION" missed="44" covered="0"/><counter type="BRANCH" missed="6" covered="0"/><counter type="COMPLEXITY" missed="4" covered="0"/><counter type="METHOD" missed="1" covered="0"/></method><method name="present" desc="(F)V"><counter type="INSTRUCTION" missed="1" covered="0"/><counter type="COMPLEXITY" missed="1" covered="0"/><counter type="METHOD" missed="1" covered="0"/></method><method name="pause" desc="()V"><counter type="INSTRUCTION" missed="1" covered="0"/><counter type="COMPLEXITY" missed="1" covered="0"/><counter type="METHOD" missed="1" covered="0"/></method><method name="resume" desc="()V"><counter type="INSTRUCTION" missed="1" covered="0"/><counter type="COMPLEXITY" missed="1" covered="0"/><counter type="METHOD" missed="1" covered="0"/></method><method name="dispose" desc="()V"><counter type="INSTRUCTION" missed="1" covered="0"/><counter type="COMPLEXITY" missed="1" covered="0"/><counter type="METHOD" missed="1" covered="0"/></method><counter type="INSTRUCTION" missed="88" covered="0"/><counter type="BRANCH" missed="6" covered="0"/><counter type="COMPLEXITY" missed="9" covered="0"/><counter type="METHOD" missed="6" covered="0"/><counter type="CLASS" missed="1" covered="0"/></class><class name="com/groupc/screens/LoginScreen"><method name="&lt;init&gt;" desc="(Lcom/groupc/Runner;)V"><counter type="INSTRUCTION" missed="5" covered="286"/><counter type="BRANCH" missed="1" covered="1"/><counter type="COMPLEXITY" missed="1" covered="1"/><counter type="METHOD" missed="0" covered="1"/></method><method name="hasNotTakenReadings" desc="(Ljava/lang/String;)Z"><counter type="INSTRUCTION" missed="5" covered="125"/><counter type="BRANCH" missed="2" covered="8"/><counter type="COMPLEXITY" missed="2" covered="4"/><counter type="METHOD" missed="0" covered="1"/></method><method name="update" desc="(F)V"><counter type="INSTRUCTION" missed="9" covered="544"/><counter type="BRANCH" missed="2" covered="6"/><counter type="COMPLEXITY" missed="2" covered="3"/><counter type="METHOD" missed="0" covered="1"/></method><method name="present" desc="(F)V"><counter type="INSTRUCTION" missed="0" covered="1"/><counter type="COMPLEXITY" missed="0" covered="1"/><counter type="METHOD" missed="0" covered="1"/></method><method name="pause" desc="()V"><counter type="INSTRUCTION" missed="0" covered="1"/><counter type="COMPLEXITY" missed="0" covered="1"/><counter type="METHOD" missed="0" covered="1"/></method><method name="resume" desc="()V"><counter type="INSTRUCTION" missed="0" covered="1"/><counter type="COMPLEXITY" missed="0" covered="1"/><counter type="METHOD" missed="0" covered="1"/></method><method name="dispose" desc="()V"><counter type="INSTRUCTION" missed="0" covered="1"/><counter type="COMPLEXITY" missed="0" covered="1"/><counter type="METHOD" missed="0" covered="1"/></method><method name="checkLogin" desc="()V"><counter type="INSTRUCTION" missed="34" covered="194"/><counter type="BRANCH" missed="5" covered="17"/><counter type="COMPLEXITY" missed="5" covered="7"/><counter type="METHOD" missed="0" covered="1"/></method><counter type="INSTRUCTION" missed="53" covered="1153"/><counter type="BRANCH" missed="10" covered="32"/><counter type="COMPLEXITY" missed="10" covered="19"/><counter type="METHOD" missed="0" covered="8"/><counter type="CLASS" missed="0" covered="1"/></class><class name="com/groupc/screens/Screen"><method name="&lt;init&gt;" desc="(Lcom/groupc/Runner;)V"><counter type="INSTRUCTION" missed="0" covered="12"/><counter type="COMPLEXITY" missed="0" covered="1"/><counter type="METHOD" missed="0" covered="1"/></method><counter type="INSTRUCTION" missed="0" covered="12"/><counter type="COMPLEXITY" missed="0" covered="1"/><counter type="METHOD" missed="0" covered="1"/><counter type="CLASS" missed="0" covered="1"/></class><class name="com/groupc/screens/Game1Screen$1"><method name="&lt;init&gt;" desc="(Lcom/groupc/screens/Game1Screen;)V"><counter type="INSTRUCTION" missed="6" covered="0"/><counter type="COMPLEXITY" missed="1" covered="0"/><counter type="METHOD" missed="1" covered="0"/></method><method name="componentResized" desc="(Ljava/awt/event/ComponentEvent;)V"><counter type="INSTRUCTION" missed="5" covered="0"/><counter type="COMPLEXITY" missed="1" covered="0"/><counter type="METHOD" missed="1" covered="0"/></method><counter type="INSTRUCTION" missed="11" covered="0"/><counter type="COMPLEXITY" missed="2" covered="0"/><counter type="METHOD" missed="2" covered="0"/><counter type="CLASS" missed="1" covered="0"/></class><class name="com/groupc/screens/RecordingScreen"><method name="&lt;init&gt;" desc="(Lcom/groupc/Runner;)V"><counter type="INSTRUCTION" missed="178" covered="0"/><counter type="COMPLEXITY" missed="1" covered="0"/><counter type="METHOD" missed="1" covered="0"/></method><method name="setPatient" desc="(Ljava/lang/String;)V"><counter type="INSTRUCTION
[...]
r type="BRANCH" missed="2" covered="0"/><counter type="COMPLEXITY" missed="2" covered="0"/><counter type="METHOD" missed="1" covered="0"/></method><method name="save" desc="()V"><counter type="INSTRUCTION" missed="1" covered="0"/><counter type="COMPLEXITY" missed="1" covered="0"/><counter type="METHOD" missed="1" covered="0"/></method><method name="inputHandling" desc="()V"><counter type="INSTRUCTION" missed="42" covered="0"/><counter type="BRANCH" missed="20" covered="0"/><counter type="COMPLEXITY" missed="11" covered="0"/><counter type="METHOD" missed="1" covered="0"/></method><method name="renderPlaying" desc="()V"><counter type="INSTRUCTION" missed="30" covered="0"/><counter type="COMPLEXITY" missed="1" covered="0"/><counter type="METHOD" missed="1" covered="0"/></method><method name="renderHud" desc="()V"><counter type="INSTRUCTION" missed="87" covered="0"/><counter type="COMPLEXITY" missed="1" covered="0"/><counter type="METHOD" missed="1" covered="0"/></method><method name="renderOver" desc="()V"><counter type="INSTRUCTION" missed="52" covered="0"/><counter type="COMPLEXITY" missed="1" covered="0"/><counter type="METHOD" missed="1" covered="0"/></method><method name="renderPaused" desc="()V"><counter type="INSTRUCTION" missed="33" covered="0"/><counter type="COMPLEXITY" missed="1" covered="0"/><counter type="METHOD" missed="1" covered="0"/></method><method name="present" desc="(F)V"><counter type="INSTRUCTION" missed="12" covered="0"/><counter type="BRANCH" missed="4" covered="0"/><counter type="COMPLEXITY" missed="4" covered="0"/><counter type="METHOD" missed="1" covered="0"/></method><method name="pause" desc="()V"><counter type="INSTRUCTION" missed="6" covered="0"/><counter type="COMPLEXITY" missed="1" covered="0"/><counter type="METHOD" missed="1" covered="0"/></method><method name="resume" desc="()V"><counter type="INSTRUCTION" missed="1" covered="0"/><counter type="COMPLEXITY" missed="1" covered="0"/><counter type="METHOD" missed="1" covered="0"/></method><method name="dispose" desc="()V"><counter type="INSTRUCTION" missed="6" covered="0"/><counter type="COMPLEXITY" missed="1" covered="0"/><counter type="METHOD" missed="1" covered="0"/></method><method name="getNext" desc="()Lcom/groupc/game/GameScreen;"><counter type="INSTRUCTION" missed="6" covered="0"/><counter type="COMPLEXITY" missed="1" covered="0"/><counter type="METHOD" missed="1" covered="0"/></method><counter type="INSTRUCTION" missed="304" covered="0"/><counter type="BRANCH" missed="26" covered="0"/><counter type="COMPLEXITY" missed="27" covered="0"/><counter type="METHOD" missed="13" covered="0"/><counter type="CLASS" missed="1" covered="0"/></class><class name="com/groupc/game4/MainMenu"><method name="&lt;init&gt;" desc="(Lcom/groupc/game/Asset;)V"><counter type="INSTRUCTION" missed="46" covered="0"/><counter type="COMPLEXITY" missed="1" covered="0"/><counter type="METHOD" missed="1" covered="0"/></method><method name="update" desc="(F)V"><counter type="INSTRUCTION" missed="38" covered="0"/><counter type="BRANCH" missed="6" covered="0"/><counter type="COMPLEXITY" missed="4" covered="0"/><counter type="METHOD" missed="1" covered="0"/></method><method name="present" desc="(F)V"><counter type="INSTRUCTION" missed="32" covered="0"/><counter type="COMPLEXITY" missed="1" covered="0"/><counter type="METHOD" missed="1" covered="0"/></method><method name="pause" desc="()V"><counter type="INSTRUCTION" missed="1" covered="0"/><counter type="COMPLEXITY" missed="1" covered="0"/><counter type="METHOD" missed="1" covered="0"/></method><method name="resume" desc="()V"><counter type="INSTRUCTION" missed="1" covered="0"/><counter type="COMPLEXITY" missed="1" covered="0"/><counter type="METHOD" missed="1" covered="0"/></method><method name="dispose" desc="()V"><counter type="INSTRUCTION" missed="4" covered="0"/><counter type="COMPLEXITY" missed="1" covered="0"/><counter type="METHOD" missed="1" covered="0"/></method><method name="getNext" desc="()Lcom/groupc/game/GameScreen;"><counter type="INSTRUCTION" missed="22" covered="0"/><counter type="BRANCH" missed="4" covered="0"/><counter type="COMPLEXITY" missed="3" covered="0"/><counter type="METHOD" missed="1" covered="0"/></method><counter type="INSTRUCTION" missed="144" covered="0"/><counter type="BRANCH" missed="10" covered="0"/><counter type="COMPLEXITY" missed="12" covered="0"/><counter type="METHOD" missed="7" covered="0"/><counter type="CLASS" missed="1" covered="0"/></class><counter type="INSTRUCTION" missed="663" covered="0"/><counter type="BRANCH" missed="42" covered="0"/><counter type="COMPLEXITY" missed="52" covered="0"/><counter type="METHOD" missed="30" covered="0"/><counter type="CLASS" missed="4" covered="0"/></package><package name="com/groupc"><class name="com/groupc/AudioPlayer"><method name="&lt;init&gt;" desc="()V"><counter type="INSTRUCTION" missed="3" covered="13"/><counter type="COMPLEXITY" missed="0" covered="1"/><counter type="METHOD" missed="0" covered="1"/></method><method name="playMusic" desc="(Z)Z"><counter type="INSTRUCTION" missed="0" covered="14"/><counter type="COMPLEXITY" missed="0" covered="1"/><counter type="METHOD" missed="0" covered="1"/></method><method name="pauseMusic" desc="()Z"><counter type="INSTRUCTION" missed="8" covered="0"/><counter type="COMPLEXITY" missed="1" covered="0"/><counter type="METHOD" missed="1" covered="0"/></method><method name="resume" desc="()Z"><counter type="INSTRUCTION" missed="8" covered="0"/><counter type="COMPLEXITY" missed="1" covered="0"/><counter type="METHOD" missed="1" covered="0"/></method><method name="loadSong" desc="(Ljava/lang/String;)Z"><counter type="INSTRUCTION" missed="5" covered="10"/><counter type="COMPLEXITY" missed="0" covered="1"/><counter type="METHOD" missed="0" covered="1"/></method><method name="getPausedMusic" desc="()Z"><counter type="INSTRUCTION" missed="0" covered="3"/><counter type="COMPLEXITY" missed="0" covered="1"/><counter type="METHOD" missed="0" covered="1"/></method><method name="playSound" desc="(I)Z"><counter type="INSTRUCTION" missed="19" covered="0"/><counter type="BRANCH" missed="2" covered="0"/><counter type="COMPLEXITY" missed="2" covered="0"/><counter type="METHOD" missed="1" covered="0"/></method><method name="getFileType" desc="(Ljava/lang/String;)Ljava/lang/String;"><counter type="INSTRUCTION" missed="0" covered="19"/><counter type="COMPLEXITY" missed="0" covered="1"/><counter type="METHOD" missed="0" covered="1"/></method><counter type="INSTRUCTION" missed="43" covered="59"/><counter type="BRANCH" missed="2" covered="0"/><counter type="COMPLEXITY" missed="4" covered="5"/><counter type="METHOD" missed="3" covered="5"/><counter type="CLASS" missed="0" covered="1"/></class><class name="com/groupc/Database"><method name="&lt;init&gt;" desc="()V"><counter type="INSTRUCTION" missed="3" covered="0"/><counter type="COMPLEXITY" missed="1" covered="0"/><counter type="METHOD" missed="1" covered="0"/></method><method name="getDoctor" desc="(Ljava/lang/String;Ljava/lang/String;)Z"><counter type="INSTRUCTION" missed="139" covered="19"/><counter type="BRANCH" missed="20" covered="2"/><counter type="COMPLEXITY" missed="11" covered="1"/><counter type="METHOD" missed="0" covered="1"/></method><method name="getPatient" desc="(Ljava/lang/String;Ljava/lang/String;)Z"><counter type="INSTRUCTION" missed="139" covered="22"/><counter type="BRANCH" missed="20" covered="2"/><counter type="COMPLEXITY" missed="11" covered="1"/><counter type="METHOD" missed="0" covered="1"/></method><method name="addPatient" desc="(Ljava/lang/String;Ljava/lang/String;Ljava/lang/String;Ljava/lang/String;Ljava/lang/String;Ljava/lang/String;)Z"><counter type="INSTRUCTION" missed="142" covered="0"/><counter type="BRANCH" missed="16" covered="0"/><counter type="COMPLEXITY" missed="9" covered="0"/><counter type="METHOD" missed="1" covered="0"/></method><method name="deletePatient" desc="(Ljava/lang/String;)Z"><counter type="INSTRUCTION" missed="112" covered="0"/><counter type="BRANCH" missed="16" covered="0"/><counter type="COMPLEXITY" missed="9" covered="0"/><counter type="METHOD" missed="1" covered="0"/></method><counter type="INSTRUCTION" missed="535" covered="41"/><counter type="BRANCH" missed="72" covered="4"/><counter type="COMPLEXITY" missed="41" covered="2"/><counter type="METHOD" missed="3" covered="2"/><counter type="CLASS" missed="0" covered="1"/></class><class name="com/groupc/TextDrawer"><method name="&lt;init&gt;" desc="()V"><counter type="INSTRUCTION" missed="3" covered="0"/><counter type="COMPLEXITY" missed="1" covered="0"/><counter type="METHOD" missed="1" covered="0"/></method><method name="prepare" desc="()V"><counter type="INSTRUCTION" missed="3" covered="779"/><counter type="COMPLEXITY" missed="0" covered="1"/><counter type="METHOD" missed="0" covered="1"/></method><method name="drawInt" desc="(IFFFFF)V"><counter type="INSTRUCTION" missed="0" covered="48"/><counter type="BRANCH" missed="0" covered="2"/><counter type="COMPLEXITY" missed="0" covered="2"/><counter type="METHOD" missed="0" covered="1"/></method><method name="drawString" desc="(Ljava/lang/String;FFFF)V"><counter type="INSTRUCTION" missed="0" covered="27"/><counter type="BRANCH" missed="0" covered="2"/><counter type="COMPLEXITY" missed="0" covered="2"/><counter type="METHOD" missed="0" covered="1"/></method><method name="drawChar" desc="(CLcom/groupc/math/Rectangle;)V"><counter type="INSTRUCTION" missed="0" covered="12"/><counter type="COMPLEXITY" missed="0" covered="1"/><counter type="METHOD" missed="0" covered="1"/></method><method name="drawStringinRect" desc="(Ljava/lang/String;Lcom/groupc/math/Rectangle;Ljava/lang/Boolean;)V"><counter type="INSTRUCTION" missed="6" covered="42"/><counter type="BRANCH" missed="1" covered="3"/><counter type="COMPLEXITY" missed="1" covered="2"/><counter type="METHOD" missed="0" covered="1"/></method><method name="drawStringinRect" desc="(Ljava/lang/String;Lcom/groupc/math/Rectangle;)V"><counter type="INSTRUCTION" missed="39" covered="0"/><counter type="BRANCH" missed="2" covered="0"/><counter type="COMPLEXITY" missed="2" covered="0"/><counter type="METHOD" missed="1" covered="0"/></method><method name="getChar" desc="(Ljava/lang/String;)Lcom/groupc/game/TextureRegion;"><counter type="INSTRUCTION" missed="0" covered="5"/><counter type="COMPLEXITY" missed="0" covered="1"/><counter type="METHOD" missed="0" covered="1"/></method><counter type="INSTRUCTION" missed="51" covered="913"/><counter type="BRANCH" missed="3" covered="7"/><counter type="COMPLEXITY" missed="4" covered="9"/><counter type="METHOD" missed="2" covered="6"/><counter type="CLASS" missed="0" covered="1"/></class><class name="com/groupc/Patient"><method name="&lt;init&gt;" desc="()V"><counter type="INSTRUCTION" missed="3" covered="0"/><counter type="COMPLEXITY" missed="1" covered="0"/><counter type="METHOD" missed="1" covered="0"/></method><counter type="INSTRUCTION" missed="3" covered="0"/><counter type="COMPLEXITY" missed="1" covered="0"/><counter type="METHOD" missed="1" covered="0"/><counter type="CLASS" missed="1" covered="0"/></class><class name="com/groupc/Tester"><method name="&lt;init&gt;" desc="()V"><counter type="INSTRUCTION" missed="3" covered="0"/><counter type="COMPLEXITY" missed="1" covered="0"/><counter type="METHOD" missed="1" covered="0"/></method><method name="main" desc="([Ljava/lang/String;)V"><counter type="INSTRUCTION" missed="1" covered="18"/><counter type="BRANCH" missed="1" covered="1"/><counter type="COMPLEXITY" missed="1" covered="1"/><counter type="METHOD" missed="0" covered="1"/></method><counter type="INSTRUCTION" missed="4" covered="18"/><counter type="BRANCH" missed="1" covered="1"/><counter type="COMPLEXITY" missed="2" covered="1"/><counter type="METHOD" missed="1" covered="1"/><counter type="CLASS" missed="0" covered="1"/></class><class name="com/groupc/Runner"><method name="&lt;init&gt;" desc="()V"><counter type="INSTRUCTION" missed="0" covered="40"/><counter type="COMPLEXITY" missed="0" covered="1"/><counter type="METHOD" missed="0" covered="1"/></method><method name="run" desc="()V"><counter type="INSTRUCTION" missed="5" covered="27"/><counter type="BRANCH" missed="1" covered="1"/><counter type="COMPLEXITY" missed="1" covered="1"/><counter type="METHOD" missed="0" covered="1"/></method><method name="setScreen" desc="(Lcom/groupc/screens/Screen;)V"><counter type="INSTRUCTION" missed="5" covered="17"/><counter type="BRANCH" missed="1" covered="1"/><counter type="COMPLEXITY" missed="1" covered="1"/><counter type="METHOD" missed="0" covered="1"/></method><method name="close" desc="()V"><counter type="INSTRUCTION" missed="0" covered="6"/><counter type="COMPLEXITY" missed="0" covered="1"/><counter type="METHOD" missed="0" covered="1"/></method><counter type="INSTRUCTION" missed="10" covered="90"/><counter type="BRANCH" missed="2" covered="2"/><counter type="COMPLEXITY" missed="2" covered="4"/><counter type="METHOD" missed="0" covered="4"/><counter type="CLASS" missed="0" covered="1"/></class><counter type="INSTRUCTION" missed="646" covered="1121"/><counter type="BRANCH" missed="80" covered="14"/><counter type="COMPLEXITY" missed="54" covered="21"/><counter type="METHOD" missed="10" covered="18"/><counter type="CLASS" missed="1" covered="5"/></package><package name="com/groupc/math"><class name="com/groupc/math/Vector"><method name="&lt;init&gt;" desc="()V"><counter type="INSTRUCTION" missed="0" covered="3"/><counter type="COMPLEXITY" missed="0" covered="1"/><counter type="METHOD" missed="0" covered="1"/></method><method name="&lt;init&gt;" desc="(FF)V"><counter type="INSTRUCTION" missed="0" covered="9"/><counter type="COMPLEXITY" missed="0" covered="1"/><counter type="METHOD" missed="0" covered="1"/></method><method name="set" desc="(FF)V"><counter type="INSTRUCTION" missed="0" covered="7"/><counter type="COMPLEXITY" missed="0" covered="1"/><counter type="METHOD" missed="0" covered="1"/></method><method name="set" desc="(Lcom/groupc/math/Vector;)V"><counter type="INSTRUCTION" missed="0" covered="9"/><counter type="COMPLEXITY" missed="0" covered="1"/><counter type="METHOD" missed="0" covered="1"/></method><method name="copy" desc="()Lcom/groupc/math/Vector;"><counter type="INSTRUCTION" missed="8" covered="0"/><counter type="COMPLEXITY" missed="1" covered="0"/><counter type="METHOD" missed="1" covered="0"/></method><method name="add" desc="(Lcom/groupc/math/Vector;)V"><counter type="INSTRUCTION" missed="0" covered="15"/><counter type="COMPLEXITY" missed="0" covered="1"/><counter type="METHOD" missed="0" covered="1"/></method><method name="add" desc="(FF)V"><counter type="INSTRUCTION" missed="0" covered="13"/><counter type="COMPLEXITY" missed="0" covered="1"/><counter type="METHOD" missed="0" covered="1"/></method><method name="sub" desc="(Lcom/groupc/math/Vector;)V"><counter type="INSTRUCTION" missed="15" covered="0"/><counter type="COMPLEXITY" missed="1" covered="0"/><counter type="METHOD" missed="1" covered="0"/></method><method name="sub" desc="(FF)Lcom/groupc/math/Vector;"><counter type="INSTRUCTION" missed="0" covered="12"/><counter type="COMPLEXITY" missed="0" covered="1"/><counter type="METHOD" missed="0" covered="1"/></method><method name="limit" desc="(Lcom/groupc/math/Vector;)Z"><counter type="INSTRUCTION" missed="40" covered="0"/><counter type="BRANCH" missed="8" covered="0"/><counter type="COMPLEXITY" missed="5" covered="0"/><counter type="METHOD" missed="1" covered="0"/></method><method name="mult" desc="(F)Lcom/groupc/math/Vector;"><counter type="INSTRUCTION" missed="0" covered="12"/><counter type="COMPLEXITY" missed="0" covered="1"/><counter type="METHOD" missed="0" covered="1"/></method><counter type="INSTRUCTION" missed="63" covered="80"/><counter type="BRANCH" missed="8" covered="0"/><counter type="COMPLEXITY" missed="7" covered="8"/><counter type="METHOD" missed="3" covered="8"/><counter type="CLASS" missed="0" covered="1"/></class><class name="com/groupc/math/Resize"><method name="&lt;init&gt;" desc="(Lcom/groupc/Runner;)V"><counter type="INSTRUCTION" missed="0" covered="6"/><counter type="COMPLEXITY" missed="0" covered="1"/><counter type="METHOD" missed="0" covered="1"/></method><method name="locationX" desc="(I)I"><counter type="INSTRUCTION" missed="6" covered="51"/><counter type="BRANCH" missed="1" covered="1"/><counter type="COMPLEXITY" missed="1" covered="1"/><counter type="METHOD" missed="0" covered="1"/></method><method name="locationY" desc="(I)I"><counter type="INSTRUCTION" missed="24" covered="32"/><counter type="BRANCH" missed="1" covered="1"/><counter type="COMPLEXITY" missed="1" covered="1"/><counter type="METHOD" missed="0" covered="1"/></method><method name="width" desc="(I)I"><counter type="INSTRUCTION" missed="6" covered="32"/><counter type="BRANCH" missed="1" covered="1"/><counter type="COMPLEXITY" missed="1" covered="1"/><counter type="METHOD" missed="0" covered="1"/></method><method name="height" desc="(I)I"><counter type="INSTRUCTION" missed="6" covered="32"/><counter type="BRANCH" missed="1" covered="1"/><counter type="COMPLEXITY" missed="1" covered="1"/><counter type="METHOD" missed="0" covered="1"/></method><method name="font" desc="(I)I"><counter type="INSTRUCTION" missed="6" covered="32"/><counter type="BRANCH" missed="1" covered="1"/><counter type="COMPLEXITY" missed="1" covered="1"/><counter type="METHOD" missed="0" covered="1"/></method><counter type="INSTRUCTION" missed="48" covered="185"/><counter type="BRANCH" missed="5" covered="5"/><counter type="COMPLEXITY" missed="5" covered="6"/><counter type="METHOD" missed="0" covered="6"/><counter type="CLASS" missed="0" covered="1"/></class><class name="com/groupc/math/CollisionChecker"><method name="&lt;init&gt;" desc="()V"><counter type="INSTRUCTION" missed="3" covered="0"/><counter type="COMPLEXITY" missed="1" covered="0"/><counter type="METHOD" missed="1" covered="0"/></method><method name="RectToRect" desc="(Lcom/groupc/math/Rectangle;Lcom/groupc/math/Rectangle;)Z"><counter type="INSTRUCTION" missed="0" covered="48"/><counter type="BRANCH" missed="0" covered="8"/><counter type="COMPLEXITY" missed="0" covered="5"/><counter type="METHOD" missed="0" covered="1"/></method><method name="PointToRect" desc="(Lcom/groupc/math/Vector;Lcom/groupc/math/Rectangle;)Z"><counter type="INSTRUCTION" missed="38" covered="0"/><counter type="BRANCH" missed="8" covered="0"/><counter type="COMPLEXITY" missed="5" covered="0"/><counter type="METHOD" missed="1" covered="0"/></method><method name="RectInside" desc="(Lcom/groupc/math/Rectangle;II)Z"><counter type="INSTRUCTION" missed="36" covered="0"/><counter type="BRANCH" missed="8" covered="0"/><counter type="COMPLEXITY" missed="5" covered="0"/><counter type="METHOD" missed="1" covered="0"/></method><counter type="INSTRUCTION" missed="77" covered="48"/><counter type="BRANCH" missed="16" covered="8"/><counter type="COMPLEXITY" missed="11" covered="5"/><counter type="METHOD" missed="3" covered="1"/><counter type="CLASS" missed="0" covered="1"/></class><class name="com/groupc/math/Rectangle"><method name="&lt;init&gt;" desc="(FFFF)V"><counter type="INSTRUCTION" missed="0" covered="16"/><counter type="COMPLEXITY" missed="0" covered="1"/><counter type="METHOD" missed="0" covered="1"/></method><counter type="INSTRUCTION" missed="0" covered="16"/><counter type="COMPLEXITY" missed="0" covered="1"/><counter type="METHOD" missed="0" covered="1"/><counter type="CLASS" missed="0" covered="1"/></class><counter type="INSTRUCTION" missed="188" covered="329"/><counter type="BRANCH" missed="29" covered="13"/><counter type="COMPLEXITY" missed="23" covered="20"/><counter type="METHOD" missed="6" covered="16"/><counter type="CLASS" missed="0" covered="4"/></package><counter type="INSTRUCTION" missed="11833" covered="7996"/><counter type="BRANCH" missed="788" covered="226"/><counter type="COMPLEXITY" missed="746" covered="265"/><counter type="METHOD" missed="279" covered="215"/><counter type="CLASS" missed="47" covered="64"/></report>